{"/Users/nitintulswani/Desktop/mathsteps/lib/Negative.js":{"path":"/Users/nitintulswani/Desktop/mathsteps/lib/Negative.js","s":{"1":1,"2":1,"3":1,"4":492,"5":5,"6":487,"7":365,"8":122,"9":15,"10":15,"11":15,"12":3,"13":107,"14":72,"15":72,"16":47,"17":1,"18":1758,"19":10,"20":10,"21":1748,"22":731,"23":1017,"24":73,"25":6,"26":67,"27":57,"28":954,"29":1,"30":731,"31":0,"32":731,"33":731,"34":731,"35":669,"36":62,"37":62,"38":13,"39":49,"40":4,"41":4,"42":4,"43":4,"44":45,"45":45,"46":0,"47":731,"48":1},"b":{"1":[5,487],"2":[365,122],"3":[15,107],"4":[3,12],"5":[15,15],"6":[3,0],"7":[72,35],"8":[10,1748],"9":[731,1017],"10":[73,944],"11":[6,67],"12":[57,10],"13":[0,731],"14":[669,62],"15":[13,49],"16":[4,45],"17":[0,45]},"f":{"1":492,"2":1758,"3":731},"fnMap":{"1":{"name":"(anonymous_1)","line":10,"loc":{"start":{"line":10,"column":22},"end":{"line":10,"column":37}}},"2":{"name":"(anonymous_2)","line":38,"loc":{"start":{"line":38,"column":18},"end":{"line":38,"column":46}}},"3":{"name":"(anonymous_3)","line":63,"loc":{"start":{"line":63,"column":32},"end":{"line":63,"column":60}}}},"statementMap":{"1":{"start":{"line":3,"column":0},"end":{"line":3,"column":31}},"2":{"start":{"line":5,"column":0},"end":{"line":5,"column":20}},"3":{"start":{"line":10,"column":0},"end":{"line":30,"column":2}},"4":{"start":{"line":11,"column":2},"end":{"line":27,"column":3}},"5":{"start":{"line":12,"column":4},"end":{"line":12,"column":46}},"6":{"start":{"line":14,"column":7},"end":{"line":27,"column":3}},"7":{"start":{"line":15,"column":4},"end":{"line":15,"column":38}},"8":{"start":{"line":17,"column":7},"end":{"line":27,"column":3}},"9":{"start":{"line":18,"column":4},"end":{"line":18,"column":58}},"10":{"start":{"line":19,"column":4},"end":{"line":19,"column":60}},"11":{"start":{"line":20,"column":4},"end":{"line":22,"column":5}},"12":{"start":{"line":21,"column":6},"end":{"line":21,"column":59}},"13":{"start":{"line":24,"column":7},"end":{"line":27,"column":3}},"14":{"start":{"line":25,"column":4},"end":{"line":25,"column":51}},"15":{"start":{"line":26,"column":4},"end":{"line":26,"column":60}},"16":{"start":{"line":29,"column":2},"end":{"line":29,"column":15}},"17":{"start":{"line":38,"column":0},"end":{"line":55,"column":2}},"18":{"start":{"line":39,"column":2},"end":{"line":53,"column":3}},"19":{"start":{"line":40,"column":4},"end":{"line":40,"column":56}},"20":{"start":{"line":41,"column":4},"end":{"line":41,"column":16}},"21":{"start":{"line":43,"column":7},"end":{"line":53,"column":3}},"22":{"start":{"line":44,"column":4},"end":{"line":44,"column":54}},"23":{"start":{"line":46,"column":7},"end":{"line":53,"column":3}},"24":{"start":{"line":47,"column":4},"end":{"line":52,"column":5}},"25":{"start":{"line":48,"column":6},"end":{"line":48,"column":26}},"26":{"start":{"line":50,"column":9},"end":{"line":52,"column":5}},"27":{"start":{"line":51,"column":6},"end":{"line":51,"column":63}},"28":{"start":{"line":54,"column":2},"end":{"line":54,"column":39}},"29":{"start":{"line":63,"column":0},"end":{"line":94,"column":2}},"30":{"start":{"line":64,"column":2},"end":{"line":66,"column":3}},"31":{"start":{"line":65,"column":4},"end":{"line":65,"column":49}},"32":{"start":{"line":67,"column":2},"end":{"line":67,"column":49}},"33":{"start":{"line":69,"column":2},"end":{"line":69,"column":15}},"34":{"start":{"line":70,"column":2},"end":{"line":91,"column":3}},"35":{"start":{"line":71,"column":4},"end":{"line":71,"column":41}},"36":{"start":{"line":74,"column":4},"end":{"line":74,"column":45}},"37":{"start":{"line":75,"column":4},"end":{"line":90,"column":5}},"38":{"start":{"line":76,"column":6},"end":{"line":76,"column":22}},"39":{"start":{"line":78,"column":9},"end":{"line":90,"column":5}},"40":{"start":{"line":79,"column":6},"end":{"line":79,"column":39}},"41":{"start":{"line":80,"column":6},"end":{"line":80,"column":52}},"42":{"start":{"line":82,"column":6},"end":{"line":82,"column":43}},"43":{"start":{"line":83,"column":6},"end":{"line":83,"column":70}},"44":{"start":{"line":86,"column":6},"end":{"line":86,"column":50}},"45":{"start":{"line":87,"column":6},"end":{"line":89,"column":7}},"46":{"start":{"line":88,"column":8},"end":{"line":88,"column":24}},"47":{"start":{"line":92,"column":2},"end":{"line":93,"column":68}},"48":{"start":{"line":96,"column":0},"end":{"line":96,"column":26}}},"branchMap":{"1":{"line":11,"type":"if","locations":[{"start":{"line":11,"column":2},"end":{"line":11,"column":2}},{"start":{"line":11,"column":2},"end":{"line":11,"column":2}}]},"2":{"line":14,"type":"if","locations":[{"start":{"line":14,"column":7},"end":{"line":14,"column":7}},{"start":{"line":14,"column":7},"end":{"line":14,"column":7}}]},"3":{"line":17,"type":"if","locations":[{"start":{"line":17,"column":7},"end":{"line":17,"column":7}},{"start":{"line":17,"column":7},"end":{"line":17,"column":7}}]},"4":{"line":20,"type":"if","locations":[{"start":{"line":20,"column":4},"end":{"line":20,"column":4}},{"start":{"line":20,"column":4},"end":{"line":20,"column":4}}]},"5":{"line":20,"type":"binary-expr","locations":[{"start":{"line":20,"column":8},"end":{"line":20,"column":26}},{"start":{"line":20,"column":30},"end":{"line":20,"column":50}}]},"6":{"line":21,"type":"binary-expr","locations":[{"start":{"line":21,"column":15},"end":{"line":21,"column":33}},{"start":{"line":21,"column":37},"end":{"line":21,"column":57}}]},"7":{"line":24,"type":"if","locations":[{"start":{"line":24,"column":7},"end":{"line":24,"column":7}},{"start":{"line":24,"column":7},"end":{"line":24,"column":7}}]},"8":{"line":39,"type":"if","locations":[{"start":{"line":39,"column":2},"end":{"line":39,"column":2}},{"start":{"line":39,"column":2},"end":{"line":39,"column":2}}]},"9":{"line":43,"type":"if","locations":[{"start":{"line":43,"column":7},"end":{"line":43,"column":7}},{"start":{"line":43,"column":7},"end":{"line":43,"column":7}}]},"10":{"line":46,"type":"if","locations":[{"start":{"line":46,"column":7},"end":{"line":46,"column":7}},{"start":{"line":46,"column":7},"end":{"line":46,"column":7}}]},"11":{"line":47,"type":"if","locations":[{"start":{"line":47,"column":4},"end":{"line":47,"column":4}},{"start":{"line":47,"column":4},"end":{"line":47,"column":4}}]},"12":{"line":50,"type":"if","locations":[{"start":{"line":50,"column":9},"end":{"line":50,"column":9}},{"start":{"line":50,"column":9},"end":{"line":50,"column":9}}]},"13":{"line":64,"type":"if","locations":[{"start":{"line":64,"column":2},"end":{"line":64,"column":2}},{"start":{"line":64,"column":2},"end":{"line":64,"column":2}}]},"14":{"line":70,"type":"if","locations":[{"start":{"line":70,"column":2},"end":{"line":70,"column":2}},{"start":{"line":70,"column":2},"end":{"line":70,"column":2}}]},"15":{"line":75,"type":"if","locations":[{"start":{"line":75,"column":4},"end":{"line":75,"column":4}},{"start":{"line":75,"column":4},"end":{"line":75,"column":4}}]},"16":{"line":78,"type":"if","locations":[{"start":{"line":78,"column":9},"end":{"line":78,"column":9}},{"start":{"line":78,"column":9},"end":{"line":78,"column":9}}]},"17":{"line":87,"type":"if","locations":[{"start":{"line":87,"column":6},"end":{"line":87,"column":6}},{"start":{"line":87,"column":6},"end":{"line":87,"column":6}}]}}},"/Users/nitintulswani/Desktop/mathsteps/lib/node/index.js":{"path":"/Users/nitintulswani/Desktop/mathsteps/lib/node/index.js","s":{"1":1,"2":1,"3":1,"4":1,"5":1},"b":{},"f":{},"fnMap":{},"statementMap":{"1":{"start":{"line":1,"column":0},"end":{"line":1,"column":37}},"2":{"start":{"line":2,"column":0},"end":{"line":2,"column":51}},"3":{"start":{"line":3,"column":0},"end":{"line":3,"column":35}},"4":{"start":{"line":4,"column":0},"end":{"line":4,"column":31}},"5":{"start":{"line":6,"column":0},"end":{"line":11,"column":2}}},"branchMap":{}},"/Users/nitintulswani/Desktop/mathsteps/lib/node/Creator.js":{"path":"/Users/nitintulswani/Desktop/mathsteps/lib/node/Creator.js","s":{"1":1,"2":1,"3":1,"4":2307,"5":433,"6":78,"7":798,"8":547,"9":451,"10":0,"11":1623,"12":18826,"13":18,"14":477,"15":1015,"16":1015,"17":418,"18":1015,"19":852,"20":669,"21":183,"22":1015,"23":14,"24":14,"25":1},"b":{"1":[433,78,798,547,451,0],"2":[418,597],"3":[852,163],"4":[669,183],"5":[852,744,690]},"f":{"1":2307,"2":1623,"3":18826,"4":18,"5":477,"6":1015,"7":14},"fnMap":{"1":{"name":"(anonymous_1)","line":11,"loc":{"start":{"line":11,"column":11},"end":{"line":11,"column":38}}},"2":{"name":"(anonymous_2)","line":31,"loc":{"start":{"line":31,"column":13},"end":{"line":31,"column":23}}},"3":{"name":"(anonymous_3)","line":36,"loc":{"start":{"line":36,"column":11},"end":{"line":36,"column":17}}},"4":{"name":"(anonymous_4)","line":40,"loc":{"start":{"line":40,"column":9},"end":{"line":40,"column":16}}},"5":{"name":"(anonymous_5)","line":44,"loc":{"start":{"line":44,"column":14},"end":{"line":44,"column":24}}},"6":{"name":"(anonymous_6)","line":51,"loc":{"start":{"line":51,"column":17},"end":{"line":51,"column":64}}},"7":{"name":"(anonymous_7)","line":71,"loc":{"start":{"line":71,"column":10},"end":{"line":71,"column":35}}}},"statementMap":{"1":{"start":{"line":7,"column":0},"end":{"line":7,"column":31}},"2":{"start":{"line":8,"column":0},"end":{"line":8,"column":35}},"3":{"start":{"line":10,"column":0},"end":{"line":75,"column":2}},"4":{"start":{"line":12,"column":4},"end":{"line":26,"column":5}},"5":{"start":{"line":14,"column":6},"end":{"line":14,"column":69}},"6":{"start":{"line":16,"column":6},"end":{"line":16,"column":74}},"7":{"start":{"line":18,"column":6},"end":{"line":18,"column":72}},"8":{"start":{"line":20,"column":6},"end":{"line":21,"column":41}},"9":{"start":{"line":23,"column":6},"end":{"line":23,"column":69}},"10":{"start":{"line":25,"column":6},"end":{"line":25,"column":50}},"11":{"start":{"line":32,"column":4},"end":{"line":33,"column":36}},"12":{"start":{"line":37,"column":4},"end":{"line":37,"column":54}},"13":{"start":{"line":41,"column":4},"end":{"line":41,"column":53}},"14":{"start":{"line":45,"column":4},"end":{"line":45,"column":61}},"15":{"start":{"line":52,"column":4},"end":{"line":52,"column":26}},"16":{"start":{"line":53,"column":4},"end":{"line":55,"column":5}},"17":{"start":{"line":54,"column":6},"end":{"line":54,"column":58}},"18":{"start":{"line":56,"column":4},"end":{"line":66,"column":5}},"19":{"start":{"line":57,"column":6},"end":{"line":65,"column":7}},"20":{"start":{"line":61,"column":8},"end":{"line":61,"column":45}},"21":{"start":{"line":64,"column":8},"end":{"line":64,"column":63}},"22":{"start":{"line":67,"column":4},"end":{"line":67,"column":20}},"23":{"start":{"line":72,"column":4},"end":{"line":72,"column":49}},"24":{"start":{"line":73,"column":4},"end":{"line":73,"column":83}},"25":{"start":{"line":77,"column":0},"end":{"line":77,"column":29}}},"branchMap":{"1":{"line":12,"type":"switch","locations":[{"start":{"line":13,"column":4},"end":{"line":14,"column":69}},{"start":{"line":15,"column":4},"end":{"line":16,"column":74}},{"start":{"line":17,"column":4},"end":{"line":18,"column":72}},{"start":{"line":19,"column":4},"end":{"line":21,"column":41}},{"start":{"line":22,"column":4},"end":{"line":23,"column":69}},{"start":{"line":24,"column":4},"end":{"line":25,"column":50}}]},"2":{"line":53,"type":"if","locations":[{"start":{"line":53,"column":4},"end":{"line":53,"column":4}},{"start":{"line":53,"column":4},"end":{"line":53,"column":4}}]},"3":{"line":56,"type":"if","locations":[{"start":{"line":56,"column":4},"end":{"line":56,"column":4}},{"start":{"line":56,"column":4},"end":{"line":56,"column":4}}]},"4":{"line":57,"type":"if","locations":[{"start":{"line":57,"column":6},"end":{"line":57,"column":6}},{"start":{"line":57,"column":6},"end":{"line":57,"column":6}}]},"5":{"line":57,"type":"binary-expr","locations":[{"start":{"line":57,"column":10},"end":{"line":57,"column":36}},{"start":{"line":58,"column":10},"end":{"line":58,"column":40}},{"start":{"line":59,"column":10},"end":{"line":59,"column":24}}]}}},"/Users/nitintulswani/Desktop/mathsteps/lib/node/Type.js":{"path":"/Users/nitintulswani/Desktop/mathsteps/lib/node/Type.js","s":{"1":1,"2":1,"3":278902,"4":1,"5":100952,"6":1,"7":154067,"8":1,"9":67952,"10":66487,"11":1465,"12":195,"13":1270,"14":1,"15":82912,"16":43686,"17":39226,"18":3274,"19":35952,"20":1,"21":153395,"22":78319,"23":75076,"24":3871,"25":272,"26":272,"27":3599,"28":71205,"29":1,"30":20745,"31":2221,"32":3925,"33":18524,"34":1,"35":12796,"36":11350,"37":1446,"38":1,"39":16449,"40":15656,"41":793,"42":793,"43":793,"44":280,"45":0,"46":280,"47":0,"48":793,"49":1},"b":{"1":[278902,148156,139561,139561],"2":[13650,125911],"3":[154067,60581],"4":[66487,1465],"5":[195,1270],"6":[1465,671],"7":[43686,39226],"8":[3274,35952],"9":[39226,36835],"10":[78319,75076],"11":[3871,71205],"12":[75076,44107],"13":[272,3599],"14":[2221,18524],"15":[11350,1446],"16":[12796,2264],"17":[15656,793],"18":[280,513],"19":[0,280],"20":[0,280],"21":[793,774]},"f":{"1":278902,"2":100952,"3":154067,"4":67952,"5":82912,"6":153395,"7":20745,"8":12796,"9":16449},"fnMap":{"1":{"name":"(anonymous_1)","line":8,"loc":{"start":{"line":8,"column":22},"end":{"line":8,"column":52}}},"2":{"name":"(anonymous_2)","line":15,"loc":{"start":{"line":15,"column":25},"end":{"line":15,"column":40}}},"3":{"name":"(anonymous_3)","line":19,"loc":{"start":{"line":19,"column":24},"end":{"line":19,"column":39}}},"4":{"name":"(anonymous_4)","line":23,"loc":{"start":{"line":23,"column":22},"end":{"line":23,"column":56}}},"5":{"name":"(anonymous_5)","line":33,"loc":{"start":{"line":33,"column":20},"end":{"line":33,"column":57}}},"6":{"name":"(anonymous_6)","line":45,"loc":{"start":{"line":45,"column":22},"end":{"line":45,"column":60}}},"7":{"name":"(anonymous_7)","line":63,"loc":{"start":{"line":63,"column":30},"end":{"line":63,"column":68}}},"8":{"name":"(anonymous_8)","line":72,"loc":{"start":{"line":72,"column":40},"end":{"line":72,"column":78}}},"9":{"name":"(anonymous_9)","line":82,"loc":{"start":{"line":82,"column":29},"end":{"line":82,"column":67}}}},"statementMap":{"1":{"start":{"line":6,"column":0},"end":{"line":6,"column":20}},"2":{"start":{"line":8,"column":0},"end":{"line":13,"column":2}},"3":{"start":{"line":9,"column":2},"end":{"line":12,"column":50}},"4":{"start":{"line":15,"column":0},"end":{"line":17,"column":2}},"5":{"start":{"line":16,"column":2},"end":{"line":16,"column":41}},"6":{"start":{"line":19,"column":0},"end":{"line":21,"column":2}},"7":{"start":{"line":20,"column":2},"end":{"line":20,"column":66}},"8":{"start":{"line":23,"column":0},"end":{"line":31,"column":2}},"9":{"start":{"line":24,"column":2},"end":{"line":26,"column":3}},"10":{"start":{"line":25,"column":4},"end":{"line":25,"column":17}},"11":{"start":{"line":27,"column":2},"end":{"line":29,"column":3}},"12":{"start":{"line":28,"column":4},"end":{"line":28,"column":17}},"13":{"start":{"line":30,"column":2},"end":{"line":30,"column":14}},"14":{"start":{"line":33,"column":0},"end":{"line":43,"column":2}},"15":{"start":{"line":34,"column":2},"end":{"line":42,"column":3}},"16":{"start":{"line":35,"column":4},"end":{"line":35,"column":16}},"17":{"start":{"line":37,"column":7},"end":{"line":42,"column":3}},"18":{"start":{"line":38,"column":4},"end":{"line":38,"column":50}},"19":{"start":{"line":41,"column":4},"end":{"line":41,"column":17}},"20":{"start":{"line":45,"column":0},"end":{"line":61,"column":2}},"21":{"start":{"line":46,"column":2},"end":{"line":60,"column":3}},"22":{"start":{"line":47,"column":4},"end":{"line":47,"column":16}},"23":{"start":{"line":49,"column":7},"end":{"line":60,"column":3}},"24":{"start":{"line":50,"column":4},"end":{"line":56,"column":5}},"25":{"start":{"line":51,"column":6},"end":{"line":51,"column":51}},"26":{"start":{"line":52,"column":6},"end":{"line":52,"column":24}},"27":{"start":{"line":55,"column":6},"end":{"line":55,"column":19}},"28":{"start":{"line":59,"column":4},"end":{"line":59,"column":17}},"29":{"start":{"line":63,"column":0},"end":{"line":70,"column":2}},"30":{"start":{"line":64,"column":2},"end":{"line":69,"column":3}},"31":{"start":{"line":65,"column":4},"end":{"line":65,"column":73}},"32":{"start":{"line":65,"column":32},"end":{"line":65,"column":71}},"33":{"start":{"line":68,"column":4},"end":{"line":68,"column":17}},"34":{"start":{"line":72,"column":0},"end":{"line":80,"column":2}},"35":{"start":{"line":73,"column":2},"end":{"line":79,"column":3}},"36":{"start":{"line":75,"column":4},"end":{"line":75,"column":16}},"37":{"start":{"line":78,"column":4},"end":{"line":78,"column":17}},"38":{"start":{"line":82,"column":0},"end":{"line":98,"column":2}},"39":{"start":{"line":83,"column":2},"end":{"line":85,"column":3}},"40":{"start":{"line":84,"column":4},"end":{"line":84,"column":17}},"41":{"start":{"line":86,"column":2},"end":{"line":86,"column":31}},"42":{"start":{"line":87,"column":2},"end":{"line":87,"column":33}},"43":{"start":{"line":88,"column":2},"end":{"line":95,"column":3}},"44":{"start":{"line":89,"column":4},"end":{"line":91,"column":5}},"45":{"start":{"line":90,"column":6},"end":{"line":90,"column":36}},"46":{"start":{"line":92,"column":4},"end":{"line":94,"column":5}},"47":{"start":{"line":93,"column":6},"end":{"line":93,"column":40}},"48":{"start":{"line":96,"column":2},"end":{"line":97,"column":59}},"49":{"start":{"line":101,"column":0},"end":{"line":101,"column":26}}},"branchMap":{"1":{"line":9,"type":"binary-expr","locations":[{"start":{"line":9,"column":9},"end":{"line":9,"column":37}},{"start":{"line":10,"column":9},"end":{"line":10,"column":33}},{"start":{"line":11,"column":9},"end":{"line":11,"column":34}},{"start":{"line":12,"column":10},"end":{"line":12,"column":48}}]},"2":{"line":12,"type":"cond-expr","locations":[{"start":{"line":12,"column":21},"end":{"line":12,"column":41}},{"start":{"line":12,"column":44},"end":{"line":12,"column":48}}]},"3":{"line":20,"type":"binary-expr","locations":[{"start":{"line":20,"column":9},"end":{"line":20,"column":37}},{"start":{"line":20,"column":41},"end":{"line":20,"column":65}}]},"4":{"line":24,"type":"if","locations":[{"start":{"line":24,"column":2},"end":{"line":24,"column":2}},{"start":{"line":24,"column":2},"end":{"line":24,"column":2}}]},"5":{"line":27,"type":"if","locations":[{"start":{"line":27,"column":2},"end":{"line":27,"column":2}},{"start":{"line":27,"column":2},"end":{"line":27,"column":2}}]},"6":{"line":27,"type":"binary-expr","locations":[{"start":{"line":27,"column":6},"end":{"line":27,"column":18}},{"start":{"line":27,"column":22},"end":{"line":27,"column":51}}]},"7":{"line":34,"type":"if","locations":[{"start":{"line":34,"column":2},"end":{"line":34,"column":2}},{"start":{"line":34,"column":2},"end":{"line":34,"column":2}}]},"8":{"line":37,"type":"if","locations":[{"start":{"line":37,"column":7},"end":{"line":37,"column":7}},{"start":{"line":37,"column":7},"end":{"line":37,"column":7}}]},"9":{"line":37,"type":"binary-expr","locations":[{"start":{"line":37,"column":11},"end":{"line":37,"column":26}},{"start":{"line":37,"column":30},"end":{"line":37,"column":57}}]},"10":{"line":46,"type":"if","locations":[{"start":{"line":46,"column":2},"end":{"line":46,"column":2}},{"start":{"line":46,"column":2},"end":{"line":46,"column":2}}]},"11":{"line":49,"type":"if","locations":[{"start":{"line":49,"column":7},"end":{"line":49,"column":7}},{"start":{"line":49,"column":7},"end":{"line":49,"column":7}}]},"12":{"line":49,"type":"binary-expr","locations":[{"start":{"line":49,"column":11},"end":{"line":49,"column":26}},{"start":{"line":49,"column":30},"end":{"line":49,"column":57}}]},"13":{"line":50,"type":"if","locations":[{"start":{"line":50,"column":4},"end":{"line":50,"column":4}},{"start":{"line":50,"column":4},"end":{"line":50,"column":4}}]},"14":{"line":64,"type":"if","locations":[{"start":{"line":64,"column":2},"end":{"line":64,"column":2}},{"start":{"line":64,"column":2},"end":{"line":64,"column":2}}]},"15":{"line":73,"type":"if","locations":[{"start":{"line":73,"column":2},"end":{"line":73,"column":2}},{"start":{"line":73,"column":2},"end":{"line":73,"column":2}}]},"16":{"line":73,"type":"binary-expr","locations":[{"start":{"line":73,"column":6},"end":{"line":73,"column":48}},{"start":{"line":74,"column":6},"end":{"line":74,"column":56}}]},"17":{"line":83,"type":"if","locations":[{"start":{"line":83,"column":2},"end":{"line":83,"column":2}},{"start":{"line":83,"column":2},"end":{"line":83,"column":2}}]},"18":{"line":88,"type":"if","locations":[{"start":{"line":88,"column":2},"end":{"line":88,"column":2}},{"start":{"line":88,"column":2},"end":{"line":88,"column":2}}]},"19":{"line":89,"type":"if","locations":[{"start":{"line":89,"column":4},"end":{"line":89,"column":4}},{"start":{"line":89,"column":4},"end":{"line":89,"column":4}}]},"20":{"line":92,"type":"if","locations":[{"start":{"line":92,"column":4},"end":{"line":92,"column":4}},{"start":{"line":92,"column":4},"end":{"line":92,"column":4}}]},"21":{"line":96,"type":"binary-expr","locations":[{"start":{"line":96,"column":10},"end":{"line":96,"column":55}},{"start":{"line":97,"column":10},"end":{"line":97,"column":57}}]}}},"/Users/nitintulswani/Desktop/mathsteps/lib/node/PolynomialTerm.js":{"path":"/Users/nitintulswani/Desktop/mathsteps/lib/node/PolynomialTerm.js","s":{"1":1,"2":1,"3":66230,"4":35228,"5":9454,"6":9454,"7":1190,"8":8264,"9":8264,"10":25774,"11":13258,"12":1362,"13":11896,"14":133,"15":11763,"16":11763,"17":979,"18":10784,"19":10784,"20":10029,"21":22,"22":10007,"23":10007,"24":12516,"25":3158,"26":3158,"27":465,"28":2693,"29":641,"30":6,"31":635,"32":635,"33":635,"34":635,"35":9358,"36":31002,"37":1433,"38":856,"39":856,"40":856,"41":851,"42":5,"43":29569,"44":15545,"45":14024,"46":12597,"47":3610,"48":1397,"49":303,"50":1094,"51":839,"52":314,"53":525,"54":15334,"55":1036,"56":14298,"57":0,"58":4157,"59":12784,"60":1,"61":41082,"62":41082,"63":13543,"64":27539,"65":1,"66":5,"67":5,"68":0,"69":0,"70":5,"71":1},"b":{"1":[35228,31002],"2":[9454,25774],"3":[1190,8264],"4":[13258,12516],"5":[1362,11896],"6":[13258,4280],"7":[133,11763],"8":[979,10784],"9":[22,10007],"10":[3158,9358],"11":[465,2693],"12":[6,635],"13":[1433,29569],"14":[851,5],"15":[15545,14024],"16":[303,1094],"17":[1397,389],"18":[314,525],"19":[1036,14298],"20":[15334,8800],"21":[4157,1450],"22":[5,0]},"f":{"1":66230,"2":12597,"3":3610,"4":1397,"5":839,"6":15334,"7":0,"8":4157,"9":12784,"10":41082,"11":5},"fnMap":{"1":{"name":"(anonymous_1)","line":21,"loc":{"start":{"line":21,"column":13},"end":{"line":21,"column":54}}},"2":{"name":"(anonymous_2)","line":97,"loc":{"start":{"line":97,"column":15},"end":{"line":97,"column":18}}},"3":{"name":"(anonymous_3)","line":101,"loc":{"start":{"line":101,"column":15},"end":{"line":101,"column":18}}},"4":{"name":"(anonymous_4)","line":105,"loc":{"start":{"line":105,"column":14},"end":{"line":105,"column":33}}},"5":{"name":"(anonymous_5)","line":114,"loc":{"start":{"line":114,"column":15},"end":{"line":114,"column":18}}},"6":{"name":"(anonymous_6)","line":123,"loc":{"start":{"line":123,"column":17},"end":{"line":123,"column":36}}},"7":{"name":"(anonymous_7)","line":132,"loc":{"start":{"line":132,"column":13},"end":{"line":132,"column":16}}},"8":{"name":"(anonymous_8)","line":143,"loc":{"start":{"line":143,"column":18},"end":{"line":143,"column":21}}},"9":{"name":"(anonymous_9)","line":148,"loc":{"start":{"line":148,"column":10},"end":{"line":148,"column":13}}},"10":{"name":"(anonymous_10)","line":157,"loc":{"start":{"line":157,"column":34},"end":{"line":158,"column":44}}},"11":{"name":"negativeCoefficient","line":171,"loc":{"start":{"line":171,"column":0},"end":{"line":171,"column":35}}}},"statementMap":{"1":{"start":{"line":3,"column":0},"end":{"line":3,"column":41}},"2":{"start":{"line":4,"column":0},"end":{"line":4,"column":35}},"3":{"start":{"line":22,"column":4},"end":{"line":93,"column":5}},"4":{"start":{"line":23,"column":6},"end":{"line":74,"column":7}},"5":{"start":{"line":24,"column":8},"end":{"line":24,"column":40}},"6":{"start":{"line":25,"column":8},"end":{"line":27,"column":9}},"7":{"start":{"line":26,"column":10},"end":{"line":26,"column":65}},"8":{"start":{"line":28,"column":8},"end":{"line":28,"column":33}},"9":{"start":{"line":29,"column":8},"end":{"line":29,"column":37}},"10":{"start":{"line":32,"column":11},"end":{"line":74,"column":7}},"11":{"start":{"line":33,"column":8},"end":{"line":35,"column":9}},"12":{"start":{"line":34,"column":10},"end":{"line":34,"column":58}},"13":{"start":{"line":36,"column":8},"end":{"line":38,"column":9}},"14":{"start":{"line":37,"column":10},"end":{"line":37,"column":53}},"15":{"start":{"line":39,"column":8},"end":{"line":39,"column":39}},"16":{"start":{"line":40,"column":8},"end":{"line":43,"column":9}},"17":{"start":{"line":41,"column":10},"end":{"line":42,"column":48}},"18":{"start":{"line":44,"column":8},"end":{"line":44,"column":31}},"19":{"start":{"line":45,"column":8},"end":{"line":46,"column":52}},"20":{"start":{"line":47,"column":8},"end":{"line":50,"column":9}},"21":{"start":{"line":48,"column":10},"end":{"line":49,"column":57}},"22":{"start":{"line":51,"column":8},"end":{"line":51,"column":57}},"23":{"start":{"line":52,"column":8},"end":{"line":52,"column":61}},"24":{"start":{"line":55,"column":11},"end":{"line":74,"column":7}},"25":{"start":{"line":56,"column":8},"end":{"line":56,"column":45}},"26":{"start":{"line":57,"column":8},"end":{"line":60,"column":9}},"27":{"start":{"line":58,"column":10},"end":{"line":59,"column":29}},"28":{"start":{"line":61,"column":8},"end":{"line":62,"column":52}},"29":{"start":{"line":63,"column":8},"end":{"line":65,"column":9}},"30":{"start":{"line":64,"column":10},"end":{"line":64,"column":71}},"31":{"start":{"line":66,"column":8},"end":{"line":66,"column":56}},"32":{"start":{"line":67,"column":8},"end":{"line":67,"column":52}},"33":{"start":{"line":68,"column":8},"end":{"line":68,"column":71}},"34":{"start":{"line":69,"column":8},"end":{"line":70,"column":57}},"35":{"start":{"line":73,"column":8},"end":{"line":73,"column":79}},"36":{"start":{"line":76,"column":9},"end":{"line":93,"column":5}},"37":{"start":{"line":77,"column":6},"end":{"line":78,"column":50}},"38":{"start":{"line":79,"column":6},"end":{"line":79,"column":49}},"39":{"start":{"line":80,"column":6},"end":{"line":80,"column":45}},"40":{"start":{"line":81,"column":6},"end":{"line":86,"column":7}},"41":{"start":{"line":82,"column":8},"end":{"line":82,"column":46}},"42":{"start":{"line":85,"column":8},"end":{"line":85,"column":66}},"43":{"start":{"line":88,"column":9},"end":{"line":93,"column":5}},"44":{"start":{"line":89,"column":6},"end":{"line":89,"column":25}},"45":{"start":{"line":92,"column":6},"end":{"line":92,"column":57}},"46":{"start":{"line":98,"column":4},"end":{"line":98,"column":23}},"47":{"start":{"line":102,"column":4},"end":{"line":102,"column":28}},"48":{"start":{"line":106,"column":4},"end":{"line":111,"column":5}},"49":{"start":{"line":107,"column":6},"end":{"line":107,"column":37}},"50":{"start":{"line":110,"column":6},"end":{"line":110,"column":24}},"51":{"start":{"line":115,"column":4},"end":{"line":120,"column":5}},"52":{"start":{"line":116,"column":6},"end":{"line":116,"column":31}},"53":{"start":{"line":119,"column":6},"end":{"line":119,"column":15}},"54":{"start":{"line":124,"column":4},"end":{"line":129,"column":5}},"55":{"start":{"line":125,"column":6},"end":{"line":125,"column":37}},"56":{"start":{"line":128,"column":6},"end":{"line":128,"column":27}},"57":{"start":{"line":133,"column":4},"end":{"line":134,"column":46}},"58":{"start":{"line":145,"column":4},"end":{"line":145,"column":57}},"59":{"start":{"line":149,"column":4},"end":{"line":149,"column":24}},"60":{"start":{"line":157,"column":0},"end":{"line":167,"column":2}},"61":{"start":{"line":159,"column":2},"end":{"line":166,"column":3}},"62":{"start":{"line":161,"column":4},"end":{"line":161,"column":57}},"63":{"start":{"line":162,"column":4},"end":{"line":162,"column":16}},"64":{"start":{"line":165,"column":4},"end":{"line":165,"column":17}},"65":{"start":{"line":171,"column":0},"end":{"line":180,"column":1}},"66":{"start":{"line":172,"column":2},"end":{"line":178,"column":3}},"67":{"start":{"line":173,"column":4},"end":{"line":173,"column":60}},"68":{"start":{"line":176,"column":4},"end":{"line":176,"column":62}},"69":{"start":{"line":177,"column":4},"end":{"line":177,"column":56}},"70":{"start":{"line":179,"column":2},"end":{"line":179,"column":14}},"71":{"start":{"line":182,"column":0},"end":{"line":182,"column":32}}},"branchMap":{"1":{"line":22,"type":"if","locations":[{"start":{"line":22,"column":4},"end":{"line":22,"column":4}},{"start":{"line":22,"column":4},"end":{"line":22,"column":4}}]},"2":{"line":23,"type":"if","locations":[{"start":{"line":23,"column":6},"end":{"line":23,"column":6}},{"start":{"line":23,"column":6},"end":{"line":23,"column":6}}]},"3":{"line":25,"type":"if","locations":[{"start":{"line":25,"column":8},"end":{"line":25,"column":8}},{"start":{"line":25,"column":8},"end":{"line":25,"column":8}}]},"4":{"line":32,"type":"if","locations":[{"start":{"line":32,"column":11},"end":{"line":32,"column":11}},{"start":{"line":32,"column":11},"end":{"line":32,"column":11}}]},"5":{"line":33,"type":"if","locations":[{"start":{"line":33,"column":8},"end":{"line":33,"column":8}},{"start":{"line":33,"column":8},"end":{"line":33,"column":8}}]},"6":{"line":33,"type":"binary-expr","locations":[{"start":{"line":33,"column":12},"end":{"line":33,"column":38}},{"start":{"line":33,"column":42},"end":{"line":33,"column":56}}]},"7":{"line":36,"type":"if","locations":[{"start":{"line":36,"column":8},"end":{"line":36,"column":8}},{"start":{"line":36,"column":8},"end":{"line":36,"column":8}}]},"8":{"line":40,"type":"if","locations":[{"start":{"line":40,"column":8},"end":{"line":40,"column":8}},{"start":{"line":40,"column":8},"end":{"line":40,"column":8}}]},"9":{"line":47,"type":"if","locations":[{"start":{"line":47,"column":8},"end":{"line":47,"column":8}},{"start":{"line":47,"column":8},"end":{"line":47,"column":8}}]},"10":{"line":55,"type":"if","locations":[{"start":{"line":55,"column":11},"end":{"line":55,"column":11}},{"start":{"line":55,"column":11},"end":{"line":55,"column":11}}]},"11":{"line":57,"type":"if","locations":[{"start":{"line":57,"column":8},"end":{"line":57,"column":8}},{"start":{"line":57,"column":8},"end":{"line":57,"column":8}}]},"12":{"line":63,"type":"if","locations":[{"start":{"line":63,"column":8},"end":{"line":63,"column":8}},{"start":{"line":63,"column":8},"end":{"line":63,"column":8}}]},"13":{"line":76,"type":"if","locations":[{"start":{"line":76,"column":9},"end":{"line":76,"column":9}},{"start":{"line":76,"column":9},"end":{"line":76,"column":9}}]},"14":{"line":81,"type":"if","locations":[{"start":{"line":81,"column":6},"end":{"line":81,"column":6}},{"start":{"line":81,"column":6},"end":{"line":81,"column":6}}]},"15":{"line":88,"type":"if","locations":[{"start":{"line":88,"column":9},"end":{"line":88,"column":9}},{"start":{"line":88,"column":9},"end":{"line":88,"column":9}}]},"16":{"line":106,"type":"if","locations":[{"start":{"line":106,"column":4},"end":{"line":106,"column":4}},{"start":{"line":106,"column":4},"end":{"line":106,"column":4}}]},"17":{"line":106,"type":"binary-expr","locations":[{"start":{"line":106,"column":8},"end":{"line":106,"column":19}},{"start":{"line":106,"column":23},"end":{"line":106,"column":33}}]},"18":{"line":115,"type":"if","locations":[{"start":{"line":115,"column":4},"end":{"line":115,"column":4}},{"start":{"line":115,"column":4},"end":{"line":115,"column":4}}]},"19":{"line":124,"type":"if","locations":[{"start":{"line":124,"column":4},"end":{"line":124,"column":4}},{"start":{"line":124,"column":4},"end":{"line":124,"column":4}}]},"20":{"line":124,"type":"binary-expr","locations":[{"start":{"line":124,"column":8},"end":{"line":124,"column":22}},{"start":{"line":124,"column":26},"end":{"line":124,"column":36}}]},"21":{"line":145,"type":"binary-expr","locations":[{"start":{"line":145,"column":11},"end":{"line":145,"column":21}},{"start":{"line":145,"column":25},"end":{"line":145,"column":56}}]},"22":{"line":172,"type":"if","locations":[{"start":{"line":172,"column":2},"end":{"line":172,"column":2}},{"start":{"line":172,"column":2},"end":{"line":172,"column":2}}]}}},"/Users/nitintulswani/Desktop/mathsteps/lib/node/Status.js":{"path":"/Users/nitintulswani/Desktop/mathsteps/lib/node/Status.js","s":{"1":1,"2":1,"3":1,"4":130719,"5":0,"6":130719,"7":0,"8":130719,"9":130719,"10":130719,"11":130719,"12":132229,"13":1,"14":1956,"15":1956,"16":14725,"17":1938,"18":1956,"19":1,"20":128776,"21":1,"22":1289,"23":980,"24":980,"25":1289,"26":1,"27":654,"28":654,"29":654,"30":654,"31":0,"32":1,"33":1573,"34":919,"35":919,"36":1573,"37":654,"38":95,"39":95,"40":95,"41":308,"42":308,"43":308,"44":308,"45":308,"46":308,"47":308,"48":559,"49":547,"50":547,"51":547,"52":599,"53":599,"54":599,"55":599,"56":599,"57":599,"58":599,"59":12,"60":12,"61":12,"62":12,"63":12,"64":12,"65":12,"66":12,"67":12,"68":12,"69":12,"70":0,"71":654,"72":1},"b":{"1":[0,130719],"2":[0,130719],"3":[130719,130719],"4":[980,309],"5":[0,654],"6":[95,559],"7":[547,12],"8":[559,24,12],"9":[12,0]},"f":{"1":130719,"2":132229,"3":1956,"4":128776,"5":1289,"6":654,"7":1573},"fnMap":{"1":{"name":"(anonymous_1)","line":13,"loc":{"start":{"line":13,"column":13},"end":{"line":13,"column":57}}},"2":{"name":"(anonymous_2)","line":27,"loc":{"start":{"line":27,"column":12},"end":{"line":27,"column":15}}},"3":{"name":"(anonymous_3)","line":32,"loc":{"start":{"line":32,"column":27},"end":{"line":32,"column":42}}},"4":{"name":"(anonymous_4)","line":42,"loc":{"start":{"line":42,"column":18},"end":{"line":42,"column":33}}},"5":{"name":"(anonymous_5)","line":49,"loc":{"start":{"line":49,"column":21},"end":{"line":50,"column":67}}},"6":{"name":"(anonymous_6)","line":63,"loc":{"start":{"line":63,"column":22},"end":{"line":63,"column":70}}},"7":{"name":"updateSubsteps","line":72,"loc":{"start":{"line":72,"column":2},"end":{"line":72,"column":40}}}},"statementMap":{"1":{"start":{"line":3,"column":0},"end":{"line":3,"column":39}},"2":{"start":{"line":4,"column":0},"end":{"line":4,"column":46}},"3":{"start":{"line":5,"column":0},"end":{"line":5,"column":31}},"4":{"start":{"line":14,"column":4},"end":{"line":16,"column":5}},"5":{"start":{"line":15,"column":6},"end":{"line":15,"column":41}},"6":{"start":{"line":17,"column":4},"end":{"line":19,"column":5}},"7":{"start":{"line":18,"column":6},"end":{"line":18,"column":45}},"8":{"start":{"line":21,"column":4},"end":{"line":21,"column":33}},"9":{"start":{"line":22,"column":4},"end":{"line":22,"column":27}},"10":{"start":{"line":23,"column":4},"end":{"line":23,"column":27}},"11":{"start":{"line":24,"column":4},"end":{"line":24,"column":29}},"12":{"start":{"line":28,"column":4},"end":{"line":28,"column":53}},"13":{"start":{"line":32,"column":0},"end":{"line":38,"column":2}},"14":{"start":{"line":33,"column":2},"end":{"line":33,"column":21}},"15":{"start":{"line":34,"column":2},"end":{"line":36,"column":5}},"16":{"start":{"line":34,"column":22},"end":{"line":34,"column":38}},"17":{"start":{"line":35,"column":4},"end":{"line":35,"column":30}},"18":{"start":{"line":37,"column":2},"end":{"line":37,"column":14}},"19":{"start":{"line":42,"column":0},"end":{"line":44,"column":2}},"20":{"start":{"line":43,"column":2},"end":{"line":43,"column":55}},"21":{"start":{"line":49,"column":0},"end":{"line":57,"column":2}},"22":{"start":{"line":51,"column":2},"end":{"line":54,"column":3}},"23":{"start":{"line":52,"column":4},"end":{"line":52,"column":28}},"24":{"start":{"line":53,"column":4},"end":{"line":53,"column":28}},"25":{"start":{"line":56,"column":2},"end":{"line":56,"column":57}},"26":{"start":{"line":63,"column":0},"end":{"line":125,"column":2}},"27":{"start":{"line":64,"column":2},"end":{"line":64,"column":30}},"28":{"start":{"line":65,"column":2},"end":{"line":65,"column":30}},"29":{"start":{"line":66,"column":2},"end":{"line":66,"column":38}},"30":{"start":{"line":68,"column":2},"end":{"line":70,"column":3}},"31":{"start":{"line":69,"column":4},"end":{"line":69,"column":80}},"32":{"start":{"line":72,"column":2},"end":{"line":78,"column":3}},"33":{"start":{"line":73,"column":4},"end":{"line":76,"column":7}},"34":{"start":{"line":74,"column":6},"end":{"line":74,"column":22}},"35":{"start":{"line":75,"column":6},"end":{"line":75,"column":56}},"36":{"start":{"line":77,"column":4},"end":{"line":77,"column":20}},"37":{"start":{"line":80,"column":2},"end":{"line":122,"column":3}},"38":{"start":{"line":81,"column":4},"end":{"line":81,"column":42}},"39":{"start":{"line":82,"column":4},"end":{"line":82,"column":42}},"40":{"start":{"line":83,"column":4},"end":{"line":91,"column":7}},"41":{"start":{"line":84,"column":6},"end":{"line":84,"column":34}},"42":{"start":{"line":85,"column":6},"end":{"line":85,"column":34}},"43":{"start":{"line":86,"column":6},"end":{"line":86,"column":37}},"44":{"start":{"line":87,"column":6},"end":{"line":87,"column":37}},"45":{"start":{"line":88,"column":6},"end":{"line":88,"column":29}},"46":{"start":{"line":89,"column":6},"end":{"line":89,"column":29}},"47":{"start":{"line":90,"column":6},"end":{"line":90,"column":18}},"48":{"start":{"line":93,"column":7},"end":{"line":122,"column":3}},"49":{"start":{"line":95,"column":4},"end":{"line":95,"column":54}},"50":{"start":{"line":96,"column":4},"end":{"line":96,"column":54}},"51":{"start":{"line":97,"column":4},"end":{"line":105,"column":7}},"52":{"start":{"line":98,"column":6},"end":{"line":98,"column":34}},"53":{"start":{"line":99,"column":6},"end":{"line":99,"column":34}},"54":{"start":{"line":100,"column":6},"end":{"line":100,"column":49}},"55":{"start":{"line":101,"column":6},"end":{"line":101,"column":49}},"56":{"start":{"line":102,"column":6},"end":{"line":102,"column":29}},"57":{"start":{"line":103,"column":6},"end":{"line":103,"column":29}},"58":{"start":{"line":104,"column":6},"end":{"line":104,"column":18}},"59":{"start":{"line":107,"column":7},"end":{"line":122,"column":3}},"60":{"start":{"line":108,"column":4},"end":{"line":108,"column":42}},"61":{"start":{"line":109,"column":4},"end":{"line":109,"column":42}},"62":{"start":{"line":110,"column":4},"end":{"line":118,"column":7}},"63":{"start":{"line":111,"column":6},"end":{"line":111,"column":34}},"64":{"start":{"line":112,"column":6},"end":{"line":112,"column":34}},"65":{"start":{"line":113,"column":6},"end":{"line":113,"column":37}},"66":{"start":{"line":114,"column":6},"end":{"line":114,"column":37}},"67":{"start":{"line":115,"column":6},"end":{"line":115,"column":29}},"68":{"start":{"line":116,"column":6},"end":{"line":116,"column":29}},"69":{"start":{"line":117,"column":6},"end":{"line":117,"column":18}},"70":{"start":{"line":121,"column":4},"end":{"line":121,"column":54}},"71":{"start":{"line":124,"column":2},"end":{"line":124,"column":72}},"72":{"start":{"line":127,"column":0},"end":{"line":127,"column":24}}},"branchMap":{"1":{"line":14,"type":"if","locations":[{"start":{"line":14,"column":4},"end":{"line":14,"column":4}},{"start":{"line":14,"column":4},"end":{"line":14,"column":4}}]},"2":{"line":17,"type":"if","locations":[{"start":{"line":17,"column":4},"end":{"line":17,"column":4}},{"start":{"line":17,"column":4},"end":{"line":17,"column":4}}]},"3":{"line":17,"type":"binary-expr","locations":[{"start":{"line":17,"column":8},"end":{"line":17,"column":32}},{"start":{"line":17,"column":36},"end":{"line":17,"column":67}}]},"4":{"line":51,"type":"if","locations":[{"start":{"line":51,"column":2},"end":{"line":51,"column":2}},{"start":{"line":51,"column":2},"end":{"line":51,"column":2}}]},"5":{"line":68,"type":"if","locations":[{"start":{"line":68,"column":2},"end":{"line":68,"column":2}},{"start":{"line":68,"column":2},"end":{"line":68,"column":2}}]},"6":{"line":80,"type":"if","locations":[{"start":{"line":80,"column":2},"end":{"line":80,"column":2}},{"start":{"line":80,"column":2},"end":{"line":80,"column":2}}]},"7":{"line":93,"type":"if","locations":[{"start":{"line":93,"column":7},"end":{"line":93,"column":7}},{"start":{"line":93,"column":7},"end":{"line":93,"column":7}}]},"8":{"line":93,"type":"binary-expr","locations":[{"start":{"line":93,"column":12},"end":{"line":93,"column":33}},{"start":{"line":93,"column":37},"end":{"line":93,"column":58}},{"start":{"line":94,"column":12},"end":{"line":94,"column":34}}]},"9":{"line":107,"type":"if","locations":[{"start":{"line":107,"column":7},"end":{"line":107,"column":7}},{"start":{"line":107,"column":7},"end":{"line":107,"column":7}}]}}},"/Users/nitintulswani/Desktop/mathsteps/lib/util/clone.js":{"path":"/Users/nitintulswani/Desktop/mathsteps/lib/util/clone.js","s":{"1":1,"2":139530,"3":139530,"4":139530,"5":53862,"6":109922,"7":85668,"8":11234,"9":139530,"10":1},"b":{"1":[53862,85668],"2":[11234,74434]},"f":{"1":139530},"fnMap":{"1":{"name":"clone","line":6,"loc":{"start":{"line":6,"column":0},"end":{"line":6,"column":21}}}},"statementMap":{"1":{"start":{"line":6,"column":0},"end":{"line":18,"column":1}},"2":{"start":{"line":7,"column":2},"end":{"line":7,"column":28}},"3":{"start":{"line":8,"column":2},"end":{"line":8,"column":38}},"4":{"start":{"line":9,"column":2},"end":{"line":16,"column":3}},"5":{"start":{"line":10,"column":4},"end":{"line":12,"column":7}},"6":{"start":{"line":11,"column":6},"end":{"line":11,"column":34}},"7":{"start":{"line":14,"column":7},"end":{"line":16,"column":3}},"8":{"start":{"line":15,"column":4},"end":{"line":15,"column":39}},"9":{"start":{"line":17,"column":2},"end":{"line":17,"column":14}},"10":{"start":{"line":20,"column":0},"end":{"line":20,"column":23}}},"branchMap":{"1":{"line":9,"type":"if","locations":[{"start":{"line":9,"column":2},"end":{"line":9,"column":2}},{"start":{"line":9,"column":2},"end":{"line":9,"column":2}}]},"2":{"line":14,"type":"if","locations":[{"start":{"line":14,"column":7},"end":{"line":14,"column":7}},{"start":{"line":14,"column":7},"end":{"line":14,"column":7}}]}}},"/Users/nitintulswani/Desktop/mathsteps/lib/ChangeTypes.js":{"path":"/Users/nitintulswani/Desktop/mathsteps/lib/ChangeTypes.js","s":{"1":1},"b":{},"f":{},"fnMap":{},"statementMap":{"1":{"start":{"line":3,"column":0},"end":{"line":138,"column":2}}},"branchMap":{}},"/Users/nitintulswani/Desktop/mathsteps/lib/util/print.js":{"path":"/Users/nitintulswani/Desktop/mathsteps/lib/util/print.js","s":{"1":1,"2":1,"3":3298,"4":3298,"5":3298,"6":3298,"7":1,"8":8789,"9":2074,"10":2074,"11":44,"12":44,"13":44,"14":44,"15":44,"16":8745,"17":188,"18":8557,"19":2141,"20":4,"21":2137,"22":2137,"23":2335,"24":619,"25":443,"26":176,"27":176,"28":888,"29":888,"30":246,"31":246,"32":132,"33":12,"34":120,"35":132,"36":450,"37":450,"38":2335,"39":2137,"40":6416,"41":677,"42":5739,"43":246,"44":21,"45":225,"46":5493,"47":1},"b":{"1":[3298,0],"2":[2074,6715],"3":[44,2030],"4":[2074,85],"5":[188,8557],"6":[2141,6416],"7":[4,2137],"8":[2141,136],"9":[619,888,246,132,450],"10":[443,176],"11":[12,120],"12":[677,5739],"13":[246,5493],"14":[21,225],"15":[246,56,56]},"f":{"1":3298,"2":8789},"fnMap":{"1":{"name":"print","line":10,"loc":{"start":{"line":10,"column":0},"end":{"line":10,"column":42}}},"2":{"name":"printTreeTraversal","line":18,"loc":{"start":{"line":18,"column":0},"end":{"line":18,"column":34}}}},"statementMap":{"1":{"start":{"line":3,"column":0},"end":{"line":3,"column":32}},"2":{"start":{"line":10,"column":0},"end":{"line":16,"column":1}},"3":{"start":{"line":11,"column":2},"end":{"line":11,"column":40}},"4":{"start":{"line":12,"column":2},"end":{"line":14,"column":3}},"5":{"start":{"line":13,"column":4},"end":{"line":13,"column":56}},"6":{"start":{"line":15,"column":2},"end":{"line":15,"column":16}},"7":{"start":{"line":18,"column":0},"end":{"line":94,"column":1}},"8":{"start":{"line":19,"column":2},"end":{"line":33,"column":3}},"9":{"start":{"line":20,"column":4},"end":{"line":20,"column":51}},"10":{"start":{"line":23,"column":4},"end":{"line":32,"column":5}},"11":{"start":{"line":24,"column":6},"end":{"line":24,"column":48}},"12":{"start":{"line":25,"column":6},"end":{"line":25,"column":53}},"13":{"start":{"line":27,"column":6},"end":{"line":28,"column":50}},"14":{"start":{"line":29,"column":6},"end":{"line":29,"column":59}},"15":{"start":{"line":31,"column":6},"end":{"line":31,"column":42}},"16":{"start":{"line":34,"column":2},"end":{"line":36,"column":3}},"17":{"start":{"line":35,"column":4},"end":{"line":35,"column":45}},"18":{"start":{"line":37,"column":2},"end":{"line":93,"column":3}},"19":{"start":{"line":38,"column":4},"end":{"line":40,"column":5}},"20":{"start":{"line":39,"column":6},"end":{"line":39,"column":91}},"21":{"start":{"line":42,"column":4},"end":{"line":42,"column":47}},"22":{"start":{"line":43,"column":4},"end":{"line":75,"column":5}},"23":{"start":{"line":44,"column":6},"end":{"line":73,"column":7}},"24":{"start":{"line":46,"column":8},"end":{"line":48,"column":9}},"25":{"start":{"line":47,"column":10},"end":{"line":47,"column":16}},"26":{"start":{"line":50,"column":8},"end":{"line":50,"column":30}},"27":{"start":{"line":51,"column":8},"end":{"line":51,"column":14}},"28":{"start":{"line":54,"column":8},"end":{"line":54,"column":30}},"29":{"start":{"line":55,"column":8},"end":{"line":55,"column":14}},"30":{"start":{"line":58,"column":8},"end":{"line":58,"column":30}},"31":{"start":{"line":59,"column":8},"end":{"line":59,"column":14}},"32":{"start":{"line":62,"column":8},"end":{"line":67,"column":9}},"33":{"start":{"line":63,"column":10},"end":{"line":63,"column":30}},"34":{"start":{"line":66,"column":10},"end":{"line":66,"column":32}},"35":{"start":{"line":68,"column":8},"end":{"line":68,"column":14}},"36":{"start":{"line":71,"column":8},"end":{"line":71,"column":28}},"37":{"start":{"line":72,"column":8},"end":{"line":72,"column":14}},"38":{"start":{"line":74,"column":6},"end":{"line":74,"column":46}},"39":{"start":{"line":76,"column":4},"end":{"line":76,"column":15}},"40":{"start":{"line":78,"column":7},"end":{"line":93,"column":3}},"41":{"start":{"line":79,"column":4},"end":{"line":79,"column":51}},"42":{"start":{"line":81,"column":7},"end":{"line":93,"column":3}},"43":{"start":{"line":82,"column":4},"end":{"line":89,"column":5}},"44":{"start":{"line":85,"column":6},"end":{"line":85,"column":54}},"45":{"start":{"line":88,"column":6},"end":{"line":88,"column":52}},"46":{"start":{"line":92,"column":4},"end":{"line":92,"column":27}},"47":{"start":{"line":96,"column":0},"end":{"line":96,"column":23}}},"branchMap":{"1":{"line":12,"type":"if","locations":[{"start":{"line":12,"column":2},"end":{"line":12,"column":2}},{"start":{"line":12,"column":2},"end":{"line":12,"column":2}}]},"2":{"line":19,"type":"if","locations":[{"start":{"line":19,"column":2},"end":{"line":19,"column":2}},{"start":{"line":19,"column":2},"end":{"line":19,"column":2}}]},"3":{"line":23,"type":"if","locations":[{"start":{"line":23,"column":4},"end":{"line":23,"column":4}},{"start":{"line":23,"column":4},"end":{"line":23,"column":4}}]},"4":{"line":23,"type":"binary-expr","locations":[{"start":{"line":23,"column":8},"end":{"line":23,"column":35}},{"start":{"line":23,"column":39},"end":{"line":23,"column":54}}]},"5":{"line":34,"type":"if","locations":[{"start":{"line":34,"column":2},"end":{"line":34,"column":2}},{"start":{"line":34,"column":2},"end":{"line":34,"column":2}}]},"6":{"line":37,"type":"if","locations":[{"start":{"line":37,"column":2},"end":{"line":37,"column":2}},{"start":{"line":37,"column":2},"end":{"line":37,"column":2}}]},"7":{"line":38,"type":"if","locations":[{"start":{"line":38,"column":4},"end":{"line":38,"column":4}},{"start":{"line":38,"column":4},"end":{"line":38,"column":4}}]},"8":{"line":38,"type":"binary-expr","locations":[{"start":{"line":38,"column":8},"end":{"line":38,"column":23}},{"start":{"line":38,"column":27},"end":{"line":38,"column":61}}]},"9":{"line":44,"type":"switch","locations":[{"start":{"line":45,"column":6},"end":{"line":51,"column":14}},{"start":{"line":52,"column":6},"end":{"line":55,"column":14}},{"start":{"line":56,"column":6},"end":{"line":59,"column":14}},{"start":{"line":60,"column":6},"end":{"line":68,"column":14}},{"start":{"line":69,"column":6},"end":{"line":72,"column":14}}]},"10":{"line":46,"type":"if","locations":[{"start":{"line":46,"column":8},"end":{"line":46,"column":8}},{"start":{"line":46,"column":8},"end":{"line":46,"column":8}}]},"11":{"line":62,"type":"if","locations":[{"start":{"line":62,"column":8},"end":{"line":62,"column":8}},{"start":{"line":62,"column":8},"end":{"line":62,"column":8}}]},"12":{"line":78,"type":"if","locations":[{"start":{"line":78,"column":7},"end":{"line":78,"column":7}},{"start":{"line":78,"column":7},"end":{"line":78,"column":7}}]},"13":{"line":81,"type":"if","locations":[{"start":{"line":81,"column":7},"end":{"line":81,"column":7}},{"start":{"line":81,"column":7},"end":{"line":81,"column":7}}]},"14":{"line":82,"type":"if","locations":[{"start":{"line":82,"column":4},"end":{"line":82,"column":4}},{"start":{"line":82,"column":4},"end":{"line":82,"column":4}}]},"15":{"line":82,"type":"binary-expr","locations":[{"start":{"line":82,"column":8},"end":{"line":82,"column":42}},{"start":{"line":83,"column":8},"end":{"line":83,"column":31}},{"start":{"line":84,"column":8},"end":{"line":84,"column":51}}]}}},"/Users/nitintulswani/Desktop/mathsteps/lib/util/flattenOperands.js":{"path":"/Users/nitintulswani/Desktop/mathsteps/lib/util/flattenOperands.js","s":{"1":1,"2":1,"3":1,"4":37377,"5":14415,"6":14415,"7":165,"8":14415,"9":22962,"10":12094,"11":9172,"12":9172,"13":1411,"14":7761,"15":157,"16":7604,"17":9172,"18":2922,"19":5844,"20":2922,"21":10868,"22":2129,"23":2129,"24":8739,"25":1409,"26":1409,"27":1409,"28":21,"29":1409,"30":7330,"31":161,"32":161,"33":7169,"34":160,"35":160,"36":151,"37":160,"38":7009,"39":1,"40":9172,"41":9172,"42":3876,"43":5296,"44":7,"45":5289,"46":157,"47":5132,"48":5296,"49":1330,"50":9172,"51":1,"52":23595,"53":9974,"54":13621,"55":8318,"56":2433,"57":5885,"58":4153,"59":0,"60":4153,"61":1150,"62":10038,"63":2917,"64":5834,"65":2917,"66":7121,"67":372,"68":6749,"69":1501,"70":5248,"71":194,"72":194,"73":194,"74":194,"75":5054,"76":5054,"77":12162,"78":5054,"79":1,"80":2968,"81":1501,"82":1467,"83":290,"84":1177,"85":1177,"86":424,"87":424,"88":753,"89":1,"90":372,"91":372,"92":372,"93":372,"94":109,"95":263,"96":263,"97":372,"98":1,"99":1501,"100":1501,"101":1486,"102":1486,"103":1486,"104":15,"105":15,"106":15,"107":15,"108":1501,"109":1,"110":13,"111":0,"112":13,"113":6,"114":7,"115":0,"116":7,"117":1},"b":{"1":[14415,22962],"2":[165,14250],"3":[12094,10868],"4":[9172,2922],"5":[1411,7761],"6":[157,7604],"7":[2129,8739],"8":[1409,7330],"9":[21,1388],"10":[161,7169],"11":[160,7009],"12":[151,9],"13":[3876,5296],"14":[7,5289],"15":[5296,7,6],"16":[157,5132],"17":[1330,3966],"18":[9974,13621],"19":[6162,8318,3959,4153,1150],"20":[2433,5885],"21":[0,4153],"22":[2917,7121],"23":[372,6749],"24":[7121,2968],"25":[1501,5248],"26":[6749,2596],"27":[194,5054],"28":[1501,1467],"29":[290,1177],"30":[424,753],"31":[109,263],"32":[1486,15],"33":[0,13],"34":[6,7],"35":[0,7]},"f":{"1":37377,"2":9172,"3":23595,"4":2968,"5":372,"6":1501,"7":13},"fnMap":{"1":{"name":"flattenOperands","line":38,"loc":{"start":{"line":38,"column":0},"end":{"line":38,"column":31}}},"2":{"name":"flattenSupportedOperation","line":108,"loc":{"start":{"line":108,"column":0},"end":{"line":108,"column":51}}},"3":{"name":"getOperands","line":154,"loc":{"start":{"line":154,"column":0},"end":{"line":154,"column":37}}},"4":{"name":"isPolynomialTermMultiplication","line":225,"loc":{"start":{"line":225,"column":0},"end":{"line":225,"column":46}}},"5":{"name":"maybeFlattenPolynomialTerm","line":250,"loc":{"start":{"line":250,"column":0},"end":{"line":250,"column":42}}},"6":{"name":"flattenDivision","line":284,"loc":{"start":{"line":284,"column":0},"end":{"line":284,"column":31}}},"7":{"name":"hasMultiplicationBesideDivision","line":313,"loc":{"start":{"line":313,"column":0},"end":{"line":313,"column":47}}}},"statementMap":{"1":{"start":{"line":3,"column":0},"end":{"line":3,"column":40}},"2":{"start":{"line":4,"column":0},"end":{"line":4,"column":32}},"3":{"start":{"line":38,"column":0},"end":{"line":100,"column":1}},"4":{"start":{"line":39,"column":2},"end":{"line":99,"column":3}},"5":{"start":{"line":42,"column":4},"end":{"line":42,"column":57}},"6":{"start":{"line":43,"column":4},"end":{"line":45,"column":5}},"7":{"start":{"line":44,"column":6},"end":{"line":44,"column":47}},"8":{"start":{"line":46,"column":4},"end":{"line":46,"column":21}},"9":{"start":{"line":48,"column":7},"end":{"line":99,"column":3}},"10":{"start":{"line":49,"column":4},"end":{"line":71,"column":5}},"11":{"start":{"line":50,"column":6},"end":{"line":50,"column":19}},"12":{"start":{"line":51,"column":6},"end":{"line":63,"column":7}},"13":{"start":{"line":54,"column":8},"end":{"line":54,"column":23}},"14":{"start":{"line":56,"column":11},"end":{"line":63,"column":7}},"15":{"start":{"line":59,"column":8},"end":{"line":59,"column":23}},"16":{"start":{"line":62,"column":8},"end":{"line":62,"column":27}},"17":{"start":{"line":64,"column":6},"end":{"line":64,"column":55}},"18":{"start":{"line":68,"column":6},"end":{"line":70,"column":9}},"19":{"start":{"line":69,"column":8},"end":{"line":69,"column":46}},"20":{"start":{"line":72,"column":4},"end":{"line":72,"column":16}},"21":{"start":{"line":74,"column":7},"end":{"line":99,"column":3}},"22":{"start":{"line":75,"column":4},"end":{"line":75,"column":49}},"23":{"start":{"line":76,"column":4},"end":{"line":76,"column":16}},"24":{"start":{"line":78,"column":7},"end":{"line":99,"column":3}},"25":{"start":{"line":79,"column":4},"end":{"line":79,"column":46}},"26":{"start":{"line":80,"column":4},"end":{"line":80,"column":53}},"27":{"start":{"line":81,"column":4},"end":{"line":83,"column":5}},"28":{"start":{"line":82,"column":6},"end":{"line":82,"column":51}},"29":{"start":{"line":84,"column":4},"end":{"line":84,"column":25}},"30":{"start":{"line":86,"column":7},"end":{"line":99,"column":3}},"31":{"start":{"line":87,"column":4},"end":{"line":87,"column":49}},"32":{"start":{"line":88,"column":4},"end":{"line":88,"column":16}},"33":{"start":{"line":90,"column":7},"end":{"line":99,"column":3}},"34":{"start":{"line":91,"column":4},"end":{"line":91,"column":49}},"35":{"start":{"line":92,"column":4},"end":{"line":94,"column":5}},"36":{"start":{"line":93,"column":6},"end":{"line":93,"column":51}},"37":{"start":{"line":95,"column":4},"end":{"line":95,"column":16}},"38":{"start":{"line":98,"column":4},"end":{"line":98,"column":16}},"39":{"start":{"line":108,"column":0},"end":{"line":147,"column":1}},"40":{"start":{"line":112,"column":2},"end":{"line":112,"column":47}},"41":{"start":{"line":117,"column":2},"end":{"line":145,"column":3}},"42":{"start":{"line":118,"column":4},"end":{"line":118,"column":23}},"43":{"start":{"line":128,"column":4},"end":{"line":139,"column":5}},"44":{"start":{"line":130,"column":6},"end":{"line":130,"column":50}},"45":{"start":{"line":133,"column":9},"end":{"line":139,"column":5}},"46":{"start":{"line":134,"column":6},"end":{"line":134,"column":50}},"47":{"start":{"line":138,"column":6},"end":{"line":138,"column":27}},"48":{"start":{"line":142,"column":4},"end":{"line":144,"column":5}},"49":{"start":{"line":143,"column":6},"end":{"line":143,"column":28}},"50":{"start":{"line":146,"column":2},"end":{"line":146,"column":14}},"51":{"start":{"line":154,"column":0},"end":{"line":214,"column":1}},"52":{"start":{"line":159,"column":2},"end":{"line":161,"column":3}},"53":{"start":{"line":160,"column":4},"end":{"line":160,"column":35}},"54":{"start":{"line":162,"column":2},"end":{"line":178,"column":3}},"55":{"start":{"line":166,"column":4},"end":{"line":168,"column":5}},"56":{"start":{"line":167,"column":6},"end":{"line":167,"column":37}},"57":{"start":{"line":169,"column":4},"end":{"line":169,"column":10}},"58":{"start":{"line":172,"column":4},"end":{"line":174,"column":5}},"59":{"start":{"line":173,"column":6},"end":{"line":173,"column":37}},"60":{"start":{"line":175,"column":4},"end":{"line":175,"column":10}},"61":{"start":{"line":177,"column":4},"end":{"line":177,"column":35}},"62":{"start":{"line":179,"column":2},"end":{"line":213,"column":3}},"63":{"start":{"line":180,"column":4},"end":{"line":182,"column":7}},"64":{"start":{"line":181,"column":6},"end":{"line":181,"column":51}},"65":{"start":{"line":183,"column":4},"end":{"line":183,"column":18}},"66":{"start":{"line":190,"column":7},"end":{"line":213,"column":3}},"67":{"start":{"line":191,"column":4},"end":{"line":191,"column":44}},"68":{"start":{"line":193,"column":7},"end":{"line":213,"column":3}},"69":{"start":{"line":194,"column":4},"end":{"line":194,"column":33}},"70":{"start":{"line":196,"column":7},"end":{"line":213,"column":3}},"71":{"start":{"line":198,"column":4},"end":{"line":198,"column":39}},"72":{"start":{"line":199,"column":4},"end":{"line":199,"column":71}},"73":{"start":{"line":200,"column":4},"end":{"line":203,"column":6}},"74":{"start":{"line":204,"column":4},"end":{"line":204,"column":41}},"75":{"start":{"line":207,"column":4},"end":{"line":207,"column":24}},"76":{"start":{"line":208,"column":4},"end":{"line":211,"column":7}},"77":{"start":{"line":210,"column":6},"end":{"line":210,"column":50}},"78":{"start":{"line":212,"column":4},"end":{"line":212,"column":41}},"79":{"start":{"line":225,"column":0},"end":{"line":244,"column":1}},"80":{"start":{"line":227,"column":2},"end":{"line":229,"column":3}},"81":{"start":{"line":228,"column":4},"end":{"line":228,"column":17}},"82":{"start":{"line":231,"column":2},"end":{"line":233,"column":3}},"83":{"start":{"line":232,"column":4},"end":{"line":232,"column":17}},"84":{"start":{"line":236,"column":2},"end":{"line":236,"column":37}},"85":{"start":{"line":237,"column":2},"end":{"line":243,"column":3}},"86":{"start":{"line":238,"column":4},"end":{"line":238,"column":60}},"87":{"start":{"line":239,"column":4},"end":{"line":239,"column":32}},"88":{"start":{"line":242,"column":4},"end":{"line":242,"column":17}},"89":{"start":{"line":250,"column":0},"end":{"line":277,"column":1}},"90":{"start":{"line":252,"column":2},"end":{"line":252,"column":50}},"91":{"start":{"line":260,"column":2},"end":{"line":260,"column":37}},"92":{"start":{"line":263,"column":2},"end":{"line":263,"column":52}},"93":{"start":{"line":266,"column":2},"end":{"line":275,"column":3}},"94":{"start":{"line":268,"column":4},"end":{"line":269,"column":68}},"95":{"start":{"line":273,"column":4},"end":{"line":273,"column":31}},"96":{"start":{"line":274,"column":4},"end":{"line":274,"column":31}},"97":{"start":{"line":276,"column":2},"end":{"line":276,"column":18}},"98":{"start":{"line":284,"column":0},"end":{"line":307,"column":1}},"99":{"start":{"line":288,"column":2},"end":{"line":288,"column":48}},"100":{"start":{"line":290,"column":2},"end":{"line":304,"column":3}},"101":{"start":{"line":291,"column":4},"end":{"line":291,"column":34}},"102":{"start":{"line":292,"column":4},"end":{"line":292,"column":49}},"103":{"start":{"line":293,"column":4},"end":{"line":293,"column":22}},"104":{"start":{"line":297,"column":4},"end":{"line":297,"column":37}},"105":{"start":{"line":299,"column":4},"end":{"line":299,"column":54}},"106":{"start":{"line":302,"column":4},"end":{"line":302,"column":78}},"107":{"start":{"line":303,"column":4},"end":{"line":303,"column":32}},"108":{"start":{"line":306,"column":2},"end":{"line":306,"column":18}},"109":{"start":{"line":313,"column":0},"end":{"line":325,"column":1}},"110":{"start":{"line":314,"column":2},"end":{"line":316,"column":3}},"111":{"start":{"line":315,"column":4},"end":{"line":315,"column":17}},"112":{"start":{"line":317,"column":2},"end":{"line":319,"column":3}},"113":{"start":{"line":318,"column":4},"end":{"line":318,"column":16}},"114":{"start":{"line":321,"column":2},"end":{"line":323,"column":3}},"115":{"start":{"line":322,"column":4},"end":{"line":322,"column":17}},"116":{"start":{"line":324,"column":2},"end":{"line":324,"column":57}},"117":{"start":{"line":327,"column":0},"end":{"line":327,"column":33}}},"branchMap":{"1":{"line":39,"type":"if","locations":[{"start":{"line":39,"column":2},"end":{"line":39,"column":2}},{"start":{"line":39,"column":2},"end":{"line":39,"column":2}}]},"2":{"line":43,"type":"if","locations":[{"start":{"line":43,"column":4},"end":{"line":43,"column":4}},{"start":{"line":43,"column":4},"end":{"line":43,"column":4}}]},"3":{"line":48,"type":"if","locations":[{"start":{"line":48,"column":7},"end":{"line":48,"column":7}},{"start":{"line":48,"column":7},"end":{"line":48,"column":7}}]},"4":{"line":49,"type":"if","locations":[{"start":{"line":49,"column":4},"end":{"line":49,"column":4}},{"start":{"line":49,"column":4},"end":{"line":49,"column":4}}]},"5":{"line":51,"type":"if","locations":[{"start":{"line":51,"column":6},"end":{"line":51,"column":6}},{"start":{"line":51,"column":6},"end":{"line":51,"column":6}}]},"6":{"line":56,"type":"if","locations":[{"start":{"line":56,"column":11},"end":{"line":56,"column":11}},{"start":{"line":56,"column":11},"end":{"line":56,"column":11}}]},"7":{"line":74,"type":"if","locations":[{"start":{"line":74,"column":7},"end":{"line":74,"column":7}},{"start":{"line":74,"column":7},"end":{"line":74,"column":7}}]},"8":{"line":78,"type":"if","locations":[{"start":{"line":78,"column":7},"end":{"line":78,"column":7}},{"start":{"line":78,"column":7},"end":{"line":78,"column":7}}]},"9":{"line":81,"type":"if","locations":[{"start":{"line":81,"column":4},"end":{"line":81,"column":4}},{"start":{"line":81,"column":4},"end":{"line":81,"column":4}}]},"10":{"line":86,"type":"if","locations":[{"start":{"line":86,"column":7},"end":{"line":86,"column":7}},{"start":{"line":86,"column":7},"end":{"line":86,"column":7}}]},"11":{"line":90,"type":"if","locations":[{"start":{"line":90,"column":7},"end":{"line":90,"column":7}},{"start":{"line":90,"column":7},"end":{"line":90,"column":7}}]},"12":{"line":92,"type":"if","locations":[{"start":{"line":92,"column":4},"end":{"line":92,"column":4}},{"start":{"line":92,"column":4},"end":{"line":92,"column":4}}]},"13":{"line":117,"type":"if","locations":[{"start":{"line":117,"column":2},"end":{"line":117,"column":2}},{"start":{"line":117,"column":2},"end":{"line":117,"column":2}}]},"14":{"line":128,"type":"if","locations":[{"start":{"line":128,"column":4},"end":{"line":128,"column":4}},{"start":{"line":128,"column":4},"end":{"line":128,"column":4}}]},"15":{"line":128,"type":"binary-expr","locations":[{"start":{"line":128,"column":8},"end":{"line":128,"column":23}},{"start":{"line":128,"column":28},"end":{"line":128,"column":47}},{"start":{"line":129,"column":28},"end":{"line":129,"column":65}}]},"16":{"line":133,"type":"if","locations":[{"start":{"line":133,"column":9},"end":{"line":133,"column":9}},{"start":{"line":133,"column":9},"end":{"line":133,"column":9}}]},"17":{"line":142,"type":"if","locations":[{"start":{"line":142,"column":4},"end":{"line":142,"column":4}},{"start":{"line":142,"column":4},"end":{"line":142,"column":4}}]},"18":{"line":159,"type":"if","locations":[{"start":{"line":159,"column":2},"end":{"line":159,"column":2}},{"start":{"line":159,"column":2},"end":{"line":159,"column":2}}]},"19":{"line":162,"type":"switch","locations":[{"start":{"line":164,"column":2},"end":{"line":164,"column":11}},{"start":{"line":165,"column":2},"end":{"line":169,"column":10}},{"start":{"line":170,"column":2},"end":{"line":170,"column":11}},{"start":{"line":171,"column":2},"end":{"line":175,"column":10}},{"start":{"line":176,"column":2},"end":{"line":177,"column":35}}]},"20":{"line":166,"type":"if","locations":[{"start":{"line":166,"column":4},"end":{"line":166,"column":4}},{"start":{"line":166,"column":4},"end":{"line":166,"column":4}}]},"21":{"line":172,"type":"if","locations":[{"start":{"line":172,"column":4},"end":{"line":172,"column":4}},{"start":{"line":172,"column":4},"end":{"line":172,"column":4}}]},"22":{"line":179,"type":"if","locations":[{"start":{"line":179,"column":2},"end":{"line":179,"column":2}},{"start":{"line":179,"column":2},"end":{"line":179,"column":2}}]},"23":{"line":190,"type":"if","locations":[{"start":{"line":190,"column":7},"end":{"line":190,"column":7}},{"start":{"line":190,"column":7},"end":{"line":190,"column":7}}]},"24":{"line":190,"type":"binary-expr","locations":[{"start":{"line":190,"column":11},"end":{"line":190,"column":27}},{"start":{"line":190,"column":31},"end":{"line":190,"column":67}}]},"25":{"line":193,"type":"if","locations":[{"start":{"line":193,"column":7},"end":{"line":193,"column":7}},{"start":{"line":193,"column":7},"end":{"line":193,"column":7}}]},"26":{"line":193,"type":"binary-expr","locations":[{"start":{"line":193,"column":11},"end":{"line":193,"column":27}},{"start":{"line":193,"column":31},"end":{"line":193,"column":46}}]},"27":{"line":196,"type":"if","locations":[{"start":{"line":196,"column":7},"end":{"line":196,"column":7}},{"start":{"line":196,"column":7},"end":{"line":196,"column":7}}]},"28":{"line":227,"type":"if","locations":[{"start":{"line":227,"column":2},"end":{"line":227,"column":2}},{"start":{"line":227,"column":2},"end":{"line":227,"column":2}}]},"29":{"line":231,"type":"if","locations":[{"start":{"line":231,"column":2},"end":{"line":231,"column":2}},{"start":{"line":231,"column":2},"end":{"line":231,"column":2}}]},"30":{"line":237,"type":"if","locations":[{"start":{"line":237,"column":2},"end":{"line":237,"column":2}},{"start":{"line":237,"column":2},"end":{"line":237,"column":2}}]},"31":{"line":266,"type":"if","locations":[{"start":{"line":266,"column":2},"end":{"line":266,"column":2}},{"start":{"line":266,"column":2},"end":{"line":266,"column":2}}]},"32":{"line":290,"type":"if","locations":[{"start":{"line":290,"column":2},"end":{"line":290,"column":2}},{"start":{"line":290,"column":2},"end":{"line":290,"column":2}}]},"33":{"line":314,"type":"if","locations":[{"start":{"line":314,"column":2},"end":{"line":314,"column":2}},{"start":{"line":314,"column":2},"end":{"line":314,"column":2}}]},"34":{"line":317,"type":"if","locations":[{"start":{"line":317,"column":2},"end":{"line":317,"column":2}},{"start":{"line":317,"column":2},"end":{"line":317,"column":2}}]},"35":{"line":321,"type":"if","locations":[{"start":{"line":321,"column":2},"end":{"line":321,"column":2}},{"start":{"line":321,"column":2},"end":{"line":321,"column":2}}]}}},"/Users/nitintulswani/Desktop/mathsteps/lib/checks/index.js":{"path":"/Users/nitintulswani/Desktop/mathsteps/lib/checks/index.js","s":{"1":1,"2":1,"3":1,"4":1,"5":1,"6":1,"7":1},"b":{},"f":{},"fnMap":{},"statementMap":{"1":{"start":{"line":1,"column":0},"end":{"line":1,"column":81}},"2":{"start":{"line":2,"column":0},"end":{"line":2,"column":91}},"3":{"start":{"line":3,"column":0},"end":{"line":3,"column":69}},"4":{"start":{"line":4,"column":0},"end":{"line":4,"column":75}},"5":{"start":{"line":5,"column":0},"end":{"line":5,"column":61}},"6":{"start":{"line":6,"column":0},"end":{"line":6,"column":59}},"7":{"start":{"line":8,"column":0},"end":{"line":15,"column":2}}},"branchMap":{}},"/Users/nitintulswani/Desktop/mathsteps/lib/checks/canAddLikeTermPolynomialNodes.js":{"path":"/Users/nitintulswani/Desktop/mathsteps/lib/checks/canAddLikeTermPolynomialNodes.js","s":{"1":1,"2":1,"3":1069,"4":16,"5":1053,"6":1053,"7":2100,"8":615,"9":438,"10":0,"11":438,"12":991,"13":438,"14":438,"15":438,"16":438,"17":438,"18":456,"19":456,"20":456,"21":456,"22":1},"b":{"1":[16,1053],"2":[1069,1068],"3":[615,438],"4":[0,438],"5":[456,441]},"f":{"1":1069},"fnMap":{"1":{"name":"canAddLikeTermPolynomialNodes","line":6,"loc":{"start":{"line":6,"column":0},"end":{"line":6,"column":45}}}},"statementMap":{"1":{"start":{"line":3,"column":0},"end":{"line":3,"column":32}},"2":{"start":{"line":6,"column":0},"end":{"line":32,"column":1}},"3":{"start":{"line":7,"column":2},"end":{"line":9,"column":3}},"4":{"start":{"line":8,"column":4},"end":{"line":8,"column":17}},"5":{"start":{"line":10,"column":2},"end":{"line":10,"column":25}},"6":{"start":{"line":11,"column":2},"end":{"line":13,"column":3}},"7":{"start":{"line":11,"column":23},"end":{"line":11,"column":62}},"8":{"start":{"line":12,"column":4},"end":{"line":12,"column":17}},"9":{"start":{"line":14,"column":2},"end":{"line":16,"column":3}},"10":{"start":{"line":15,"column":4},"end":{"line":15,"column":17}},"11":{"start":{"line":18,"column":2},"end":{"line":18,"column":71}},"12":{"start":{"line":18,"column":43},"end":{"line":18,"column":69}},"13":{"start":{"line":21,"column":2},"end":{"line":21,"column":42}},"14":{"start":{"line":22,"column":2},"end":{"line":22,"column":49}},"15":{"start":{"line":23,"column":2},"end":{"line":23,"column":61}},"16":{"start":{"line":25,"column":2},"end":{"line":25,"column":48}},"17":{"start":{"line":26,"column":2},"end":{"line":31,"column":5}},"18":{"start":{"line":27,"column":4},"end":{"line":27,"column":65}},"19":{"start":{"line":28,"column":4},"end":{"line":28,"column":52}},"20":{"start":{"line":29,"column":4},"end":{"line":29,"column":69}},"21":{"start":{"line":30,"column":4},"end":{"line":30,"column":46}},"22":{"start":{"line":34,"column":0},"end":{"line":34,"column":47}}},"branchMap":{"1":{"line":7,"type":"if","locations":[{"start":{"line":7,"column":2},"end":{"line":7,"column":2}},{"start":{"line":7,"column":2},"end":{"line":7,"column":2}}]},"2":{"line":7,"type":"binary-expr","locations":[{"start":{"line":7,"column":6},"end":{"line":7,"column":33}},{"start":{"line":7,"column":37},"end":{"line":7,"column":52}}]},"3":{"line":11,"type":"if","locations":[{"start":{"line":11,"column":2},"end":{"line":11,"column":2}},{"start":{"line":11,"column":2},"end":{"line":11,"column":2}}]},"4":{"line":14,"type":"if","locations":[{"start":{"line":14,"column":2},"end":{"line":14,"column":2}},{"start":{"line":14,"column":2},"end":{"line":14,"column":2}}]},"5":{"line":30,"type":"binary-expr","locations":[{"start":{"line":30,"column":11},"end":{"line":30,"column":25}},{"start":{"line":30,"column":29},"end":{"line":30,"column":45}}]}}},"/Users/nitintulswani/Desktop/mathsteps/lib/checks/canMultiplyLikeTermPolynomialNodes.js":{"path":"/Users/nitintulswani/Desktop/mathsteps/lib/checks/canMultiplyLikeTermPolynomialNodes.js","s":{"1":1,"2":1,"3":1067,"4":586,"5":481,"6":481,"7":560,"8":428,"9":53,"10":0,"11":53,"12":108,"13":53,"14":102,"15":9,"16":44,"17":44,"18":44,"19":45,"20":1},"b":{"1":[586,481],"2":[1067,1066],"3":[428,53],"4":[0,53],"5":[9,44]},"f":{"1":1067},"fnMap":{"1":{"name":"canMultiplyLikeTermPolynomialNodes","line":7,"loc":{"start":{"line":7,"column":0},"end":{"line":7,"column":50}}}},"statementMap":{"1":{"start":{"line":3,"column":0},"end":{"line":3,"column":32}},"2":{"start":{"line":7,"column":0},"end":{"line":28,"column":1}},"3":{"start":{"line":8,"column":2},"end":{"line":10,"column":3}},"4":{"start":{"line":9,"column":4},"end":{"line":9,"column":17}},"5":{"start":{"line":11,"column":2},"end":{"line":11,"column":25}},"6":{"start":{"line":12,"column":2},"end":{"line":14,"column":3}},"7":{"start":{"line":12,"column":23},"end":{"line":12,"column":62}},"8":{"start":{"line":13,"column":4},"end":{"line":13,"column":17}},"9":{"start":{"line":15,"column":2},"end":{"line":17,"column":3}},"10":{"start":{"line":16,"column":4},"end":{"line":16,"column":17}},"11":{"start":{"line":19,"column":2},"end":{"line":19,"column":76}},"12":{"start":{"line":19,"column":48},"end":{"line":19,"column":74}},"13":{"start":{"line":20,"column":2},"end":{"line":22,"column":3}},"14":{"start":{"line":20,"column":44},"end":{"line":20,"column":64}},"15":{"start":{"line":21,"column":4},"end":{"line":21,"column":17}},"16":{"start":{"line":24,"column":2},"end":{"line":24,"column":42}},"17":{"start":{"line":25,"column":2},"end":{"line":25,"column":48}},"18":{"start":{"line":27,"column":2},"end":{"line":27,"column":85}},"19":{"start":{"line":27,"column":33},"end":{"line":27,"column":83}},"20":{"start":{"line":30,"column":0},"end":{"line":30,"column":52}}},"branchMap":{"1":{"line":8,"type":"if","locations":[{"start":{"line":8,"column":2},"end":{"line":8,"column":2}},{"start":{"line":8,"column":2},"end":{"line":8,"column":2}}]},"2":{"line":8,"type":"binary-expr","locations":[{"start":{"line":8,"column":6},"end":{"line":8,"column":33}},{"start":{"line":8,"column":37},"end":{"line":8,"column":52}}]},"3":{"line":12,"type":"if","locations":[{"start":{"line":12,"column":2},"end":{"line":12,"column":2}},{"start":{"line":12,"column":2},"end":{"line":12,"column":2}}]},"4":{"line":15,"type":"if","locations":[{"start":{"line":15,"column":2},"end":{"line":15,"column":2}},{"start":{"line":15,"column":2},"end":{"line":15,"column":2}}]},"5":{"line":20,"type":"if","locations":[{"start":{"line":20,"column":2},"end":{"line":20,"column":2}},{"start":{"line":20,"column":2},"end":{"line":20,"column":2}}]}}},"/Users/nitintulswani/Desktop/mathsteps/lib/checks/canRearrangeCoefficient.js":{"path":"/Users/nitintulswani/Desktop/mathsteps/lib/checks/canRearrangeCoefficient.js","s":{"1":1,"2":1,"3":5669,"4":5373,"5":296,"6":49,"7":247,"8":159,"9":88,"10":60,"11":28,"12":28,"13":1},"b":{"1":[5373,296],"2":[5669,664],"3":[49,247],"4":[159,88],"5":[60,28]},"f":{"1":5669},"fnMap":{"1":{"name":"canRearrangeCoefficient","line":7,"loc":{"start":{"line":7,"column":0},"end":{"line":7,"column":39}}}},"statementMap":{"1":{"start":{"line":3,"column":0},"end":{"line":3,"column":32}},"2":{"start":{"line":7,"column":0},"end":{"line":25,"column":1}},"3":{"start":{"line":10,"column":2},"end":{"line":12,"column":3}},"4":{"start":{"line":11,"column":4},"end":{"line":11,"column":17}},"5":{"start":{"line":13,"column":2},"end":{"line":15,"column":3}},"6":{"start":{"line":14,"column":4},"end":{"line":14,"column":17}},"7":{"start":{"line":16,"column":2},"end":{"line":18,"column":3}},"8":{"start":{"line":17,"column":4},"end":{"line":17,"column":17}},"9":{"start":{"line":19,"column":2},"end":{"line":21,"column":3}},"10":{"start":{"line":20,"column":4},"end":{"line":20,"column":17}},"11":{"start":{"line":23,"column":2},"end":{"line":23,"column":57}},"12":{"start":{"line":24,"column":2},"end":{"line":24,"column":30}},"13":{"start":{"line":27,"column":0},"end":{"line":27,"column":41}}},"branchMap":{"1":{"line":10,"type":"if","locations":[{"start":{"line":10,"column":2},"end":{"line":10,"column":2}},{"start":{"line":10,"column":2},"end":{"line":10,"column":2}}]},"2":{"line":10,"type":"binary-expr","locations":[{"start":{"line":10,"column":6},"end":{"line":10,"column":21}},{"start":{"line":10,"column":25},"end":{"line":10,"column":38}}]},"3":{"line":13,"type":"if","locations":[{"start":{"line":13,"column":2},"end":{"line":13,"column":2}},{"start":{"line":13,"column":2},"end":{"line":13,"column":2}}]},"4":{"line":16,"type":"if","locations":[{"start":{"line":16,"column":2},"end":{"line":16,"column":2}},{"start":{"line":16,"column":2},"end":{"line":16,"column":2}}]},"5":{"line":19,"type":"if","locations":[{"start":{"line":19,"column":2},"end":{"line":19,"column":2}},{"start":{"line":19,"column":2},"end":{"line":19,"column":2}}]}}},"/Users/nitintulswani/Desktop/mathsteps/lib/checks/canSimplifyPolynomialTerms.js":{"path":"/Users/nitintulswani/Desktop/mathsteps/lib/checks/canSimplifyPolynomialTerms.js","s":{"1":1,"2":1,"3":1,"4":1,"5":718,"6":1},"b":{"1":[718,601,599]},"f":{"1":718},"fnMap":{"1":{"name":"canSimplifyPolynomialTerms","line":9,"loc":{"start":{"line":9,"column":0},"end":{"line":9,"column":42}}}},"statementMap":{"1":{"start":{"line":3,"column":0},"end":{"line":3,"column":81}},"2":{"start":{"line":4,"column":0},"end":{"line":4,"column":91}},"3":{"start":{"line":5,"column":0},"end":{"line":5,"column":69}},"4":{"start":{"line":9,"column":0},"end":{"line":13,"column":1}},"5":{"start":{"line":10,"column":2},"end":{"line":12,"column":41}},"6":{"start":{"line":15,"column":0},"end":{"line":15,"column":44}}},"branchMap":{"1":{"line":10,"type":"binary-expr","locations":[{"start":{"line":10,"column":10},"end":{"line":10,"column":45}},{"start":{"line":11,"column":10},"end":{"line":11,"column":50}},{"start":{"line":12,"column":10},"end":{"line":12,"column":39}}]}}},"/Users/nitintulswani/Desktop/mathsteps/lib/checks/hasUnsupportedNodes.js":{"path":"/Users/nitintulswani/Desktop/mathsteps/lib/checks/hasUnsupportedNodes.js","s":{"1":1,"2":1,"3":1,"4":3963,"5":419,"6":3544,"7":159,"8":3385,"9":1363,"10":2022,"11":1985,"12":37,"13":18,"14":0,"15":18,"16":0,"17":18,"18":19,"19":16,"20":3,"21":1},"b":{"1":[419,3544],"2":[159,3385],"3":[1363,2022],"4":[1985,37],"5":[2022,1402],"6":[18,19],"7":[0,18],"8":[0,18],"9":[16,3]},"f":{"1":3963},"fnMap":{"1":{"name":"hasUnsupportedNodes","line":6,"loc":{"start":{"line":6,"column":0},"end":{"line":6,"column":35}}}},"statementMap":{"1":{"start":{"line":3,"column":0},"end":{"line":3,"column":59}},"2":{"start":{"line":4,"column":0},"end":{"line":4,"column":32}},"3":{"start":{"line":6,"column":0},"end":{"line":34,"column":1}},"4":{"start":{"line":7,"column":2},"end":{"line":33,"column":3}},"5":{"start":{"line":8,"column":4},"end":{"line":8,"column":45}},"6":{"start":{"line":10,"column":7},"end":{"line":33,"column":3}},"7":{"start":{"line":11,"column":4},"end":{"line":11,"column":45}},"8":{"start":{"line":13,"column":7},"end":{"line":33,"column":3}},"9":{"start":{"line":14,"column":4},"end":{"line":14,"column":47}},"10":{"start":{"line":16,"column":7},"end":{"line":33,"column":3}},"11":{"start":{"line":17,"column":4},"end":{"line":17,"column":17}},"12":{"start":{"line":19,"column":7},"end":{"line":33,"column":3}},"13":{"start":{"line":20,"column":4},"end":{"line":22,"column":5}},"14":{"start":{"line":21,"column":6},"end":{"line":21,"column":18}},"15":{"start":{"line":23,"column":4},"end":{"line":25,"column":5}},"16":{"start":{"line":24,"column":6},"end":{"line":24,"column":18}},"17":{"start":{"line":26,"column":4},"end":{"line":26,"column":45}},"18":{"start":{"line":28,"column":7},"end":{"line":33,"column":3}},"19":{"start":{"line":29,"column":4},"end":{"line":29,"column":47}},"20":{"start":{"line":32,"column":4},"end":{"line":32,"column":16}},"21":{"start":{"line":36,"column":0},"end":{"line":36,"column":37}}},"branchMap":{"1":{"line":7,"type":"if","locations":[{"start":{"line":7,"column":2},"end":{"line":7,"column":2}},{"start":{"line":7,"column":2},"end":{"line":7,"column":2}}]},"2":{"line":10,"type":"if","locations":[{"start":{"line":10,"column":7},"end":{"line":10,"column":7}},{"start":{"line":10,"column":7},"end":{"line":10,"column":7}}]},"3":{"line":13,"type":"if","locations":[{"start":{"line":13,"column":7},"end":{"line":13,"column":7}},{"start":{"line":13,"column":7},"end":{"line":13,"column":7}}]},"4":{"line":16,"type":"if","locations":[{"start":{"line":16,"column":7},"end":{"line":16,"column":7}},{"start":{"line":16,"column":7},"end":{"line":16,"column":7}}]},"5":{"line":16,"type":"binary-expr","locations":[{"start":{"line":16,"column":11},"end":{"line":16,"column":35}},{"start":{"line":16,"column":39},"end":{"line":16,"column":65}}]},"6":{"line":19,"type":"if","locations":[{"start":{"line":19,"column":7},"end":{"line":19,"column":7}},{"start":{"line":19,"column":7},"end":{"line":19,"column":7}}]},"7":{"line":20,"type":"if","locations":[{"start":{"line":20,"column":4},"end":{"line":20,"column":4}},{"start":{"line":20,"column":4},"end":{"line":20,"column":4}}]},"8":{"line":23,"type":"if","locations":[{"start":{"line":23,"column":4},"end":{"line":23,"column":4}},{"start":{"line":23,"column":4},"end":{"line":23,"column":4}}]},"9":{"line":28,"type":"if","locations":[{"start":{"line":28,"column":7},"end":{"line":28,"column":7}},{"start":{"line":28,"column":7},"end":{"line":28,"column":7}}]}}},"/Users/nitintulswani/Desktop/mathsteps/lib/checks/resolvesToConstant.js":{"path":"/Users/nitintulswani/Desktop/mathsteps/lib/checks/resolvesToConstant.js","s":{"1":1,"2":1,"3":3838,"4":1927,"5":2599,"6":1911,"7":45,"8":1866,"9":1109,"10":757,"11":715,"12":42,"13":42,"14":0,"15":1},"b":{"1":[1927,1911],"2":[3838,1913],"3":[45,1866],"4":[1109,757],"5":[715,42],"6":[42,0]},"f":{"1":3838},"fnMap":{"1":{"name":"resolvesToConstant","line":8,"loc":{"start":{"line":8,"column":0},"end":{"line":8,"colum
[...]
t":{"line":64,"column":2},"end":{"line":64,"column":44}},"36":{"start":{"line":65,"column":2},"end":{"line":66,"column":62}},"37":{"start":{"line":69,"column":0},"end":{"line":73,"column":2}},"38":{"start":{"line":70,"column":2},"end":{"line":70,"column":68}},"39":{"start":{"line":71,"column":2},"end":{"line":71,"column":70}},"40":{"start":{"line":72,"column":2},"end":{"line":72,"column":64}},"41":{"start":{"line":75,"column":0},"end":{"line":75,"column":24}}},"branchMap":{"1":{"line":13,"type":"if","locations":[{"start":{"line":13,"column":4},"end":{"line":13,"column":4}},{"start":{"line":13,"column":4},"end":{"line":13,"column":4}}]},"2":{"line":16,"type":"if","locations":[{"start":{"line":16,"column":4},"end":{"line":16,"column":4}},{"start":{"line":16,"column":4},"end":{"line":16,"column":4}}]},"3":{"line":16,"type":"binary-expr","locations":[{"start":{"line":16,"column":8},"end":{"line":16,"column":32}},{"start":{"line":16,"column":36},"end":{"line":16,"column":67}}]},"4":{"line":43,"type":"if","locations":[{"start":{"line":43,"column":2},"end":{"line":43,"column":2}},{"start":{"line":43,"column":2},"end":{"line":43,"column":2}}]},"5":{"line":59,"type":"if","locations":[{"start":{"line":59,"column":2},"end":{"line":59,"column":2}},{"start":{"line":59,"column":2},"end":{"line":59,"column":2}}]}}},"/Users/nitintulswani/Desktop/mathsteps/lib/solveEquation/EquationOperations.js":{"path":"/Users/nitintulswani/Desktop/mathsteps/lib/solveEquation/EquationOperations.js","s":{"1":1,"2":1,"3":1,"4":1,"5":1,"6":1,"7":1,"8":1,"9":1,"10":1,"11":111,"12":111,"13":111,"14":4,"15":2,"16":2,"17":2,"18":2,"19":2,"20":107,"21":1,"22":107,"23":1,"24":107,"25":107,"26":107,"27":107,"28":89,"29":18,"30":18,"31":8,"32":2,"33":2,"34":2,"35":6,"36":6,"37":6,"38":10,"39":10,"40":10,"41":0,"42":0,"43":0,"44":10,"45":10,"46":10,"47":0,"48":0,"49":0,"50":0,"51":0,"52":0,"53":18,"54":1,"55":89,"56":89,"57":89,"58":89,"59":35,"60":54,"61":54,"62":51,"63":30,"64":10,"65":10,"66":10,"67":20,"68":20,"69":20,"70":21,"71":18,"72":6,"73":6,"74":6,"75":12,"76":12,"77":12,"78":3,"79":3,"80":2,"81":2,"82":2,"83":1,"84":1,"85":1,"86":0,"87":0,"88":0,"89":3,"90":3,"91":3,"92":3,"93":0,"94":54,"95":1,"96":72,"97":72,"98":72,"99":72,"100":72,"101":72,"102":72,"103":12,"104":72,"105":72,"106":1,"107":144,"108":144,"109":144,"110":144,"111":1},"b":{"1":[4,107],"2":[2,2],"3":[89,18],"4":[8,10],"5":[2,6],"6":[10,0],"7":[10,0],"8":[0,10],"9":[0,0],"10":[35,54],"11":[51,3],"12":[30,21],"13":[10,20],"14":[18,3],"15":[6,12],"16":[3,0],"17":[2,1],"18":[0,0],"19":[3,0],"20":[12,60],"21":[72,12,6],"22":[92,52]},"f":{"1":111,"2":107,"3":107,"4":89,"5":72,"6":144},"fnMap":{"1":{"name":"(anonymous_1)","line":26,"loc":{"start":{"line":26,"column":44},"end":{"line":26,"column":75}}},"2":{"name":"(anonymous_2)","line":54,"loc":{"start":{"line":54,"column":49},"end":{"line":54,"column":68}}},"3":{"name":"(anonymous_3)","line":65,"loc":{"start":{"line":65,"column":47},"end":{"line":65,"column":78}}},"4":{"name":"(anonymous_4)","line":125,"loc":{"start":{"line":125,"column":45},"end":{"line":125,"column":76}}},"5":{"name":"performTermOperationOnEquation","line":204,"loc":{"start":{"line":204,"column":0},"end":{"line":204,"column":72}}},"6":{"name":"performTermOperationOnExpression","line":224,"loc":{"start":{"line":224,"column":0},"end":{"line":224,"column":64}}}},"statementMap":{"1":{"start":{"line":4,"column":0},"end":{"line":4,"column":49}},"2":{"start":{"line":5,"column":0},"end":{"line":5,"column":53}},"3":{"start":{"line":7,"column":0},"end":{"line":7,"column":39}},"4":{"start":{"line":8,"column":0},"end":{"line":8,"column":46}},"5":{"start":{"line":9,"column":0},"end":{"line":9,"column":40}},"6":{"start":{"line":10,"column":0},"end":{"line":10,"column":32}},"7":{"start":{"line":11,"column":0},"end":{"line":11,"column":38}},"8":{"start":{"line":13,"column":0},"end":{"line":19,"column":2}},"9":{"start":{"line":21,"column":0},"end":{"line":21,"column":30}},"10":{"start":{"line":26,"column":0},"end":{"line":48,"column":2}},"11":{"start":{"line":27,"column":2},"end":{"line":28,"column":35}},"12":{"start":{"line":29,"column":2},"end":{"line":30,"column":36}},"13":{"start":{"line":32,"column":2},"end":{"line":46,"column":3}},"14":{"start":{"line":33,"column":4},"end":{"line":45,"column":5}},"15":{"start":{"line":34,"column":6},"end":{"line":34,"column":68}},"16":{"start":{"line":35,"column":6},"end":{"line":35,"column":35}},"17":{"start":{"line":36,"column":6},"end":{"line":37,"column":59}},"18":{"start":{"line":40,"column":6},"end":{"line":41,"column":58}},"19":{"start":{"line":44,"column":6},"end":{"line":44,"column":56}},"20":{"start":{"line":47,"column":2},"end":{"line":47,"column":43}},"21":{"start":{"line":54,"column":0},"end":{"line":57,"column":2}},"22":{"start":{"line":56,"column":2},"end":{"line":56,"column":43}},"23":{"start":{"line":65,"column":0},"end":{"line":120,"column":2}},"24":{"start":{"line":66,"column":2},"end":{"line":66,"column":39}},"25":{"start":{"line":67,"column":2},"end":{"line":67,"column":68}},"26":{"start":{"line":69,"column":2},"end":{"line":69,"column":41}},"27":{"start":{"line":70,"column":2},"end":{"line":72,"column":3}},"28":{"start":{"line":71,"column":4},"end":{"line":71,"column":45}},"29":{"start":{"line":76,"column":2},"end":{"line":76,"column":33}},"30":{"start":{"line":78,"column":2},"end":{"line":117,"column":3}},"31":{"start":{"line":79,"column":4},"end":{"line":88,"column":5}},"32":{"start":{"line":80,"column":6},"end":{"line":80,"column":22}},"33":{"start":{"line":81,"column":6},"end":{"line":81,"column":49}},"34":{"start":{"line":82,"column":6},"end":{"line":82,"column":48}},"35":{"start":{"line":85,"column":6},"end":{"line":85,"column":22}},"36":{"start":{"line":86,"column":6},"end":{"line":86,"column":56}},"37":{"start":{"line":87,"column":6},"end":{"line":87,"column":31}},"38":{"start":{"line":90,"column":7},"end":{"line":117,"column":3}},"39":{"start":{"line":91,"column":4},"end":{"line":108,"column":5}},"40":{"start":{"line":92,"column":6},"end":{"line":101,"column":7}},"41":{"start":{"line":93,"column":8},"end":{"line":93,"column":24}},"42":{"start":{"line":94,"column":8},"end":{"line":94,"column":51}},"43":{"start":{"line":95,"column":8},"end":{"line":95,"column":50}},"44":{"start":{"line":98,"column":8},"end":{"line":98,"column":24}},"45":{"start":{"line":99,"column":8},"end":{"line":99,"column":58}},"46":{"start":{"line":100,"column":8},"end":{"line":100,"column":33}},"47":{"start":{"line":107,"column":6},"end":{"line":107,"column":61}},"48":{"start":{"line":110,"column":7},"end":{"line":117,"column":3}},"49":{"start":{"line":111,"column":4},"end":{"line":111,"column":20}},"50":{"start":{"line":112,"column":4},"end":{"line":112,"column":47}},"51":{"start":{"line":113,"column":4},"end":{"line":113,"column":37}},"52":{"start":{"line":116,"column":4},"end":{"line":116,"column":60}},"53":{"start":{"line":118,"column":2},"end":{"line":119,"column":52}},"54":{"start":{"line":125,"column":0},"end":{"line":200,"column":2}},"55":{"start":{"line":126,"column":2},"end":{"line":126,"column":37}},"56":{"start":{"line":127,"column":2},"end":{"line":127,"column":73}},"57":{"start":{"line":129,"column":2},"end":{"line":129,"column":41}},"58":{"start":{"line":130,"column":2},"end":{"line":132,"column":3}},"59":{"start":{"line":131,"column":4},"end":{"line":131,"column":45}},"60":{"start":{"line":136,"column":2},"end":{"line":136,"column":39}},"61":{"start":{"line":138,"column":2},"end":{"line":196,"column":3}},"62":{"start":{"line":139,"column":4},"end":{"line":187,"column":5}},"63":{"start":{"line":140,"column":6},"end":{"line":149,"column":7}},"64":{"start":{"line":141,"column":8},"end":{"line":141,"column":24}},"65":{"start":{"line":142,"column":8},"end":{"line":142,"column":51}},"66":{"start":{"line":143,"column":8},"end":{"line":143,"column":53}},"67":{"start":{"line":146,"column":8},"end":{"line":146,"column":24}},"68":{"start":{"line":147,"column":8},"end":{"line":147,"column":58}},"69":{"start":{"line":148,"column":8},"end":{"line":148,"column":36}},"70":{"start":{"line":151,"column":9},"end":{"line":187,"column":5}},"71":{"start":{"line":152,"column":6},"end":{"line":162,"column":7}},"72":{"start":{"line":153,"column":8},"end":{"line":153,"column":24}},"73":{"start":{"line":154,"column":8},"end":{"line":154,"column":73}},"74":{"start":{"line":155,"column":8},"end":{"line":156,"column":63}},"75":{"start":{"line":159,"column":8},"end":{"line":159,"column":24}},"76":{"start":{"line":160,"column":8},"end":{"line":160,"column":56}},"77":{"start":{"line":161,"column":8},"end":{"line":161,"column":36}},"78":{"start":{"line":164,"column":9},"end":{"line":187,"column":5}},"79":{"start":{"line":169,"column":6},"end":{"line":179,"column":7}},"80":{"start":{"line":170,"column":8},"end":{"line":170,"column":24}},"81":{"start":{"line":171,"column":8},"end":{"line":171,"column":56}},"82":{"start":{"line":172,"column":8},"end":{"line":172,"column":44}},"83":{"start":{"line":175,"column":8},"end":{"line":175,"column":24}},"84":{"start":{"line":176,"column":8},"end":{"line":176,"column":73}},"85":{"start":{"line":177,"column":8},"end":{"line":178,"column":63}},"86":{"start":{"line":181,"column":9},"end":{"line":187,"column":5}},"87":{"start":{"line":183,"column":6},"end":{"line":183,"column":47}},"88":{"start":{"line":186,"column":6},"end":{"line":186,"column":59}},"89":{"start":{"line":189,"column":7},"end":{"line":196,"column":3}},"90":{"start":{"line":190,"column":4},"end":{"line":190,"column":20}},"91":{"start":{"line":191,"column":4},"end":{"line":191,"column":65}},"92":{"start":{"line":192,"column":4},"end":{"line":192,"column":45}},"93":{"start":{"line":195,"column":4},"end":{"line":195,"column":59}},"94":{"start":{"line":198,"column":2},"end":{"line":199,"column":52}},"95":{"start":{"line":204,"column":0},"end":{"line":221,"column":1}},"96":{"start":{"line":205,"column":2},"end":{"line":205,"column":39}},"97":{"start":{"line":207,"column":2},"end":{"line":207,"column":31}},"98":{"start":{"line":208,"column":2},"end":{"line":208,"column":32}},"99":{"start":{"line":209,"column":2},"end":{"line":210,"column":37}},"100":{"start":{"line":211,"column":2},"end":{"line":212,"column":39}},"101":{"start":{"line":214,"column":2},"end":{"line":214,"column":39}},"102":{"start":{"line":215,"column":2},"end":{"line":217,"column":3}},"103":{"start":{"line":216,"column":4},"end":{"line":216,"column":51}},"104":{"start":{"line":219,"column":2},"end":{"line":219,"column":68}},"105":{"start":{"line":220,"column":2},"end":{"line":220,"column":66}},"106":{"start":{"line":224,"column":0},"end":{"line":232,"column":1}},"107":{"start":{"line":225,"column":2},"end":{"line":226,"column":55}},"108":{"start":{"line":228,"column":2},"end":{"line":228,"column":23}},"109":{"start":{"line":229,"column":2},"end":{"line":229,"column":58}},"110":{"start":{"line":231,"column":2},"end":{"line":231,"column":17}},"111":{"start":{"line":234,"column":0},"end":{"line":234,"column":36}}},"branchMap":{"1":{"line":32,"type":"if","locations":[{"start":{"line":32,"column":2},"end":{"line":32,"column":2}},{"start":{"line":32,"column":2},"end":{"line":32,"column":2}}]},"2":{"line":33,"type":"if","locations":[{"start":{"line":33,"column":4},"end":{"line":33,"column":4}},{"start":{"line":33,"column":4},"end":{"line":33,"column":4}}]},"3":{"line":70,"type":"if","locations":[{"start":{"line":70,"column":2},"end":{"line":70,"column":2}},{"start":{"line":70,"column":2},"end":{"line":70,"column":2}}]},"4":{"line":78,"type":"if","locations":[{"start":{"line":78,"column":2},"end":{"line":78,"column":2}},{"start":{"line":78,"column":2},"end":{"line":78,"column":2}}]},"5":{"line":79,"type":"if","locations":[{"start":{"line":79,"column":4},"end":{"line":79,"column":4}},{"start":{"line":79,"column":4},"end":{"line":79,"column":4}}]},"6":{"line":90,"type":"if","locations":[{"start":{"line":90,"column":7},"end":{"line":90,"column":7}},{"start":{"line":90,"column":7},"end":{"line":90,"column":7}}]},"7":{"line":91,"type":"if","locations":[{"start":{"line":91,"column":4},"end":{"line":91,"column":4}},{"start":{"line":91,"column":4},"end":{"line":91,"column":4}}]},"8":{"line":92,"type":"if","locations":[{"start":{"line":92,"column":6},"end":{"line":92,"column":6}},{"start":{"line":92,"column":6},"end":{"line":92,"column":6}}]},"9":{"line":110,"type":"if","locations":[{"start":{"line":110,"column":7},"end":{"line":110,"column":7}},{"start":{"line":110,"column":7},"end":{"line":110,"column":7}}]},"10":{"line":130,"type":"if","locations":[{"start":{"line":130,"column":2},"end":{"line":130,"column":2}},{"start":{"line":130,"column":2},"end":{"line":130,"column":2}}]},"11":{"line":138,"type":"if","locations":[{"start":{"line":138,"column":2},"end":{"line":138,"column":2}},{"start":{"line":138,"column":2},"end":{"line":138,"column":2}}]},"12":{"line":139,"type":"if","locations":[{"start":{"line":139,"column":4},"end":{"line":139,"column":4}},{"start":{"line":139,"column":4},"end":{"line":139,"column":4}}]},"13":{"line":140,"type":"if","locations":[{"start":{"line":140,"column":6},"end":{"line":140,"column":6}},{"start":{"line":140,"column":6},"end":{"line":140,"column":6}}]},"14":{"line":151,"type":"if","locations":[{"start":{"line":151,"column":9},"end":{"line":151,"column":9}},{"start":{"line":151,"column":9},"end":{"line":151,"column":9}}]},"15":{"line":152,"type":"if","locations":[{"start":{"line":152,"column":6},"end":{"line":152,"column":6}},{"start":{"line":152,"column":6},"end":{"line":152,"column":6}}]},"16":{"line":164,"type":"if","locations":[{"start":{"line":164,"column":9},"end":{"line":164,"column":9}},{"start":{"line":164,"column":9},"end":{"line":164,"column":9}}]},"17":{"line":169,"type":"if","locations":[{"start":{"line":169,"column":6},"end":{"line":169,"column":6}},{"start":{"line":169,"column":6},"end":{"line":169,"column":6}}]},"18":{"line":181,"type":"if","locations":[{"start":{"line":181,"column":9},"end":{"line":181,"column":9}},{"start":{"line":181,"column":9},"end":{"line":181,"column":9}}]},"19":{"line":189,"type":"if","locations":[{"start":{"line":189,"column":7},"end":{"line":189,"column":7}},{"start":{"line":189,"column":7},"end":{"line":189,"column":7}}]},"20":{"line":215,"type":"if","locations":[{"start":{"line":215,"column":2},"end":{"line":215,"column":2}},{"start":{"line":215,"column":2},"end":{"line":215,"column":2}}]},"21":{"line":215,"type":"binary-expr","locations":[{"start":{"line":215,"column":6},"end":{"line":215,"column":31}},{"start":{"line":215,"column":36},"end":{"line":215,"column":46}},{"start":{"line":215,"column":50},"end":{"line":215,"column":60}}]},"22":{"line":225,"type":"cond-expr","locations":[{"start":{"line":226,"column":4},"end":{"line":226,"column":40}},{"start":{"line":226,"column":43},"end":{"line":226,"column":53}}]}}},"/Users/nitintulswani/Desktop/mathsteps/lib/Symbols.js":{"path":"/Users/nitintulswani/Desktop/mathsteps/lib/Symbols.js","s":{"1":1,"2":1,"3":1,"4":174,"5":174,"6":174,"7":174,"8":1,"9":348,"10":1460,"11":348,"12":278,"13":348,"14":348,"15":1,"16":329,"17":79,"18":250,"19":81,"20":181,"21":181,"22":66,"23":184,"24":1,"25":89,"26":57,"27":32,"28":32,"29":45,"30":45,"31":30,"32":2,"33":1,"34":644,"35":231,"36":231,"37":217,"38":427,"39":1},"b":{"1":[79,250],"2":[81,169],"3":[66,115],"4":[57,32],"5":[32,0],"6":[30,15],"7":[231,413],"8":[217,14]},"f":{"1":174,"2":348,"3":329,"4":89,"5":644},"fnMap":{"1":{"name":"(anonymous_1)","line":8,"loc":{"start":{"line":8,"column":31},"end":{"line":8,"column":50}}},"2":{"name":"(anonymous_2)","line":16,"loc":{"start":{"line":16,"column":33},"end":{"line":16,"column":54}}},"3":{"name":"(anonymous_3)","line":26,"loc":{"start":{"line":26,"column":28},"end":{"line":26,"column":55}}},"4":{"name":"(anonymous_4)","line":50,"loc":{"start":{"line":50,"column":31},"end":{"line":50,"column":58}}},"5":{"name":"isSymbolTerm","line":67,"loc":{"start":{"line":67,"column":0},"end":{"line":67,"column":40}}}},"statementMap":{"1":{"start":{"line":3,"column":0},"end":{"line":3,"column":31}},"2":{"start":{"line":5,"column":0},"end":{"line":5,"column":19}},"3":{"start":{"line":8,"column":0},"end":{"line":13,"column":2}},"4":{"start":{"line":9,"column":2},"end":{"line":9,"column":72}},"5":{"start":{"line":10,"column":2},"end":{"line":10,"column":74}},"6":{"start":{"line":11,"column":2},"end":{"line":11,"column":61}},"7":{"start":{"line":12,"column":2},"end":{"line":12,"column":17}},"8":{"start":{"line":16,"column":0},"end":{"line":21,"column":2}},"9":{"start":{"line":17,"column":2},"end":{"line":17,"column":67}},"10":{"start":{"line":17,"column":48},"end":{"line":17,"column":65}},"11":{"start":{"line":18,"column":2},"end":{"line":18,"column":53}},"12":{"start":{"line":18,"column":42},"end":{"line":18,"column":51}},"13":{"start":{"line":19,"column":2},"end":{"line":19,"column":37}},"14":{"start":{"line":20,"column":2},"end":{"line":20,"column":19}},"15":{"start":{"line":26,"column":0},"end":{"line":42,"column":2}},"16":{"start":{"line":28,"column":2},"end":{"line":40,"column":3}},"17":{"start":{"line":29,"column":4},"end":{"line":29,"column":16}},"18":{"start":{"line":33,"column":7},"end":{"line":40,"column":3}},"19":{"start":{"line":34,"column":4},"end":{"line":39,"column":5}},"20":{"start":{"line":35,"column":6},"end":{"line":35,"column":33}},"21":{"start":{"line":36,"column":6},"end":{"line":38,"column":7}},"22":{"start":{"line":37,"column":8},"end":{"line":37,"column":21}},"23":{"start":{"line":41,"column":2},"end":{"line":41,"column":14}},"24":{"start":{"line":50,"column":0},"end":{"line":64,"column":2}},"25":{"start":{"line":51,"column":2},"end":{"line":61,"column":3}},"26":{"start":{"line":52,"column":4},"end":{"line":52,"column":56}},"27":{"start":{"line":54,"column":7},"end":{"line":61,"column":3}},"28":{"start":{"line":55,"column":4},"end":{"line":60,"column":5}},"29":{"start":{"line":56,"column":6},"end":{"line":56,"column":33}},"30":{"start":{"line":57,"column":6},"end":{"line":59,"column":7}},"31":{"start":{"line":58,"column":8},"end":{"line":58,"column":21}},"32":{"start":{"line":63,"column":2},"end":{"line":63,"column":14}},"33":{"start":{"line":67,"column":0},"end":{"line":75,"column":1}},"34":{"start":{"line":68,"column":2},"end":{"line":73,"column":3}},"35":{"start":{"line":69,"column":4},"end":{"line":69,"column":51}},"36":{"start":{"line":70,"column":4},"end":{"line":72,"column":5}},"37":{"start":{"line":71,"column":6},"end":{"line":71,"column":18}},"38":{"start":{"line":74,"column":2},"end":{"line":74,"column":15}},"39":{"start":{"line":77,"column":0},"end":{"line":77,"column":25}}},"branchMap":{"1":{"line":28,"type":"if","locations":[{"start":{"line":28,"column":2},"end":{"line":28,"column":2}},{"start":{"line":28,"column":2},"end":{"line":28,"column":2}}]},"2":{"line":33,"type":"if","locations":[{"start":{"line":33,"column":7},"end":{"line":33,"column":7}},{"start":{"line":33,"column":7},"end":{"line":33,"column":7}}]},"3":{"line":36,"type":"if","locations":[{"start":{"line":36,"column":6},"end":{"line":36,"column":6}},{"start":{"line":36,"column":6},"end":{"line":36,"column":6}}]},"4":{"line":51,"type":"if","locations":[{"start":{"line":51,"column":2},"end":{"line":51,"column":2}},{"start":{"line":51,"column":2},"end":{"line":51,"column":2}}]},"5":{"line":54,"type":"if","locations":[{"start":{"line":54,"column":7},"end":{"line":54,"column":7}},{"start":{"line":54,"column":7},"end":{"line":54,"column":7}}]},"6":{"line":57,"type":"if","locations":[{"start":{"line":57,"column":6},"end":{"line":57,"column":6}},{"start":{"line":57,"column":6},"end":{"line":57,"column":6}}]},"7":{"line":68,"type":"if","locations":[{"start":{"line":68,"column":2},"end":{"line":68,"column":2}},{"start":{"line":68,"column":2},"end":{"line":68,"column":2}}]},"8":{"line":70,"type":"if","locations":[{"start":{"line":70,"column":4},"end":{"line":70,"column":4}},{"start":{"line":70,"column":4},"end":{"line":70,"column":4}}]}}}}