TN:
SF:/Users/nitintulswani/Desktop/mathsteps/lib/Negative.js
FN:10,(anonymous_1)
FN:38,(anonymous_2)
FN:63,(anonymous_3)
FNF:3
FNH:3
FNDA:492,(anonymous_1)
FNDA:1758,(anonymous_2)
FNDA:731,(anonymous_3)
DA:3,1
DA:5,1
DA:10,1
DA:11,492
DA:12,5
DA:14,487
DA:15,365
DA:17,122
DA:18,15
DA:19,15
DA:20,15
DA:21,3
DA:24,107
DA:25,72
DA:26,72
DA:29,47
DA:38,1
DA:39,1758
DA:40,10
DA:41,10
DA:43,1748
DA:44,731
DA:46,1017
DA:47,73
DA:48,6
DA:50,67
DA:51,57
DA:54,954
DA:63,1
DA:64,731
DA:65,0
DA:67,731
DA:69,731
DA:70,731
DA:71,669
DA:74,62
DA:75,62
DA:76,13
DA:78,49
DA:79,4
DA:80,4
DA:82,4
DA:83,4
DA:86,45
DA:87,45
DA:88,0
DA:92,731
DA:96,1
LF:48
LH:46
BRDA:11,1,0,5
BRDA:11,1,1,487
BRDA:14,2,0,365
BRDA:14,2,1,122
BRDA:17,3,0,15
BRDA:17,3,1,107
BRDA:20,4,0,3
BRDA:20,4,1,12
BRDA:20,5,0,15
BRDA:20,5,1,15
BRDA:21,6,0,3
BRDA:21,6,1,0
BRDA:24,7,0,72
BRDA:24,7,1,35
BRDA:39,8,0,10
BRDA:39,8,1,1748
BRDA:43,9,0,731
BRDA:43,9,1,1017
BRDA:46,10,0,73
BRDA:46,10,1,944
BRDA:47,11,0,6
BRDA:47,11,1,67
BRDA:50,12,0,57
BRDA:50,12,1,10
BRDA:64,13,0,0
BRDA:64,13,1,731
BRDA:70,14,0,669
BRDA:70,14,1,62
BRDA:75,15,0,13
BRDA:75,15,1,49
BRDA:78,16,0,4
BRDA:78,16,1,45
BRDA:87,17,0,0
BRDA:87,17,1,45
BRF:34
BRH:31
end_of_record
TN:
SF:/Users/nitintulswani/Desktop/mathsteps/lib/node/index.js
FNF:0
FNH:0
DA:1,1
DA:2,1
DA:3,1
DA:4,1
DA:6,1
LF:5
LH:5
BRF:0
BRH:0
end_of_record
TN:
SF:/Users/nitintulswani/Desktop/mathsteps/lib/node/Creator.js
FN:11,(anonymous_1)
FN:31,(anonymous_2)
FN:36,(anonymous_3)
FN:40,(anonymous_4)
FN:44,(anonymous_5)
FN:51,(anonymous_6)
FN:71,(anonymous_7)
FNF:7
FNH:7
FNDA:2307,(anonymous_1)
FNDA:1623,(anonymous_2)
FNDA:18826,(anonymous_3)
FNDA:18,(anonymous_4)
FNDA:477,(anonymous_5)
FNDA:1015,(anonymous_6)
FNDA:14,(anonymous_7)
DA:7,1
DA:8,1
DA:10,1
DA:12,2307
DA:14,433
DA:16,78
DA:18,798
DA:20,547
DA:23,451
DA:25,0
DA:32,1623
DA:37,18826
DA:41,18
DA:45,477
DA:52,1015
DA:53,1015
DA:54,418
DA:56,1015
DA:57,852
DA:61,669
DA:64,183
DA:67,1015
DA:72,14
DA:73,14
DA:77,1
LF:25
LH:24
BRDA:12,1,0,433
BRDA:12,1,1,78
BRDA:12,1,2,798
BRDA:12,1,3,547
BRDA:12,1,4,451
BRDA:12,1,5,0
BRDA:53,2,0,418
BRDA:53,2,1,597
BRDA:56,3,0,852
BRDA:56,3,1,163
BRDA:57,4,0,669
BRDA:57,4,1,183
BRDA:57,5,0,852
BRDA:57,5,1,744
BRDA:57,5,2,690
BRF:15
BRH:14
end_of_record
TN:
SF:/Users/nitintulswani/Desktop/mathsteps/lib/node/Type.js
FN:8,(anonymous_1)
FN:15,(anonymous_2)
FN:19,(anonymous_3)
FN:23,(anonymous_4)
FN:33,(anonymous_5)
FN:45,(anonymous_6)
FN:63,(anonymous_7)
FN:72,(anonymous_8)
FN:82,(anonymous_9)
FNF:9
FNH:9
FNDA:278902,(anonymous_1)
FNDA:100952,(anonymous_2)
FNDA:154067,(anonymous_3)
FNDA:67952,(anonymous_4)
FNDA:82912,(anonymous_5)
FNDA:153395,(anonymous_6)
FNDA:20745,(anonymous_7)
FNDA:12796,(anonymous_8)
FNDA:16449,(anonymous_9)
DA:6,1
DA:8,1
DA:9,278902
DA:15,1
DA:16,100952
DA:19,1
DA:20,154067
DA:23,1
DA:24,67952
DA:25,66487
DA:27,1465
DA:28,195
DA:30,1270
DA:33,1
DA:34,82912
DA:35,43686
DA:37,39226
DA:38,3274
DA:41,35952
DA:45,1
DA:46,153395
DA:47,78319
DA:49,75076
DA:50,3871
DA:51,272
DA:52,272
DA:55,3599
DA:59,71205
DA:63,1
DA:64,20745
DA:65,3925
DA:68,18524
DA:72,1
DA:73,12796
DA:75,11350
DA:78,1446
DA:82,1
DA:83,16449
DA:84,15656
DA:86,793
DA:87,793
DA:88,793
DA:89,280
DA:90,0
DA:92,280
DA:93,0
DA:96,793
DA:101,1
LF:48
LH:46
BRDA:9,1,0,278902
BRDA:9,1,1,148156
BRDA:9,1,2,139561
BRDA:9,1,3,139561
BRDA:12,2,0,13650
BRDA:12,2,1,125911
BRDA:20,3,0,154067
BRDA:20,3,1,60581
BRDA:24,4,0,66487
BRDA:24,4,1,1465
BRDA:27,5,0,195
BRDA:27,5,1,1270
BRDA:27,6,0,1465
BRDA:27,6,1,671
BRDA:34,7,0,43686
BRDA:34,7,1,39226
BRDA:37,8,0,3274
BRDA:37,8,1,35952
BRDA:37,9,0,39226
BRDA:37,9,1,36835
BRDA:46,10,0,78319
BRDA:46,10,1,75076
BRDA:49,11,0,3871
BRDA:49,11,1,71205
BRDA:49,12,0,75076
BRDA:49,12,1,44107
BRDA:50,13,0,272
BRDA:50,13,1,3599
BRDA:64,14,0,2221
BRDA:64,14,1,18524
BRDA:73,15,0,11350
BRDA:73,15,1,1446
BRDA:73,16,0,12796
BRDA:73,16,1,2264
BRDA:83,17,0,15656
BRDA:83,17,1,793
BRDA:88,18,0,280
BRDA:88,18,1,513
BRDA:89,19,0,0
BRDA:89,19,1,280
BRDA:92,20,0,0
BRDA:92,20,1,280
BRDA:96,21,0,793
BRDA:96,21,1,774
BRF:44
BRH:42
end_of_record
TN:
SF:/Users/nitintulswani/Desktop/mathsteps/lib/node/PolynomialTerm.js
FN:21,(anonymous_1)
FN:97,(anonymous_2)
FN:101,(anonymous_3)
FN:105,(anonymous_4)
FN:114,(anonymous_5)
FN:123,(anonymous_6)
FN:132,(anonymous_7)
FN:143,(anonymous_8)
FN:148,(anonymous_9)
FN:157,(anonymous_10)
FN:171,negativeCoefficient
FNF:11
FNH:10
FNDA:66230,(anonymous_1)
FNDA:12597,(anonymous_2)
FNDA:3610,(anonymous_3)
FNDA:1397,(anonymous_4)
FNDA:839,(anonymous_5)
FNDA:15334,(anonymous_6)
FNDA:0,(anonymous_7)
FNDA:4157,(anonymous_8)
FNDA:12784,(anonymous_9)
FNDA:41082,(anonymous_10)
FNDA:5,negativeCoefficient
DA:3,1
DA:4,1
DA:22,66230
DA:23,35228
DA:24,9454
DA:25,9454
DA:26,1190
DA:28,8264
DA:29,8264
DA:32,25774
DA:33,13258
DA:34,1362
DA:36,11896
DA:37,133
DA:39,11763
DA:40,11763
DA:41,979
DA:44,10784
DA:45,10784
DA:47,10029
DA:48,22
DA:51,10007
DA:52,10007
DA:55,12516
DA:56,3158
DA:57,3158
DA:58,465
DA:61,2693
DA:63,641
DA:64,6
DA:66,635
DA:67,635
DA:68,635
DA:69,635
DA:73,9358
DA:76,31002
DA:77,1433
DA:79,856
DA:80,856
DA:81,856
DA:82,851
DA:85,5
DA:88,29569
DA:89,15545
DA:92,14024
DA:98,12597
DA:102,3610
DA:106,1397
DA:107,303
DA:110,1094
DA:115,839
DA:116,314
DA:119,525
DA:124,15334
DA:125,1036
DA:128,14298
DA:133,0
DA:145,4157
DA:149,12784
DA:157,1
DA:159,41082
DA:161,41082
DA:162,13543
DA:165,27539
DA:171,1
DA:172,5
DA:173,5
DA:176,0
DA:177,0
DA:179,5
DA:182,1
LF:71
LH:68
BRDA:22,1,0,35228
BRDA:22,1,1,31002
BRDA:23,2,0,9454
BRDA:23,2,1,25774
BRDA:25,3,0,1190
BRDA:25,3,1,8264
BRDA:32,4,0,13258
BRDA:32,4,1,12516
BRDA:33,5,0,1362
BRDA:33,5,1,11896
BRDA:33,6,0,13258
BRDA:33,6,1,4280
BRDA:36,7,0,133
BRDA:36,7,1,11763
BRDA:40,8,0,979
BRDA:40,8,1,10784
BRDA:47,9,0,22
BRDA:47,9,1,10007
BRDA:55,10,0,3158
BRDA:55,10,1,9358
BRDA:57,11,0,465
BRDA:57,11,1,2693
BRDA:63,12,0,6
BRDA:63,12,1,635
BRDA:76,13,0,1433
BRDA:76,13,1,29569
BRDA:81,14,0,851
BRDA:81,14,1,5
BRDA:88,15,0,15545
BRDA:88,15,1,14024
BRDA:106,16,0,303
BRDA:106,16,1,1094
BRDA:106,17,0,1397
BRDA:106,17,1,389
BRDA:115,18,0,314
BRDA:115,18,1,525
BRDA:124,19,0,1036
BRDA:124,19,1,14298
BRDA:124,20,0,15334
BRDA:124,20,1,8800
BRDA:145,21,0,4157
BRDA:145,21,1,1450
BRDA:172,22,0,5
BRDA:172,22,1,0
BRF:44
BRH:43
end_of_record
TN:
SF:/Users/nitintulswani/Desktop/mathsteps/lib/node/Status.js
FN:13,(anonymous_1)
FN:27,(anonymous_2)
FN:32,(anonymous_3)
FN:42,(anonymous_4)
FN:49,(anonymous_5)
FN:63,(anonymous_6)
FN:72,updateSubsteps
FNF:7
FNH:7
FNDA:130719,(anonymous_1)
FNDA:132229,(anonymous_2)
FNDA:1956,(anonymous_3)
FNDA:128776,(anonymous_4)
FNDA:1289,(anonymous_5)
FNDA:654,(anonymous_6)
FNDA:1573,updateSubsteps
DA:3,1
DA:4,1
DA:5,1
DA:14,130719
DA:15,0
DA:17,130719
DA:18,0
DA:21,130719
DA:22,130719
DA:23,130719
DA:24,130719
DA:28,132229
DA:32,1
DA:33,1956
DA:34,14725
DA:35,1938
DA:37,1956
DA:42,1
DA:43,128776
DA:49,1
DA:51,1289
DA:52,980
DA:53,980
DA:56,1289
DA:63,1
DA:64,654
DA:65,654
DA:66,654
DA:68,654
DA:69,0
DA:72,1
DA:73,1573
DA:74,919
DA:75,919
DA:77,1573
DA:80,654
DA:81,95
DA:82,95
DA:83,95
DA:84,308
DA:85,308
DA:86,308
DA:87,308
DA:88,308
DA:89,308
DA:90,308
DA:93,559
DA:95,547
DA:96,547
DA:97,547
DA:98,599
DA:99,599
DA:100,599
DA:101,599
DA:102,599
DA:103,599
DA:104,599
DA:107,12
DA:108,12
DA:109,12
DA:110,12
DA:111,12
DA:112,12
DA:113,12
DA:114,12
DA:115,12
DA:116,12
DA:117,12
DA:121,0
DA:124,654
DA:127,1
LF:71
LH:67
BRDA:14,1,0,0
BRDA:14,1,1,130719
BRDA:17,2,0,0
BRDA:17,2,1,130719
BRDA:17,3,0,130719
BRDA:17,3,1,130719
BRDA:51,4,0,980
BRDA:51,4,1,309
BRDA:68,5,0,0
BRDA:68,5,1,654
BRDA:80,6,0,95
BRDA:80,6,1,559
BRDA:93,7,0,547
BRDA:93,7,1,12
BRDA:93,8,0,559
BRDA:93,8,1,24
BRDA:93,8,2,12
BRDA:107,9,0,12
BRDA:107,9,1,0
BRF:19
BRH:15
end_of_record
TN:
SF:/Users/nitintulswani/Desktop/mathsteps/lib/util/clone.js
FN:6,clone
FNF:1
FNH:1
FNDA:139530,clone
DA:6,1
DA:7,139530
DA:8,139530
DA:9,139530
DA:10,53862
DA:11,109922
DA:14,85668
DA:15,11234
DA:17,139530
DA:20,1
LF:10
LH:10
BRDA:9,1,0,53862
BRDA:9,1,1,85668
BRDA:14,2,0,11234
BRDA:14,2,1,74434
BRF:4
BRH:4
end_of_record
TN:
SF:/Users/nitintulswani/Desktop/mathsteps/lib/ChangeTypes.js
FNF:0
FNH:0
DA:3,1
LF:1
LH:1
BRF:0
BRH:0
end_of_record
TN:
SF:/Users/nitintulswani/Desktop/mathsteps/lib/util/print.js
FN:10,print
FN:18,printTreeTraversal
FNF:2
FNH:2
FNDA:3298,print
FNDA:8789,printTreeTraversal
DA:3,1
DA:10,1
DA:11,3298
DA:12,3298
DA:13,3298
DA:15,3298
DA:18,1
DA:19,8789
DA:20,2074
DA:23,2074
DA:24,44
DA:25,44
DA:27,44
DA:29,44
DA:31,44
DA:34,8745
DA:35,188
DA:37,8557
DA:38,2141
DA:39,4
DA:42,2137
DA:43,2137
DA:44,2335
DA:46,619
DA:47,443
DA:50,176
DA:51,176
DA:54,888
DA:55,888
DA:58,246
DA:59,246
DA:62,132
DA:63,12
DA:66,120
DA:68,132
DA:71,450
DA:72,450
DA:74,2335
DA:76,2137
DA:78,6416
DA:79,677
DA:81,5739
DA:82,246
DA:85,21
DA:88,225
DA:92,5493
DA:96,1
LF:47
LH:47
BRDA:12,1,0,3298
BRDA:12,1,1,0
BRDA:19,2,0,2074
BRDA:19,2,1,6715
BRDA:23,3,0,44
BRDA:23,3,1,2030
BRDA:23,4,0,2074
BRDA:23,4,1,85
BRDA:34,5,0,188
BRDA:34,5,1,8557
BRDA:37,6,0,2141
BRDA:37,6,1,6416
BRDA:38,7,0,4
BRDA:38,7,1,2137
BRDA:38,8,0,2141
BRDA:38,8,1,136
BRDA:44,9,0,619
BRDA:44,9,1,888
BRDA:44,9,2,246
BRDA:44,9,3,132
BRDA:44,9,4,450
BRDA:46,10,0,443
BRDA:46,10,1,176
BRDA:62,11,0,12
BRDA:62,11,1,120
BRDA:78,12,0,677
BRDA:78,12,1,5739
BRDA:81,13,0,246
BRDA:81,13,1,5493
BRDA:82,14,0,21
BRDA:82,14,1,225
BRDA:82,15,0,246
BRDA:82,15,1,56
BRDA:82,15,2,56
BRF:34
BRH:33
end_of_record
TN:
SF:/Users/nitintulswani/Desktop/mathsteps/lib/util/flattenOperands.js
FN:38,flattenOperands
FN:108,flattenSupportedOperation
FN:154,getOperands
FN:225,isPolynomialTermMultiplication
FN:250,maybeFlattenPolynomialTerm
FN:284,flattenDivision
FN:313,hasMultiplicationBesideDivision
FNF:7
FNH:7
FNDA:37377,flattenOperands
FNDA:9172,flattenSupportedOperation
FNDA:23595,getOperands
FNDA:2968,isPolynomialTermMultiplication
FNDA:372,maybeFlattenPolynomialTerm
FNDA:1501,flattenDivision
FNDA:13,hasMultiplicationBesideDivision
DA:3,1
DA:4,1
DA:38,1
DA:39,37377
DA:42,14415
DA:43,14415
DA:44,165
DA:46,14415
DA:48,22962
DA:49,12094
DA:50,9172
DA:51,9172
DA:54,1411
DA:56,7761
DA:59,157
DA:62,7604
DA:64,9172
DA:68,2922
DA:69,5844
DA:72,2922
DA:74,10868
DA:75,2129
DA:76,2129
DA:78,8739
DA:79,1409
DA:80,1409
DA:81,1409
DA:82,21
DA:84,1409
DA:86,7330
DA:87,161
DA:88,161
DA:90,7169
DA:91,160
DA:92,160
DA:93,151
DA:95,160
DA:98,7009
DA:108,1
DA:112,9172
DA:117,9172
DA:118,3876
DA:128,5296
DA:130,7
DA:133,5289
DA:134,157
DA:138,5132
DA:142,5296
DA:143,1330
DA:146,9172
DA:154,1
DA:159,23595
DA:160,9974
DA:162,13621
DA:166,8318
DA:167,2433
DA:169,5885
DA:172,4153
DA:173,0
DA:175,4153
DA:177,1150
DA:179,10038
DA:180,2917
DA:181,5834
DA:183,2917
DA:190,7121
DA:191,372
DA:193,6749
DA:194,1501
DA:196,5248
DA:198,194
DA:199,194
DA:200,194
DA:204,194
DA:207,5054
DA:208,5054
DA:210,12162
DA:212,5054
DA:225,1
DA:227,2968
DA:228,1501
DA:231,1467
DA:232,290
DA:236,1177
DA:237,1177
DA:238,424
DA:239,424
DA:242,753
DA:250,1
DA:252,372
DA:260,372
DA:263,372
DA:266,372
DA:268,109
DA:273,263
DA:274,263
DA:276,372
DA:284,1
DA:288,1501
DA:290,1501
DA:291,1486
DA:292,1486
DA:293,1486
DA:297,15
DA:299,15
DA:302,15
DA:303,15
DA:306,1501
DA:313,1
DA:314,13
DA:315,0
DA:317,13
DA:318,6
DA:321,7
DA:322,0
DA:324,7
DA:327,1
LF:117
LH:114
BRDA:39,1,0,14415
BRDA:39,1,1,22962
BRDA:43,2,0,165
BRDA:43,2,1,14250
BRDA:48,3,0,12094
BRDA:48,3,1,10868
BRDA:49,4,0,9172
BRDA:49,4,1,2922
BRDA:51,5,0,1411
BRDA:51,5,1,7761
BRDA:56,6,0,157
BRDA:56,6,1,7604
BRDA:74,7,0,2129
BRDA:74,7,1,8739
BRDA:78,8,0,1409
BRDA:78,8,1,7330
BRDA:81,9,0,21
BRDA:81,9,1,1388
BRDA:86,10,0,161
BRDA:86,10,1,7169
BRDA:90,11,0,160
BRDA:90,11,1,7009
BRDA:92,12,0,151
BRDA:92,12,1,9
BRDA:117,13,0,3876
BRDA:117,13,1,5296
BRDA:128,14,0,7
BRDA:128,14,1,5289
BRDA:128,15,0,5296
BRDA:128,15,1,7
BRDA:128,15,2,6
BRDA:133,16,0,157
BRDA:133,16,1,5132
BRDA:142,17,0,1330
BRDA:142,17,1,3966
BRDA:159,18,0,9974
BRDA:159,18,1,13621
BRDA:162,19,0,6162
BRDA:162,19,1,8318
BRDA:162,19,2,3959
BRDA:162,19,3,4153
BRDA:162,19,4,1150
BRDA:166,20,0,2433
BRDA:166,20,1,5885
BRDA:172,21,0,0
BRDA:172,21,1,4153
BRDA:179,22,0,2917
BRDA:179,22,1,7121
BRDA:190,23,0,372
BRDA:190,23,1,6749
BRDA:190,24,0,7121
BRDA:190,24,1,2968
BRDA:193,25,0,1501
BRDA:193,25,1,5248
BRDA:193,26,0,6749
BRDA:193,26,1,2596
BRDA:196,27,0,194
BRDA:196,27,1,5054
BRDA:227,28,0,1501
BRDA:227,28,1,1467
BRDA:231,29,0,290
BRDA:231,29,1,1177
BRDA:237,30,0,424
BRDA:237,30,1,753
BRDA:266,31,0,109
BRDA:266,31,1,263
BRDA:290,32,0,1486
BRDA:290,32,1,15
BRDA:314,33,0,0
BRDA:314,33,1,13
BRDA:317,34,0,6
BRDA:317,34,1,7
BRDA:321,35,0,0
BRDA:321,35,1,7
BRF:74
BRH:71
end_of_record
TN:
SF:/Users/nitintulswani/Desktop/mathsteps/lib/checks/index.js
FNF:0
FNH:0
DA:1,1
DA:2,1
DA:3,1
DA:4,1
DA:5,1
DA:6,1
DA:8,1
LF:7
LH:7
BRF:0
BRH:0
end_of_record
TN:
SF:/Users/nitintulswani/Desktop/mathsteps/lib/checks/canAddLikeTermPolynomialNodes.js
FN:6,canAddLikeTermPolynomialNodes
FNF:1
FNH:1
FNDA:1069,canAddLikeTermPolynomialNodes
DA:3,1
DA:6,1
DA:7,1069
DA:8,16
DA:10,1053
DA:11,2100
DA:12,615
DA:14,438
DA:15,0
DA:18,991
DA:21,438
DA:22,438
DA:23,438
DA:25,438
DA:26,438
DA:27,456
DA:28,456
DA:29,456
DA:30,456
DA:34,1
LF:20
LH:19
BRDA:7,1,0,16
BRDA:7,1,1,1053
BRDA:7,2,0,1069
BRDA:7,2,1,1068
BRDA:11,3,0,615
BRDA:11,3,1,438
BRDA:14,4,0,0
BRDA:14,4,1,438
BRDA:30,5,0,456
BRDA:30,5,1,441
BRF:10
BRH:9
end_of_record
TN:
SF:/Users/nitintulswani/Desktop/mathsteps/lib/checks/canMultiplyLikeTermPolynomialNodes.js
FN:7,canMultiplyLikeTermPolynomialNodes
FNF:1
FNH:1
FNDA:1067,canMultiplyLikeTermPolynomialNodes
DA:3,1
DA:7,1
DA:8,1067
DA:9,586
DA:11,481
DA:12,560
DA:13,428
DA:15,53
DA:16,0
DA:19,108
DA:20,102
DA:21,9
DA:24,44
DA:25,44
DA:27,45
DA:30,1
LF:16
LH:15
BRDA:8,1,0,586
BRDA:8,1,1,481
BRDA:8,2,0,1067
BRDA:8,2,1,1066
BRDA:12,3,0,428
BRDA:12,3,1,53
BRDA:15,4,0,0
BRDA:15,4,1,53
BRDA:20,5,0,9
BRDA:20,5,1,44
BRF:10
BRH:9
end_of_record
TN:
SF:/Users/nitintulswani/Desktop/mathsteps/lib/checks/canRearrangeCoefficient.js
FN:7,canRearrangeCoefficient
FNF:1
FNH:1
FNDA:5669,canRearrangeCoefficient
DA:3,1
DA:7,1
DA:10,5669
DA:11,5373
DA:13,296
DA:14,49
DA:16,247
DA:17,159
DA:19,88
DA:20,60
DA:23,28
DA:24,28
DA:27,1
LF:13
LH:13
BRDA:10,1,0,5373
BRDA:10,1,1,296
BRDA:10,2,0,5669
BRDA:10,2,1,664
BRDA:13,3,0,49
BRDA:13,3,1,247
BRDA:16,4,0,159
BRDA:16,4,1,88
BRDA:19,5,0,60
BRDA:19,5,1,28
BRF:10
BRH:10
end_of_record
TN:
SF:/Users/nitintulswani/Desktop/mathsteps/lib/checks/canSimplifyPolynomialTerms.js
FN:9,canSimplifyPolynomialTerms
FNF:1
FNH:1
FNDA:718,canSimplifyPolynomialTerms
DA:3,1
DA:4,1
DA:5,1
DA:9,1
DA:10,718
DA:15,1
LF:6
LH:6
BRDA:10,1,0,718
BRDA:10,1,1,601
BRDA:10,1,2,599
BRF:3
BRH:3
end_of_record
TN:
SF:/Users/nitintulswani/Desktop/mathsteps/lib/checks/hasUnsupportedNodes.js
FN:6,hasUnsupportedNodes
FNF:1
FNH:1
FNDA:3963,hasUnsupportedNodes
DA:3,1
DA:4,1
DA:6,1
DA:7,3963
DA:8,419
DA:10,3544
DA:11,159
DA:13,3385
DA:14,1363
DA:16,2022
DA:17,1985
DA:19,37
DA:20,18
DA:21,0
DA:23,18
DA:24,0
DA:26,18
DA:28,19
DA:29,16
DA:32,3
DA:36,1
LF:21
LH:19
BRDA:7,1,0,419
BRDA:7,1,1,3544
BRDA:10,2,0,159
BRDA:10,2,1,3385
BRDA:13,3,0,1363
BRDA:13,3,1,2022
BRDA:16,4,0,1985
BRDA:16,4,1,37
BRDA:16,5,0,2022
BRDA:16,5,1,1402
BRDA:19,6,0,18
BRDA:19,6,1,19
BRDA:20,7,0,0
BRDA:20,7,1,18
BRDA:23,8,0,0
BRDA:23,8,1,18
BRDA:28,9,0,16
BRDA:28,9,1,3
BRF:18
BRH:16
end_of_record
TN:
SF:/Users/nitintulswani/Desktop/mathsteps/lib/checks/resolvesToConstant.js
FN:8,resolvesToConstant
FNF:1
FNH:1
FNDA:3838,resolvesToConstant
DA:3,1
DA:8,1
DA:9,3838
DA:10,1927
DA:11,2599
DA:13,1911
DA:14,45
DA:16,1866
DA:17,1109
DA:19,757
DA:20,715
DA:22,42
DA:23,42
DA:26,0
DA:30,1
LF:15
LH:14
BRDA:9,1,0,1927
BRDA:9,1,1,1911
BRDA:9,2,0,3838
BRDA:9,2,1,1913
BRDA:13,3,0,45
BRDA:13,3,1,1866
BRDA:16,4,0,1109
BRDA:16,4,1,757
BRDA:19,5,0,715
BRDA:19,5,1,42
BRDA:22,6,0,42
BRDA:22,6,1,0
BRF:12
BRH:11
end_of_record
TN:
SF:/Users/nitintulswani/Desktop/mathsteps/lib/factor/ConstantFactors.js
FN:10,(anonymous_1)
FN:43,(anonymous_2)
FNF:2
FNH:2
FNDA:43,(anonymous_1)
FNDA:9,(anonymous_2)
DA:6,1
DA:10,1
DA:11,43
DA:12,43
DA:13,2
DA:14,2
DA:15,2
DA:18,41
DA:19,41
DA:20,41
DA:21,22
DA:22,22
DA:23,17580
DA:28,41
DA:29,22
DA:34,19
DA:35,19
DA:38,41
DA:43,1
DA:44,9
DA:46,9
DA:47,9
DA:48,35307
DA:49,41
DA:50,41
DA:54,9
DA:57,1
LF:27
LH:27
BRDA:12,1,0,2
BRDA:12,1,1,41
BRDA:20,2,0,22
BRDA:20,2,1,19
BRDA:22,3,0,17602
BRDA:22,3,1,17591
BRDA:28,4,0,22
BRDA:28,4,1,19
BRDA:48,5,0,41
BRDA:48,5,1,35266
BRF:10
BRH:10
end_of_record
TN:
SF:/Users/nitintulswani/Desktop/mathsteps/lib/simplifyExpression/index.js
FN:6,simplifyExpressionString
FNF:1
FNH:1
FNDA:19,simplifyExpressionString
DA:3,1
DA:4,1
DA:6,1
DA:7,19
DA:8,19
DA:9,19
DA:12,0
DA:14,19
DA:15,19
DA:17,0
DA:20,1
LF:11
LH:9
BRDA:14,1,0,19
BRDA:14,1,1,0
BRF:2
BRH:1
end_of_record
TN:
SF:/Users/nitintulswani/Desktop/mathsteps/lib/simplifyExpression/stepThrough.js
FN:24,stepThrough
FN:63,step
FN:112,removeUnnecessaryParensInStep
FN:122,logSteps
FNF:4
FNH:3
FNDA:368,stepThrough
FNDA:850,step
FNDA:1245,removeUnnecessaryParensInStep
FNDA:0,logSteps
DA:3,1
DA:4,1
DA:5,1
DA:7,1
DA:8,1
DA:9,1
DA:10,1
DA:11,1
DA:12,1
DA:13,1
DA:14,1
DA:15,1
DA:17,1
DA:18,1
DA:19,1
DA:20,1
DA:24,1
DA:25,368
DA:27,0
DA:30,368
DA:31,1
DA:34,367
DA:35,367
DA:37,367
DA:38,367
DA:39,367
DA:42,367
DA:43,367
DA:44,483
DA:45,0
DA:47,483
DA:48,483
DA:49,483
DA:50,483
DA:52,0
DA:54,0
DA:58,367
DA:63,1
DA:64,850
DA:66,850
DA:67,850
DA:69,850
DA:92,850
DA:93,5126
DA:97,5126
DA:98,5126
DA:99,483
DA:100,483
DA:101,483
DA:104,4643
DA:107,367
DA:112,1
DA:113,1245
DA:114,314
DA:117,1245
DA:118,1245
DA:119,1245
DA:122,1
DA:124,0
DA:126,0
DA:128,0
DA:130,0
DA:131,0
DA:135,1
LF:64
LH:55
BRDA:25,1,0,0
BRDA:25,1,1,368
BRDA:30,2,0,1
BRDA:30,2,1,367
BRDA:44,3,0,0
BRDA:44,3,1,483
BRDA:50,4,0,0
BRDA:50,4,1,483
BRDA:98,5,0,483
BRDA:98,5,1,4643
BRDA:113,6,0,314
BRDA:113,6,1,931
BRDA:128,7,0,0
BRDA:128,7,1,0
BRF:14
BRH:9
end_of_record
TN:
SF:/Users/nitintulswani/Desktop/mathsteps/lib/simplifyExpression/arithmeticSearch/index.js
FN:14,arithmetic
FN:51,evaluateAndRound
FNF:2
FNH:2
FNDA:2137,arithmetic
FNDA:250,evaluateAndRound
DA:3,1
DA:4,1
DA:5,1
DA:10,1
DA:14,1
DA:15,2137
DA:16,313
DA:18,2723
DA:19,1377
DA:24,447
DA:25,905
DA:30,447
DA:31,197
DA:32,197
DA:33,197
DA:34,0
DA:35,0
DA:39,197
DA:43,250
DA:44,250
DA:45,250
DA:51,1
DA:52,250
DA:53,250
DA:54,91
DA:57,159
DA:59,250
DA:62,1
LF:28
LH:26
BRDA:15,1,0,313
BRDA:15,1,1,1824
BRDA:18,2,0,1377
BRDA:18,2,1,447
BRDA:30,3,0,197
BRDA:30,3,1,250
BRDA:33,4,0,0
BRDA:33,4,1,197
BRDA:53,5,0,91
BRDA:53,5,1,159
BRF:10
BRH:9
end_of_record
TN:
SF:/Users/nitintulswani/Desktop/mathsteps/lib/TreeSearch.js
FN:9,(anonymous_1)
FN:10,(anonymous_2)
FN:17,(anonymous_3)
FN:18,(anonymous_4)
FN:24,search
FNF:5
FNH:5
FNDA:3,(anonymous_1)
FNDA:2310,(anonymous_2)
FNDA:6,(anonymous_3)
FNDA:3276,(anonymous_4)
FNDA:31782,search
DA:3,1
DA:5,1
DA:9,1
DA:10,3
DA:11,2310
DA:17,1
DA:18,6
DA:19,3276
DA:24,1
DA:25,31782
DA:27,31782
DA:28,14236
DA:29,14236
DA:30,217
DA:34,31565
DA:35,18082
DA:37,13483
DA:38,805
DA:39,805
DA:40,12
DA:43,12678
DA:44,11152
DA:45,23865
DA:46,23865
DA:47,23865
DA:48,231
DA:52,1526
DA:53,1526
DA:54,1526
DA:55,65
DA:59,0
DA:62,13175
DA:63,7160
DA:66,6015
DA:72,1
LF:35
LH:34
BRDA:27,1,0,14236
BRDA:27,1,1,17546
BRDA:29,2,0,217
BRDA:29,2,1,14019
BRDA:34,3,0,18082
BRDA:34,3,1,13483
BRDA:34,4,0,31565
BRDA:34,4,1,19333
BRDA:37,5,0,805
BRDA:37,5,1,12678
BRDA:39,6,0,12
BRDA:39,6,1,793
BRDA:43,7,0,11152
BRDA:43,7,1,1526
BRDA:43,8,0,12678
BRDA:43,8,1,1807
BRDA:47,9,0,231
BRDA:47,9,1,23634
BRDA:52,10,0,1526
BRDA:52,10,1,0
BRDA:54,11,0,65
BRDA:54,11,1,1461
BRDA:62,12,0,7160
BRDA:62,12,1,6015
BRF:24
BRH:23
end_of_record
TN:
SF:/Users/nitintulswani/Desktop/mathsteps/lib/simplifyExpression/basicsSearch/index.js
FN:52,basics
FNF:1
FNH:1
FNDA:5112,basics
DA:8,1
DA:9,1
DA:11,1
DA:12,1
DA:13,1
DA:14,1
DA:15,1
DA:16,1
DA:17,1
DA:18,1
DA:19,1
DA:20,1
DA:21,1
DA:23,1
DA:49,1
DA:52,1
DA:53,5112
DA:54,55611
DA:55,55611
DA:56,117
DA:59,55494
DA:62,4995
DA:65,1
LF:23
LH:23
BRDA:55,1,0,117
BRDA:55,1,1,55494
BRF:2
BRH:2
end_of_record
TN:
SF:/Users/nitintulswani/Desktop/mathsteps/lib/simplifyExpression/basicsSearch/reduceMultiplicationByZero.js
FN:8,reduceMultiplicationByZero
FNF:1
FNH:1
FNDA:5112,reduceMultiplicationByZero
DA:3,1
DA:4,1
DA:8,1
DA:9,5112
DA:10,4476
DA:12,636
DA:13,1298
DA:14,27
DA:16,1271
DA:17,565
DA:18,565
DA:20,706
DA:22,636
DA:24,27
DA:25,27
DA:29,609
DA:33,1
LF:17
LH:17
BRDA:9,1,0,4476
BRDA:9,1,1,636
BRDA:13,2,0,27
BRDA:13,2,1,1271
BRDA:13,3,0,1298
BRDA:13,3,1,551
BRDA:16,4,0,565
BRDA:16,4,1,706
BRDA:22,5,0,27
BRDA:22,5,1,609
BRF:10
BRH:10
end_of_record
TN:
SF:/Users/nitintulswani/Desktop/mathsteps/lib/simplifyExpression/basicsSearch/reduceZeroDividedByAnything.js
FN:8,reduceZeroDividedByAnything
FNF:1
FNH:1
FNDA:5085,reduceZeroDividedByAnything
DA:3,1
DA:4,1
DA:8,1
DA:9,5085
DA:10,4789
DA:12,296
DA:13,0
DA:14,0
DA:18,296
DA:22,1
LF:10
LH:8
BRDA:9,1,0,4789
BRDA:9,1,1,296
BRDA:12,2,0,0
BRDA:12,2,1,296
BRF:4
BRH:3
end_of_record
TN:
SF:/Users/nitintulswani/Desktop/mathsteps/lib/simplifyExpression/basicsSearch/reduceExponentByZero.js
FN:8,reduceExponentByZero
FNF:1
FNH:1
FNDA:5085,reduceExponentByZero
DA:3,1
DA:4,1
DA:8,1
DA:9,5085
DA:10,4723
DA:12,362
DA:13,362
DA:14,0
DA:15,0
DA:19,362
DA:23,1
LF:11
LH:9
BRDA:9,1,0,4723
BRDA:9,1,1,362
BRDA:13,2,0,0
BRDA:13,2,1,362
BRDA:13,3,0,362
BRDA:13,3,1,347
BRF:6
BRH:5
end_of_record
TN:
SF:/Users/nitintulswani/Desktop/mathsteps/lib/simplifyExpression/basicsSearch/removeExponentByOne.js
FN:9,removeExponentByOne
FNF:1
FNH:1
FNDA:5085,removeExponentByOne
DA:3,1
DA:4,1
DA:5,1
DA:9,1
DA:10,5085
DA:13,6
DA:14,6
DA:17,5079
DA:20,1
LF:9
LH:9
BRDA:10,1,0,6
BRDA:10,1,1,5079
BRDA:10,2,0,5085
BRDA:10,2,1,362
BRDA:10,2,2,347
BRF:5
BRH:5
end_of_record
TN:
SF:/Users/nitintulswani/Desktop/mathsteps/lib/simplifyExpression/basicsSearch/removeExponentBaseOne.js
FN:10,removeExponentBaseOne
FNF:1
FNH:1
FNDA:5079,removeExponentBaseOne
DA:3,1
DA:4,1
DA:5,1
DA:6,1
DA:10,1
DA:11,5079
DA:15,0
DA:16,0
DA:19,5079
DA:22,1
LF:10
LH:8
BRDA:11,1,0,0
BRDA:11,1,1,5079
BRDA:11,2,0,5079
BRDA:11,2,1,356
BRDA:11,2,2,350
BRDA:11,2,3,7
BRF:6
BRH:5
end_of_record
TN:
SF:/Users/nitintulswani/Desktop/mathsteps/lib/simplifyExpression/basicsSearch/simplifyDoubleUnaryMinus.js
FN:9,simplifyDoubleUnaryMinus
FNF:1
FNH:1
FNDA:5079,simplifyDoubleUnaryMinus
DA:3,1
DA:4,1
DA:5,1
DA:9,1
DA:10,5079
DA:11,4905
DA:13,174
DA:15,174
DA:16,6
DA:17,6
DA:21,168
DA:22,2
DA:23,2
DA:27,166
DA:28,13
DA:29,13
DA:30,13
DA:31,2
DA:32,2
DA:36,164
DA:39,1
LF:21
LH:21
BRDA:10,1,0,4905
BRDA:10,1,1,174
BRDA:15,2,0,6
BRDA:15,2,1,168
BRDA:21,3,0,2
BRDA:21,3,1,166
BRDA:21,4,0,168
BRDA:21,4,1,2
BRDA:27,5,0,13
BRDA:27,5,1,153
BRDA:30,6,0,2
BRDA:30,6,1,11
BRF:12
BRH:12
end_of_record
TN:
SF:/Users/nitintulswani/Desktop/mathsteps/lib/simplifyExpression/basicsSearch/removeAdditionOfZero.js
FN:9,removeAdditionOfZero
FNF:1
FNH:1
FNDA:5069,removeAdditionOfZero
DA:3,1
DA:4,1
DA:5,1
DA:9,1
DA:10,5069
DA:11,4438
DA:13,631
DA:14,1462
DA:16,631
DA:17,631
DA:19,52
DA:22,52
DA:23,42
DA:25,52
DA:28,579
DA:31,1
LF:16
LH:16
BRDA:10,1,0,4438
BRDA:10,1,1,631
BRDA:14,2,0,1462
BRDA:14,2,1,544
BRDA:17,3,0,52
BRDA:17,3,1,579
BRDA:22,4,0,42
BRDA:22,4,1,10
BRF:8
BRH:8
end_of_record
TN:
SF:/Users/nitintulswani/Desktop/mathsteps/lib/simplifyExpression/basicsSearch/removeMultiplicationByOne.js
FN:9,removeMultiplicationByOne
FNF:1
FNH:1
FNDA:5017,removeMultiplicationByOne
DA:3,1
DA:4,1
DA:5,1
DA:9,1
DA:10,5017
DA:11,4408
DA:13,609
DA:14,1262
DA:16,609
DA:17,13
DA:19,13
DA:22,13
DA:23,12
DA:25,13
DA:28,596
DA:31,1
LF:16
LH:16
BRDA:10,1,0,4408
BRDA:10,1,1,609
BRDA:14,2,0,1262
BRDA:14,2,1,518
BRDA:16,3,0,13
BRDA:16,3,1,596
BRDA:22,4,0,12
BRDA:22,4,1,1
BRF:8
BRH:8
end_of_record
TN:
SF:/Users/nitintulswani/Desktop/mathsteps/lib/simplifyExpression/basicsSearch/removeMultiplicationByNegativeOne.js
FN:12,removeMultiplicationByNegativeOne
FNF:1
FNH:1
FNDA:5004,removeMultiplicationByNegativeOne
DA:3,1
DA:4,1
DA:5,1
DA:6,1
DA:12,1
DA:13,5004
DA:14,4408
DA:16,596
DA:17,1241
DA:19,596
DA:20,589
DA:25,7
DA:27,7
DA:28,4
DA:31,3
DA:34,7
DA:36,7
DA:37,1
DA:40,6
DA:43,6
DA:46,6
DA:47,6
DA:50,6
DA:51,6
DA:53,6
DA:57,1
LF:26
LH:26
BRDA:13,1,0,4408
BRDA:13,1,1,596
BRDA:17,2,0,1241
BRDA:17,2,1,500
BRDA:19,3,0,589
BRDA:19,3,1,7
BRDA:27,4,0,4
BRDA:27,4,1,3
BRDA:36,5,0,1
BRDA:36,5,1,6
BRDA:50,6,0,6
BRDA:50,6,1,0
BRF:12
BRH:11
end_of_record
TN:
SF:/Users/nitintulswani/Desktop/mathsteps/lib/simplifyExpression/basicsSearch/removeDivisionByOne.js
FN:10,removeDivisionByOne
FNF:1
FNH:1
FNDA:4998,removeDivisionByOne
DA:3,1
DA:4,1
DA:5,1
DA:6,1
DA:10,1
DA:11,4998
DA:12,4702
DA:14,296
DA:15,296
DA:16,55
DA:18,241
DA:21,241
DA:25,0
DA:26,0
DA:28,0
DA:31,0
DA:32,0
DA:34,241
DA:35,0
DA:39,241
DA:43,1
LF:21
LH:15
BRDA:11,1,0,4702
BRDA:11,1,1,296
BRDA:15,2,0,55
BRDA:15,2,1,241
BRDA:21,3,0,0
BRDA:21,3,1,241
BRDA:25,4,0,0
BRDA:25,4,1,0
BRDA:28,5,0,0
BRDA:28,5,1,0
BRDA:34,6,0,0
BRDA:34,6,1,241
BRF:12
BRH:6
end_of_record
TN:
SF:/Users/nitintulswani/Desktop/mathsteps/lib/simplifyExpression/basicsSearch/rearrangeCoefficient.js
FN:11,rearrangeCoefficient
FNF:1
FNH:1
FNDA:5070,rearrangeCoefficient
DA:3,1
DA:4,1
DA:5,1
DA:6,1
DA:11,1
DA:12,5070
DA:13,5062
DA:16,8
DA:18,8
DA:19,8
DA:20,8
DA:21,8
DA:24,8
DA:28,1
LF:14
LH:14
BRDA:12,1,0,5062
BRDA:12,1,1,8
BRF:2
BRH:2
end_of_record
TN:
SF:/Users/nitintulswani/Desktop/mathsteps/lib/simplifyExpression/breakUpNumeratorSearch/index.js
FN:17,breakUpNumerator
FNF:1
FNH:1
FNDA:925,breakUpNumerator
DA:3,1
DA:4,1
DA:5,1
DA:12,1
DA:17,1
DA:18,925
DA:19,834
DA:21,91
DA:22,91
DA:23,6
DA:25,91
DA:26,85
DA:31,6
DA:32,6
DA:33,6
DA:34,12
DA:35,12
DA:36,12
DA:39,6
DA:41,6
DA:42,6
DA:43,6
DA:47,1
LF:23
LH:23
BRDA:18,1,0,834
BRDA:18,1,1,91
BRDA:18,2,0,925
BRDA:18,2,1,706
BRDA:22,3,0,6
BRDA:22,3,1,85
BRDA:25,4,0,85
BRDA:25,4,1,6
BRDA:25,5,0,91
BRDA:25,5,1,11
BRF:10
BRH:10
end_of_record
TN:
SF:/Users/nitintulswani/Desktop/mathsteps/lib/simplifyExpression/distributeSearch/index.js
FN:19,distribute
FN:35,distributeUnaryMinus
FN:84,distributeAndSimplifyOperationNode
FN:161,distributeTwoNodes
FN:208,simplifyWithParens
FN:226,simplify
FN:258,isParenthesisOfAddition
FNF:7
FNH:7
FNDA:868,distribute
FNDA:71,distributeUnaryMinus
FNDA:730,distributeAndSimplifyOperationNode
FNDA:32,distributeTwoNodes
FNDA:32,simplifyWithParens
FNDA:32,simplify
FNDA:567,isParenthesisOfAddition
DA:3,1
DA:4,1
DA:5,1
DA:6,1
DA:8,1
DA:9,1
DA:10,1
DA:11,1
DA:13,1
DA:19,1
DA:20,868
DA:21,71
DA:23,797
DA:24,658
DA:27,139
DA:35,1
DA:36,71
DA:37,0
DA:39,71
DA:40,71
DA:41,62
DA:43,9
DA:44,9
DA:45,0
DA:47,9
DA:48,9
DA:52,9
DA:53,0
DA:54,0
DA:55,0
DA:56,0
DA:59,9
DA:64,9
DA:65,26
DA:66,26
DA:67,26
DA:69,9
DA:70,9
DA:71,9
DA:75,0
DA:84,1
DA:85,730
DA:86,484
DA:93,246
DA:94,255
DA:96,223
DA:99,32
DA:100,32
DA:101,32
DA:103,32
DA:104,32
DA:105,32
DA:106,32
DA:108,32
DA:109,3
DA:110,3
DA:113,29
DA:114,29
DA:117,32
DA:119,32
DA:120,32
DA:125,32
DA:126,3
DA:127,3
DA:128,2
DA:129,2
DA:130,2
DA:136,29
DA:137,29
DA:138,29
DA:139,28
DA:140,28
DA:144,0
DA:147,32
DA:148,2
DA:151,30
DA:154,214
DA:161,1
DA:163,32
DA:164,32
DA:165,7
DA:168,25
DA:171,32
DA:172,32
DA:175,0
DA:178,32
DA:182,32
DA:183,7
DA:184,17
DA:185,17
DA:186,17
DA:191,25
DA:192,25
DA:193,55
DA:194,55
DA:195,55
DA:199,32
DA:208,1
DA:209,32
DA:210,0
DA:213,32
DA:214,32
DA:215,30
DA:218,2
DA:226,1
DA:227,32
DA:228,32
DA:235,32
DA:236,32
DA:237,72
DA:238,288
DA:239,288
DA:240,59
DA:241,59
DA:242,59
DA:248,32
DA:249,2
DA:252,30
DA:258,1
DA:259,567
DA:260,495
DA:262,72
DA:263,72
DA:266,1
LF:124
LH:114
BRDA:20,1,0,71
BRDA:20,1,1,797
BRDA:23,2,0,658
BRDA:23,2,1,139
BRDA:36,3,0,0
BRDA:36,3,1,71
BRDA:40,4,0,62
BRDA:40,4,1,9
BRDA:44,5,0,0
BRDA:44,5,1,9
BRDA:52,6,0,0
BRDA:52,6,1,9
BRDA:52,7,0,9
BRDA:52,7,1,9
BRDA:59,8,0,9
BRDA:59,8,1,0
BRDA:85,9,0,484
BRDA:85,9,1,246
BRDA:85,10,0,730
BRDA:85,10,1,719
BRDA:94,11,0,223
BRDA:94,11,1,32
BRDA:94,12,0,255
BRDA:94,12,1,248
BRDA:108,13,0,3
BRDA:108,13,1,29
BRDA:125,14,0,3
BRDA:125,14,1,29
BRDA:127,15,0,2
BRDA:127,15,1,1
BRDA:136,16,0,29
BRDA:136,16,1,0
BRDA:138,17,0,28
BRDA:138,17,1,1
BRDA:147,18,0,2
BRDA:147,18,1,30
BRDA:164,19,0,7
BRDA:164,19,1,25
BRDA:171,20,0,32
BRDA:171,20,1,0
BRDA:182,21,0,7
BRDA:182,21,1,25
BRDA:182,22,0,32
BRDA:182,22,1,7
BRDA:209,23,0,0
BRDA:209,23,1,32
BRDA:214,24,0,30
BRDA:214,24,1,2
BRDA:239,25,0,59
BRDA:239,25,1,229
BRDA:248,26,0,2
BRDA:248,26,1,30
BRDA:259,27,0,495
BRDA:259,27,1,72
BRF:54
BRH:47
end_of_record
TN:
SF:/Users/nitintulswani/Desktop/mathsteps/lib/simplifyExpression/collectAndCombineSearch/index.js
FN:26,collectAndCombineLikeTerms
FN:56,collectAndCombineOperation
FN:86,combineLikeTerms
FNF:3
FNH:3
FNDA:1649,collectAndCombineLikeTerms
FNDA:877,collectAndCombineOperation
FNDA:130,combineLikeTerms
DA:5,1
DA:6,1
DA:7,1
DA:9,1
DA:10,1
DA:11,1
DA:12,1
DA:14,1
DA:21,1
DA:26,1
DA:27,1649
DA:28,385
DA:29,385
DA:30,78
DA:34,307
DA:36,1264
DA:39,492
DA:40,492
DA:42,52
DA:43,52
DA:47,440
DA:50,772
DA:56,1
DA:57,877
DA:59,877
DA:60,877
DA:61,747
DA:65,130
DA:66,130
DA:70,130
DA:71,130
DA:72,130
DA:73,130
DA:74,130
DA:77,130
DA:86,1
DA:87,130
DA:88,130
DA:90,130
DA:91,316
DA:93,316
DA:94,164
DA:96,152
DA:97,152
DA:98,152
DA:99,152
DA:100,152
DA:101,152
DA:105,130
DA:108,1
LF:50
LH:50
BRDA:27,1,0,385
BRDA:27,1,1,1264
BRDA:29,2,0,78
BRDA:29,2,1,307
BRDA:36,3,0,492
BRDA:36,3,1,772
BRDA:40,4,0,52
BRDA:40,4,1,440
BRDA:60,5,0,747
BRDA:60,5,1,130
BRDA:71,6,0,130
BRDA:71,6,1,0
BRDA:93,7,0,164
BRDA:93,7,1,152
BRDA:98,8,0,152
BRDA:98,8,1,0
BRF:16
BRH:14
end_of_record
TN:
SF:/Users/nitintulswani/Desktop/mathsteps/lib/simplifyExpression/collectAndCombineSearch/addLikeTerms.js
FN:10,addLikeTerms
FN:31,addLikePolynomialTerms
FN:77,addPositiveOneCoefficient
FN:112,addNegativeOneCoefficient
FN:146,groupCoefficientsForAdding
FN:173,evaluateCoefficientSum
FNF:6
FNH:6
FNDA:390,addLikeTerms
FNDA:351,addLikePolynomialTerms
FNDA:66,addPositiveOneCoefficient
FNDA:66,addNegativeOneCoefficient
FNDA:66,groupCoefficientsForAdding
FNDA:66,evaluateCoefficientSum
DA:3,1
DA:4,1
DA:5,1
DA:6,1
DA:7,1
DA:10,1
DA:11,390
DA:12,0
DA:14,390
DA:16,390
DA:17,83
DA:18,83
DA:19,39
DA:23,351
DA:24,351
DA:25,66
DA:28,285
DA:31,1
DA:32,351
DA:33,285
DA:36,66
DA:37,66
DA:42,66
DA:43,66
DA:44,25
DA:45,25
DA:51,66
DA:52,66
DA:53,20
DA:54,20
DA:58,66
DA:59,66
DA:60,66
DA:63,66
DA:64,66
DA:65,66
DA:67,66
DA:77,1
DA:78,66
DA:79,66
DA:81,66
DA:82,66
DA:83,137
DA:84,137
DA:85,30
DA:90,30
DA:91,30
DA:93,30
DA:94,30
DA:98,66
DA:99,25
DA:103,41
DA:112,1
DA:113,66
DA:114,66
DA:116,66
DA:117,66
DA:118,137
DA:119,137
DA:120,21
DA:126,21
DA:127,21
DA:129,21
DA:130,21
DA:134,66
DA:135,20
DA:139,46
DA:146,1
DA:147,66
DA:149,137
DA:150,137
DA:151,66
DA:156,66
DA:160,66
DA:161,66
DA:162,66
DA:163,66
DA:166,66
DA:173,1
DA:177,66
DA:178,66
DA:179,66
DA:182,1
LF:83
LH:82
BRDA:11,1,0,0
BRDA:11,1,1,390
BRDA:16,2,0,83
BRDA:16,2,1,307
BRDA:18,3,0,39
BRDA:18,3,1,44
BRDA:24,4,0,66
BRDA:24,4,1,285
BRDA:32,5,0,285
BRDA:32,5,1,66
BRDA:43,6,0,25
BRDA:43,6,1,41
BRDA:52,7,0,20
BRDA:52,7,1,46
BRDA:84,8,0,30
BRDA:84,8,1,107
BRDA:98,9,0,25
BRDA:98,9,1,41
BRDA:119,10,0,21
BRDA:119,10,1,116
BRDA:134,11,0,20
BRDA:134,11,1,46
BRF:22
BRH:21
end_of_record
TN:
SF:/Users/nitintulswani/Desktop/mathsteps/lib/simplifyExpression/collectAndCombineSearch/evaluateConstantSum.js
FN:13,evaluateConstantSum
FN:88,groupConstantsAndFractions
FNF:2
FNH:2
FNDA:150,evaluateConstantSum
FNDA:1,groupConstantsAndFractions
DA:3,1
DA:4,1
DA:5,1
DA:6,1
DA:7,1
DA:8,1
DA:13,1
DA:14,150
DA:15,66
DA:17,150
DA:18,0
DA:20,262
DA:21,44
DA:25,106
DA:30,106
DA:31,123
DA:32,123
DA:33,105
DA:34,105
DA:39,1
DA:40,1
DA:41,1
DA:44,1
DA:45,1
DA:46,1
DA:48,1
DA:49,1
DA:53,1
DA:54,0
DA:55,0
DA:56,0
DA:57,0
DA:58,0
DA:63,1
DA:64,1
DA:65,1
DA:66,1
DA:67,1
DA:68,1
DA:74,1
DA:75,1
DA:76,1
DA:78,1
DA:88,1
DA:89,1
DA:90,1
DA:92,1
DA:93,0
DA:96,1
DA:97,0
DA:100,1
DA:102,1
DA:104,1
DA:107,1
DA:108,0
DA:111,1
DA:114,1
DA:116,2
DA:118,2
DA:121,1
DA:122,1
DA:125,0
DA:128,1
DA:129,1
DA:133,1
LF:65
LH:55
BRDA:14,1,0,66
BRDA:14,1,1,84
BRDA:17,2,0,0
BRDA:17,2,1,150
BRDA:17,3,0,150
BRDA:17,3,1,150
BRDA:20,4,0,44
BRDA:20,4,1,106
BRDA:32,5,0,105
BRDA:32,5,1,18
BRDA:33,6,0,105
BRDA:33,6,1,0
BRDA:53,7,0,0
BRDA:53,7,1,1
BRDA:63,8,0,1
BRDA:63,8,1,0
BRDA:92,9,0,0
BRDA:92,9,1,1
BRDA:92,10,0,1
BRDA:92,10,1,1
BRDA:96,11,0,0
BRDA:96,11,1,1
BRDA:107,12,0,0
BRDA:107,12,1,1
BRDA:121,13,0,1
BRDA:121,13,1,0
BRF:26
BRH:18
end_of_record
TN:
SF:/Users/nitintulswani/Desktop/mathsteps/lib/simplifyExpression/fractionsSearch/addConstantFractions.js
FN:17,addConstantFractions
FN:83,combineNumeratorsAboveCommonDenominator
FN:101,addNumeratorsTogether
FN:109,reduceNumerator
FN:125,makeCommonDenominator
FN:151,evaluateDenominators
FN:162,evaluateNumerators
FNF:7
FNH:7
FNDA:4348,addConstantFractions
FNDA:21,combineNumeratorsAboveCommonDenominator
FNDA:21,addNumeratorsTogether
FNDA:21,reduceNumerator
FNDA:3,makeCommonDenominator
FNDA:3,evaluateDenominators
FNDA:3,evaluateNumerators
DA:3,1
DA:4,1
DA:5,1
DA:6,1
DA:7,1
DA:17,1
DA:18,4348
DA:20,4348
DA:21,3855
DA:23,521
DA:24,472
DA:26,21
DA:27,42
DA:30,21
DA:31,21
DA:35,42
DA:36,3
DA:37,3
DA:38,3
DA:41,3
DA:42,3
DA:43,3
DA:46,3
DA:47,3
DA:48,3
DA:53,21
DA:54,21
DA:55,21
DA:58,21
DA:59,21
DA:60,21
DA:63,21
DA:64,21
DA:65,4
DA:66,4
DA:70,21
DA:71,21
DA:72,6
DA:73,6
DA:76,21
DA:83,1
DA:84,21
DA:86,21
DA:87,21
DA:88,21
DA:89,42
DA:91,21
DA:94,21
DA:95,21
DA:101,1
DA:102,21
DA:104,21
DA:105,21
DA:109,1
DA:110,21
DA:112,21
DA:113,4
DA:114,4
DA:118,17
DA:125,1
DA:126,3
DA:128,3
DA:129,6
DA:131,3
DA:133,3
DA:136,6
DA:137,6
DA:138,5
DA:139,5
DA:141,5
DA:143,5
DA:147,3
DA:151,1
DA:152,3
DA:154,3
DA:155,6
DA:158,3
DA:162,1
DA:163,3
DA:165,3
DA:166,6
DA:169,3
DA:173,1
LF:83
LH:83
BRDA:20,1,0,3855
BRDA:20,1,1,493
BRDA:20,2,0,4348
BRDA:20,2,1,1581
BRDA:23,3,0,472
BRDA:23,3,1,21
BRDA:35,4,0,3
BRDA:35,4,1,18
BRDA:64,5,0,4
BRDA:64,5,1,17
BRDA:71,6,0,6
BRDA:71,6,1,15
BRDA:112,7,0,4
BRDA:112,7,1,17
BRDA:137,8,0,5
BRDA:137,8,1,1
BRF:16
BRH:16
end_of_record
TN:
SF:/Users/nitintulswani/Desktop/mathsteps/lib/simplifyExpression/fractionsSearch/divideByGCD.js
FN:16,divideByGCD
FNF:1
FNH:1
FNDA:4408,divideByGCD
DA:3,1
DA:4,1
DA:5,1
DA:16,1
DA:17,4408
DA:18,4075
DA:21,333
DA:22,113
DA:25,220
DA:26,220
DA:29,220
DA:35,220
DA:36,0
DA:39,220
DA:40,176
DA:43,44
DA:44,44
DA:45,44
DA:46,44
DA:47,34
DA:50,10
DA:54,44
DA:58,1
LF:23
LH:22
BRDA:17,1,0,4075
BRDA:17,1,1,333
BRDA:17,2,0,4408
BRDA:17,2,1,1637
BRDA:21,3,0,113
BRDA:21,3,1,220
BRDA:35,4,0,0
BRDA:35,4,1,220
BRDA:39,5,0,176
BRDA:39,5,1,44
BRDA:46,6,0,34
BRDA:46,6,1,10
BRF:12
BRH:11
end_of_record
TN:
SF:/Users/nitintulswani/Desktop/mathsteps/lib/simplifyExpression/fractionsSearch/addConstantAndFraction.js
FN:13,addConstantAndFraction
FNF:1
FNH:1
FNDA:4327,addConstantAndFraction
DA:3,1
DA:4,1
DA:5,1
DA:6,1
DA:13,1
DA:14,4327
DA:15,3995
DA:18,332
DA:19,332
DA:20,332
DA:21,332
DA:22,83
DA:23,8
DA:24,8
DA:27,75
DA:30,249
DA:31,187
DA:32,2
DA:33,2
DA:36,185
DA:40,62
DA:43,10
DA:44,10
DA:48,10
DA:49,10
DA:50,10
DA:51,10
DA:52,10
DA:53,10
DA:54,10
DA:56,10
DA:58,10
DA:59,10
DA:63,0
DA:64,0
DA:65,0
DA:68,0
DA:70,0
DA:71,0
DA:72,0
DA:75,10
DA:76,8
DA:77,8
DA:80,2
DA:81,2
DA:84,10
DA:85,10
DA:89,10
DA:90,10
DA:91,10
DA:95,0
DA:96,0
DA:100,10
DA:101,10
DA:103,10
DA:107,1
LF:56
LH:47
BRDA:14,1,0,3995
BRDA:14,1,1,332
BRDA:14,2,0,4327
BRDA:14,2,1,1560
BRDA:14,2,2,472
BRDA:21,3,0,83
BRDA:21,3,1,249
BRDA:22,4,0,8
BRDA:22,4,1,75
BRDA:30,5,0,187
BRDA:30,5,1,62
BRDA:31,6,0,2
BRDA:31,6,1,185
BRDA:50,7,0,10
BRDA:50,7,1,0
BRDA:64,8,0,0
BRDA:64,8,1,0
BRDA:75,9,0,8
BRDA:75,9,1,2
BRDA:89,10,0,10
BRDA:89,10,1,0
BRF:21
BRH:17
end_of_record
TN:
SF:/Users/nitintulswani/Desktop/mathsteps/lib/simplifyExpression/collectAndCombineSearch/LikeTermCollector.js
FN:17,(anonymous_1)
FN:49,(anonymous_2)
FN:124,getTermName
FN:140,getTermsForCollectingAddition
FN:188,getTermsForCollectingMultiplication
FN:228,addToTermsforPolynomialMultiplication
FN:252,sortTerms
FNF:7
FNH:7
FNDA:1650,(anonymous_1)
FNDA:877,(anonymous_2)
FNDA:2371,getTermName
FNDA:1209,getTermsForCollectingAddition
FNDA:563,getTermsForCollectingMultiplication
FNDA:614,addToTermsforPolynomialMultiplication
FNDA:34,sortTerms
DA:3,1
DA:4,1
DA:5,1
DA:6,1
DA:7,1
DA:9,1
DA:10,1
DA:11,1
DA:13,1
DA:17,1
DA:22,1650
DA:23,8
DA:26,1642
DA:27,1642
DA:28,1131
DA:30,511
DA:31,511
DA:34,0
DA:42,1642
DA:43,3225
DA:44,1642
DA:45,2562
DA:49,1
DA:50,877
DA:51,747
DA:54,130
DA:55,130
DA:56,130
DA:57,78
DA:59,52
DA:60,52
DA:63,0
DA:67,130
DA:68,296
DA:73,130
DA:75,122
DA:76,70
DA:79,122
DA:80,52
DA:83,130
DA:84,5
DA:88,130
DA:89,130
DA:90,130
DA:91,283
DA:92,283
DA:93,131
DA:94,131
DA:95,131
DA:99,152
DA:101,152
DA:102,152
DA:104,283
DA:105,443
DA:107,283
DA:111,130
DA:112,13
DA:115,130
DA:116,130
DA:117,130
DA:124,1
DA:125,2371
DA:127,2371
DA:129,2371
DA:130,1757
DA:131,1757
DA:133,2371
DA:140,1
DA:141,1209
DA:143,1209
DA:144,3025
DA:146,3025
DA:147,1757
DA:148,1757
DA:150,1268
DA:151,32
DA:153,1236
DA:154,660
DA:156,576
DA:160,576
DA:165,0
DA:172,1209
DA:174,0
DA:175,0
DA:176,0
DA:179,1209
DA:188,1
DA:189,563
DA:191,563
DA:192,1179
DA:194,1179
DA:195,18
DA:197,18
DA:199,1179
DA:200,614
DA:202,565
DA:203,57
DA:205,508
DA:206,431
DA:208,77
DA:212,77
DA:217,0
DA:220,563
DA:228,1
DA:229,614
DA:230,614
DA:232,614
DA:233,486
DA:234,486
DA:237,128
DA:238,128
DA:239,128
DA:240,28
DA:244,128
DA:245,128
DA:246,128
DA:248,614
DA:252,1
DA:253,34
DA:254,0
DA:257,34
DA:258,7
DA:262,27
DA:263,27
DA:264,27
DA:265,27
DA:266,27
DA:267,4
DA:270,23
DA:275,1
LF:130
LH:122
BRDA:22,1,0,8
BRDA:22,1,1,1642
BRDA:22,2,0,1650
BRDA:22,2,1,519
BRDA:27,3,0,1131
BRDA:27,3,1,511
BRDA:30,4,0,511
BRDA:30,4,1,0
BRDA:44,5,0,1642
BRDA:44,5,1,1343
BRDA:50,6,0,747
BRDA:50,6,1,130
BRDA:56,7,0,78
BRDA:56,7,1,52
BRDA:59,8,0,52
BRDA:59,8,1,0
BRDA:68,9,0,296
BRDA:68,9,1,174
BRDA:68,9,2,169
BRDA:73,10,0,122
BRDA:73,10,1,8
BRDA:75,11,0,70
BRDA:75,11,1,52
BRDA:79,12,0,52
BRDA:79,12,1,70
BRDA:83,13,0,5
BRDA:83,13,1,125
BRDA:92,14,0,131
BRDA:92,14,1,152
BRDA:111,15,0,13
BRDA:111,15,1,117
BRDA:129,16,0,1757
BRDA:129,16,1,614
BRDA:146,17,0,1757
BRDA:146,17,1,1268
BRDA:150,18,0,32
BRDA:150,18,1,1236
BRDA:153,19,0,660
BRDA:153,19,1,576
BRDA:156,20,0,576
BRDA:156,20,1,0
BRDA:156,21,0,576
BRDA:156,21,1,0
BRDA:156,21,2,0
BRDA:156,21,3,0
BRDA:172,22,0,0
BRDA:172,22,1,1209
BRDA:172,23,0,1209
BRDA:172,23,1,542
BRDA:172,23,2,427
BRDA:172,23,3,0
BRDA:194,24,0,18
BRDA:194,24,1,1161
BRDA:199,25,0,614
BRDA:199,25,1,565
BRDA:202,26,0,57
BRDA:202,26,1,508
BRDA:205,27,0,431
BRDA:205,27,1,77
BRDA:208,28,0,77
BRDA:208,28,1,0
BRDA:208,29,0,77
BRDA:208,29,1,0
BRDA:208,29,2,0
BRDA:208,29,3,0
BRDA:232,30,0,486
BRDA:232,30,1,128
BRDA:239,31,0,28
BRDA:239,31,1,100
BRDA:253,32,0,0
BRDA:253,32,1,34
BRDA:257,33,0,7
BRDA:257,33,1,27
BRDA:258,34,0,4
BRDA:258,34,1,3
BRDA:266,35,0,4
BRDA:266,35,1,23
BRDA:267,36,0,2
BRDA:267,36,1,2
BRDA:270,37,0,16
BRDA:270,37,1,7
BRF:81
BRH:68
end_of_record
TN:
SF:/Users/nitintulswani/Desktop/mathsteps/lib/util/Util.js
FN:9,(anonymous_1)
FNF:1
FNH:1
FNDA:4352,(anonymous_1)
DA:5,1
DA:9,1
DA:10,4352
DA:11,830
DA:14,3522
DA:16,4352
DA:19,1
LF:7
LH:7
BRDA:10,1,0,830
BRDA:10,1,1,3522
BRF:2
BRH:2
end_of_record
TN:
SF:/Users/nitintulswani/Desktop/mathsteps/lib/simplifyExpression/collectAndCombineSearch/multiplyLikeTerms.js
FN:13,multiplyLikeTerms
FN:42,multiplyPolynomialTerms
FN:94,addOneExponent
FN:127,collectExponents
FNF:4
FNH:4
FNDA:509,multiplyLikeTerms
FNDA:466,multiplyPolynomialTerms
FNDA:33,addOneExponent
FNDA:33,collectExponents
DA:3,1
DA:4,1
DA:5,1
DA:6,1
DA:7,1
DA:8,1
DA:13,1
DA:14,509
DA:15,0
DA:17,509
DA:19,509
DA:20,69
DA:21,69
DA:22,28
DA:23,28
DA:26,41
DA:27,41
DA:28,15
DA:29,15
DA:33,466
DA:34,466
DA:35,33
DA:36,33
DA:39,433
DA:42,1
DA:43,466
DA:44,433
DA:47,33
DA:48,33
DA:54,33
DA:55,33
DA:56,27
DA:57,27
DA:62,33
DA:63,33
DA:64,33
DA:71,33
DA:72,33
DA:73,33
DA:74,32
DA:75,32
DA:76,32
DA:79,33
DA:80,1
DA:83,32
DA:94,1
DA:95,33
DA:96,33
DA:98,33
DA:99,33
DA:100,66
DA:101,66
DA:102,45
DA:107,45
DA:108,45
DA:110,45
DA:111,45
DA:115,33
DA:116,27
DA:120,6
DA:127,1
DA:128,66
DA:132,33
DA:136,66
DA:137,33
DA:139,33
DA:140,33
DA:144,1
LF:68
LH:67
BRDA:14,1,0,0
BRDA:14,1,1,509
BRDA:19,2,0,69
BRDA:19,2,1,440
BRDA:21,3,0,28
BRDA:21,3,1,41
BRDA:27,4,0,15
BRDA:27,4,1,26
BRDA:34,5,0,33
BRDA:34,5,1,433
BRDA:43,6,0,433
BRDA:43,6,1,33
BRDA:55,7,0,27
BRDA:55,7,1,6
BRDA:73,8,0,32
BRDA:73,8,1,1
BRDA:79,9,0,1
BRDA:79,9,1,32
BRDA:101,10,0,45
BRDA:101,10,1,21
BRDA:115,11,0,27
BRDA:115,11,1,6
BRF:22
BRH:21
end_of_record
TN:
SF:/Users/nitintulswani/Desktop/mathsteps/lib/simplifyExpression/multiplyFractionsSearch/index.js
FN:23,multiplyFractions
FNF:1
FNH:1
FNDA:980,multiplyFractions
DA:3,1
DA:4,1
DA:5,1
DA:16,1
DA:23,1
DA:24,980
DA:25,741
DA:27,239
DA:28,462
DA:29,239
DA:30,440
DA:31,239
DA:32,215
DA:35,24
DA:36,24
DA:37,24
DA:38,52
DA:39,33
DA:40,33
DA:43,19
DA:47,24
DA:49,24
DA:53,24
DA:54,24
DA:58,1
LF:25
LH:25
BRDA:24,1,0,741
BRDA:24,1,1,239
BRDA:24,2,0,980
BRDA:24,2,1,769
BRDA:31,3,0,215
BRDA:31,3,1,24
BRDA:31,4,0,239
BRDA:31,4,1,41
BRDA:38,5,0,33
BRDA:38,5,1,19
BRDA:49,6,0,15
BRDA:49,6,1,9
BRF:12
BRH:12
end_of_record
TN:
SF:/Users/nitintulswani/Desktop/mathsteps/lib/simplifyExpression/divisionSearch/index.js
FN:11,division
FN:31,multiplyByInverse
FN:54,simplifyDivisionChain
FN:74,getDenominatorList
FNF:4
FNH:4
FNDA:4798,division
FNDA:281,multiplyByInverse
FNDA:278,simplifyDivisionChain
FNDA:278,getDenominatorList
DA:3,1
DA:4,1
DA:5,1
DA:9,1
DA:11,1
DA:12,4798
DA:13,4517
DA:16,281
DA:17,281
DA:18,3
DA:21,278
DA:22,278
DA:23,3
DA:25,275
DA:31,1
DA:32,281
DA:33,281
DA:34,25
DA:36,281
DA:37,278
DA:41,3
DA:42,3
DA:43,3
DA:46,3
DA:47,3
DA:54,1
DA:56,278
DA:58,278
DA:59,3
DA:62,3
DA:64,3
DA:65,3
DA:68,275
DA:74,1
DA:75,278
DA:76,278
DA:77,278
DA:80,281
DA:81,281
DA:84,278
DA:85,278
DA:88,1
LF:42
LH:42
BRDA:12,1,0,4517
BRDA:12,1,1,281
BRDA:12,2,0,4798
BRDA:12,2,1,1678
BRDA:17,3,0,3
BRDA:17,3,1,278
BRDA:22,4,0,3
BRDA:22,4,1,275
BRDA:33,5,0,25
BRDA:33,5,1,256
BRDA:36,6,0,278
BRDA:36,6,1,3
BRDA:36,7,0,281
BRDA:36,7,1,32
BRDA:58,8,0,3
BRDA:58,8,1,275
BRF:16
BRH:16
end_of_record
TN:
SF:/Users/nitintulswani/Desktop/mathsteps/lib/simplifyExpression/fractionsSearch/index.js
FN:42,simplifyFractions
FNF:1
FNH:1
FNDA:4326,simplifyFractions
DA:14,1
DA:15,1
DA:16,1
DA:17,1
DA:18,1
DA:19,1
DA:21,1
DA:22,1
DA:24,1
DA:39,1
DA:42,1
DA:43,4326
DA:44,25791
DA:45,25791
DA:46,94
DA:49,25697
DA:52,4232
DA:56,1
LF:18
LH:18
BRDA:45,1,0,94
BRDA:45,1,1,25697
BRF:2
BRH:2
end_of_record
TN:
SF:/Users/nitintulswani/Desktop/mathsteps/lib/simplifyExpression/fractionsSearch/cancelLikeTerms.js
FN:12,(anonymous_1)
FN:22,cancelLikeTerms
FN:173,cancelTerms
FN:300,isMultiplicationOfTerms
FNF:4
FNH:4
FNDA:257,(anonymous_1)
FNDA:4251,cancelLikeTerms
FNDA:257,cancelTerms
FNDA:578,isMultiplicationOfTerms
DA:3,1
DA:4,1
DA:6,1
DA:7,1
DA:8,1
DA:13,257
DA:14,257
DA:15,257
DA:22,1
DA:23,4251
DA:24,4059
DA:26,192
DA:27,192
DA:28,192
DA:31,192
DA:33,158
DA:34,158
DA:35,6
DA:36,6
DA:37,0
DA:42,6
DA:44,6
DA:48,152
DA:56,34
DA:58,13
DA:60,13
DA:61,24
DA:62,24
DA:63,7
DA:64,4
DA:69,3
DA:72,3
DA:73,3
DA:76,7
DA:77,0
DA:82,7
DA:84,7
DA:88,6
DA:94,21
DA:96,12
DA:98,12
DA:99,23
DA:100,23
DA:101,1
DA:102,1
DA:103,0
DA:108,1
DA:111,1
DA:112,1
DA:115,1
DA:119,11
DA:124,9
DA:126,9
DA:128,9
DA:129,13
DA:130,25
DA:131,25
DA:132,5
DA:133,1
DA:138,4
DA:141,4
DA:142,4
DA:145,5
DA:146,0
DA:151,5
DA:154,5
DA:155,5
DA:158,5
DA:163,4
DA:173,1
DA:175,257
DA:176,6
DA:177,6
DA:178,2
DA:180,4
DA:181,0
DA:184,4
DA:186,6
DA:187,6
DA:189,251
DA:190,1
DA:191,1
DA:192,1
DA:193,0
DA:196,1
DA:197,1
DA:198,1
DA:201,0
DA:204,1
DA:208,250
DA:209,17
DA:210,17
DA:211,16
DA:216,1
DA:218,17
DA:219,17
DA:221,233
DA:222,3
DA:223,3
DA:224,2
DA:229,1
DA:231,3
DA:232,3
DA:239,230
DA:240,12
DA:245,218
DA:248,4
DA:249,4
DA:253,4
DA:254,4
DA:256,4
DA:257,4
DA:263,214
DA:265,12
DA:266,12
DA:267,12
DA:268,9
DA:270,3
DA:271,3
DA:272,3
DA:274,1
DA:280,2
DA:281,2
DA:283,2
DA:288,3
DA:289,3
DA:292,202
DA:300,1
DA:301,578
DA:302,118
DA:304,460
DA:308,1
LF:132
LH:125
BRDA:23,1,0,4059
BRDA:23,1,1,192
BRDA:23,2,0,4251
BRDA:23,2,1,1484
BRDA:31,3,0,158
BRDA:31,3,1,34
BRDA:31,4,0,192
BRDA:31,4,1,170
BRDA:34,5,0,6
BRDA:34,5,1,152
BRDA:35,6,0,6
BRDA:35,6,1,2
BRDA:36,7,0,0
BRDA:36,7,1,6
BRDA:56,8,0,13
BRDA:56,8,1,21
BRDA:56,9,0,34
BRDA:56,9,1,22
BRDA:58,10,0,13
BRDA:58,10,1,0
BRDA:62,11,0,7
BRDA:62,11,1,17
BRDA:63,12,0,4
BRDA:63,12,1,3
BRDA:72,13,0,3
BRDA:72,13,1,0
BRDA:76,14,0,0
BRDA:76,14,1,7
BRDA:94,15,0,12
BRDA:94,15,1,9
BRDA:94,16,0,21
BRDA:94,16,1,21
BRDA:96,17,0,12
BRDA:96,17,1,0
BRDA:100,18,0,1
BRDA:100,18,1,22
BRDA:101,19,0,1
BRDA:101,19,1,1
BRDA:102,20,0,0
BRDA:102,20,1,1
BRDA:111,21,0,1
BRDA:111,21,1,0
BRDA:124,22,0,9
BRDA:124,22,1,0
BRDA:126,23,0,9
BRDA:126,23,1,0
BRDA:131,24,0,5
BRDA:131,24,1,20
BRDA:132,25,0,1
BRDA:132,25,1,4
BRDA:141,26,0,4
BRDA:141,26,1,0
BRDA:145,27,0,0
BRDA:145,27,1,5
BRDA:154,28,0,5
BRDA:154,28,1,0
BRDA:175,29,0,6
BRDA:175,29,1,251
BRDA:177,30,0,2
BRDA:177,30,1,4
BRDA:180,31,0,0
BRDA:180,31,1,4
BRDA:189,32,0,1
BRDA:189,32,1,250
BRDA:192,33,0,0
BRDA:192,33,1,1
BRDA:197,34,0,1
BRDA:197,34,1,0
BRDA:208,35,0,17
BRDA:208,35,1,233
BRDA:210,36,0,16
BRDA:210,36,1,1
BRDA:221,37,0,3
BRDA:221,37,1,230
BRDA:223,38,0,2
BRDA:223,38,1,1
BRDA:239,39,0,12
BRDA:239,39,1,218
BRDA:245,40,0,4
BRDA:245,40,1,214
BRDA:245,41,0,218
BRDA:245,41,1,7
BRDA:245,41,2,4
BRDA:263,42,0,12
BRDA:263,42,1,202
BRDA:263,43,0,214
BRDA:263,43,1,42
BRDA:267,44,0,9
BRDA:267,44,1,3
BRDA:272,45,0,1
BRDA:272,45,1,2
BRDA:301,46,0,118
BRDA:301,46,1,460
BRDA:304,47,0,460
BRDA:304,47,1,115
BRF:95
BRH:80
end_of_record
TN:
SF:/Users/nitintulswani/Desktop/mathsteps/lib/simplifyExpression/fractionsSearch/simplifyFractionSigns.js
FN:14,simplifySigns
FNF:1
FNH:1
FNDA:4316,simplifySigns
DA:3,1
DA:4,1
DA:5,1
DA:6,1
DA:14,1
DA:15,4316
DA:16,4071
DA:18,245
DA:19,245
DA:20,245
DA:22,245
DA:23,21
DA:24,21
DA:27,21
DA:28,21
DA:29,21
DA:32,224
DA:36,1
LF:18
LH:18
BRDA:15,1,0,4071
BRDA:15,1,1,245
BRDA:15,2,0,4316
BRDA:15,2,1,1549
BRDA:22,3,0,21
BRDA:22,3,1,224
BRDA:24,4,0,10
BRDA:24,4,1,11
BRF:8
BRH:8
end_of_record
TN:
SF:/Users/nitintulswani/Desktop/mathsteps/lib/simplifyExpression/fractionsSearch/simplifyPolynomialFraction.js
FN:13,simplifyPolynomialFraction
FNF:1
FNH:1
FNDA:4282,simplifyPolynomialFraction
DA:3,1
DA:4,1
DA:5,1
DA:6,1
DA:13,1
DA:14,4282
DA:15,2889
DA:18,1393
DA:19,1393
DA:20,1301
DA:23,92
DA:28,92
DA:29,159
DA:30,159
DA:31,159
DA:32,31
DA:33,31
DA:34,23
DA:36,31
DA:37,31
DA:39,31
DA:43,61
DA:46,1
LF:23
LH:23
BRDA:14,1,0,2889
BRDA:14,1,1,1393
BRDA:19,2,0,1301
BRDA:19,2,1,92
BRDA:31,3,0,31
BRDA:31,3,1,128
BRDA:33,4,0,23
BRDA:33,4,1,8
BRF:8
BRH:8
end_of_record
TN:
SF:/Users/nitintulswani/Desktop/mathsteps/lib/simplifyExpression/functionsSearch/index.js
FN:20,functions
FNF:1
FNH:1
FNDA:601,functions
DA:3,1
DA:4,1
DA:6,1
DA:7,1
DA:9,1
DA:17,1
DA:20,1
DA:21,601
DA:22,580
DA:25,21
DA:26,35
DA:27,35
DA:28,16
DA:31,5
DA:34,1
LF:15
LH:15
BRDA:21,1,0,580
BRDA:21,1,1,21
BRDA:27,2,0,16
BRDA:27,2,1,19
BRF:4
BRH:4
end_of_record
TN:
SF:/Users/nitintulswani/Desktop/mathsteps/lib/simplifyExpression/functionsSearch/absoluteValue.js
FN:11,absoluteValue
FNF:1
FNH:1
FNDA:14,absoluteValue
DA:3,1
DA:5,1
DA:6,1
DA:7,1
DA:11,1
DA:12,14
DA:13,5
DA:15,9
DA:16,0
DA:18,9
DA:19,9
DA:20,9
DA:21,7
DA:22,7
DA:25,2
DA:26,2
DA:28,2
DA:30,2
DA:31,2
DA:35,0
DA:39,1
LF:21
LH:19
BRDA:12,1,0,5
BRDA:12,1,1,9
BRDA:15,2,0,0
BRDA:15,2,1,9
BRDA:20,3,0,7
BRDA:20,3,1,2
BRDA:25,4,0,2
BRDA:25,4,1,0
BRF:8
BRH:6
end_of_record
TN:
SF:/Users/nitintulswani/Desktop/mathsteps/lib/simplifyExpression/functionsSearch/nthRoot.js
FN:13,nthRoot
FN:39,nthRootExponent
FN:86,nthRootMultiplication
FN:149,factorMultiplicands
FN:188,getFactorNodes
FN:201,groupTermsByRoot
FN:247,convertMultiplicationToExponent
FN:288,distributeNthRoot
FN:307,evaluateNthRootForChildren
FN:337,combineRoots
FN:375,nthRootConstant
FN:429,getRootNode
FN:438,getRadicandNode
FN:448,sortNodes
FN:463,isMultiplicationOfEqualNodes
FNF:15
FNH:15
FNDA:31,nthRoot
FNDA:5,nthRootExponent
FNDA:5,nthRootMultiplication
FNDA:5,factorMultiplicands
FNDA:6,getFactorNodes
FNDA:5,groupTermsByRoot
FNDA:5,convertMultiplicationToExponent
FNDA:5,distributeNthRoot
FNDA:5,evaluateNthRootForChildren
FNDA:4,combineRoots
FNDA:7,nthRootConstant
FNDA:31,getRootNode
FNDA:54,getRadicandNode
FNDA:8,sortNodes
FNDA:3,isMultiplicationOfEqualNodes
DA:3,1
DA:5,1
DA:6,1
DA:7,1
DA:8,1
DA:9,1
DA:13,1
DA:14,31
DA:15,9
DA:18,22
DA:19,22
DA:20,9
DA:21,5
DA:23,4
DA:24,4
DA:27,13
DA:28,7
DA:31,6
DA:39,1
DA:40,5
DA:42,5
DA:43,5
DA:44,5
DA:45,5
DA:47,5
DA:48,4
DA:49,4
DA:52,1
DA:53,1
DA:54,1
DA:55,1
DA:56,0
DA:57,0
DA:59,0
DA:60,0
DA:63,1
DA:64,1
DA:65,1
DA:67,1
DA:68,1
DA:73,0
DA:86,1
DA:87,5
DA:88,5
DA:90,5
DA:91,5
DA:92,5
DA:94,5
DA:95,5
DA:96,3
DA:97,3
DA:101,5
DA:102,5
DA:103,3
DA:104,3
DA:108,5
DA:109,5
DA:110,5
DA:111,5
DA:112,5
DA:113,0
DA:114,0
DA:115,0
DA:122,5
DA:123,5
DA:124,5
DA:127,5
DA:128,5
DA:129,4
DA:130,4
DA:133,4
DA:134,4
DA:135,1
DA:136,1
DA:139,4
DA:143,1
DA:149,1
DA:150,5
DA:151,5
DA:153,5
DA:154,5
DA:155,5
DA:156,10
DA:157,4
DA:158,4
DA:159,4
DA:161,4
DA:162,0
DA:163,0
DA:164,0
DA:166,0
DA:168,4
DA:171,6
DA:172,6
DA:173,3
DA:175,6
DA:179,5
DA:180,3
DA:181,3
DA:185,2
DA:188,1
DA:189,6
DA:190,6
DA:191,6
DA:192,6
DA:193,6
DA:195,0
DA:201,1
DA:202,5
DA:203,5
DA:204,5
DA:205,5
DA:207,5
DA:211,5
DA:212,5
DA:213,9
DA:214,9
DA:215,9
DA:216,14
DA:217,14
DA:218,1
DA:220,13
DA:222,9
DA:223,3
DA:224,3
DA:226,3
DA:229,6
DA:231,9
DA:234,5
DA:235,3
DA:237,3
DA:241,2
DA:247,1
DA:248,5
DA:250,5
DA:252,5
DA:253,0
DA:254,0
DA:255,0
DA:256,0
DA:257,0
DA:258,0
DA:262,5
DA:263,5
DA:264,5
DA:265,10
DA:266,3
DA:267,3
DA:268,3
DA:269,3
DA:270,3
DA:271,3
DA:274,7
DA:277,5
DA:278,5
DA:282,0
DA:288,1
DA:289,5
DA:290,5
DA:291,5
DA:293,5
DA:294,5
DA:295,10
DA:296,10
DA:299,5
DA:300,5
DA:307,1
DA:308,5
DA:310,5
DA:311,5
DA:312,10
DA:313,10
DA:314,10
DA:315,4
DA:316,4
DA:320,5
DA:321,1
DA:323,4
DA:324,4
DA:327,0
DA:337,1
DA:338,4
DA:340,4
DA:341,4
DA:342,4
DA:343,4
DA:344,8
DA:345,8
DA:346,4
DA:347,4
DA:350,4
DA:354,4
DA:355,4
DA:356,4
DA:358,4
DA:361,4
DA:362,4
DA:363,1
DA:369,3
DA:375,1
DA:376,7
DA:377,7
DA:378,7
DA:380,7
DA:381,0
DA:383,7
DA:384,0
DA:387,7
DA:388,7
DA:389,7
DA:391,7
DA:392,2
DA:393,2
DA:400,5
DA:401,5
DA:402,1
DA:403,1
DA:405,1
DA:406,1
DA:410,1
DA:411,1
DA:412,0
DA:413,0
DA:415,0
DA:421,5
DA:429,1
DA:430,31
DA:431,0
DA:434,31
DA:438,1
DA:439,54
DA:440,0
DA:443,54
DA:448,1
DA:449,8
DA:450,4
DA:452,4
DA:453,4
DA:455,0
DA:456,0
DA:458,0
DA:463,1
DA:464,3
DA:465,0
DA:469,3
DA:470,3
DA:475,1
LF:247
LH:215
BRDA:14,1,0,9
BRDA:14,1,1,22
BRDA:19,2,0,9
BRDA:19,2,1,13
BRDA:20,3,0,5
BRDA:20,3,1,4
BRDA:23,4,0,4
BRDA:23,4,1,0
BRDA:27,5,0,7
BRDA:27,5,1,6
BRDA:45,6,0,0
BRDA:45,6,1,5
BRDA:47,7,0,4
BRDA:47,7,1,1
BRDA:52,8,0,1
BRDA:52,8,1,0
BRDA:52,9,0,1
BRDA:52,9,1,1
BRDA:55,10,0,0
BRDA:55,10,1,1
BRDA:63,11,0,1
BRDA:63,11,1,0
BRDA:92,12,0,5
BRDA:92,12,1,0
BRDA:92,13,0,5
BRDA:92,13,1,5
BRDA:95,14,0,3
BRDA:95,14,1,2
BRDA:102,15,0,3
BRDA:102,15,1,2
BRDA:109,16,0,5
BRDA:109,16,1,0
BRDA:112,17,0,0
BRDA:112,17,1,5
BRDA:128,18,0,4
BRDA:128,18,1,1
BRDA:134,19,0,1
BRDA:134,19,1,3
BRDA:156,20,0,4
BRDA:156,20,1,6
BRDA:161,21,0,0
BRDA:161,21,1,4
BRDA:163,22,0,0
BRDA:163,22,1,0
BRDA:172,23,0,3
BRDA:172,23,1,3
BRDA:179,24,0,3
BRDA:179,24,1,2
BRDA:189,25,0,6
BRDA:189,25,1,0
BRDA:189,26,0,6
BRDA:189,26,1,6
BRDA:215,27,0,22
BRDA:215,27,1,17
BRDA:217,28,0,1
BRDA:217,28,1,13
BRDA:222,29,0,3
BRDA:222,29,1,6
BRDA:234,30,0,3
BRDA:234,30,1,2
BRDA:235,31,0,0
BRDA:235,31,1,3
BRDA:252,32,0,0
BRDA:252,32,1,5
BRDA:254,33,0,0
BRDA:254,33,1,0
BRDA:262,34,0,5
BRDA:262,34,1,0
BRDA:265,35,0,3
BRDA:265,35,1,7
BRDA:267,36,0,3
BRDA:267,36,1,0
BRDA:314,37,0,4
BRDA:314,37,1,6
BRDA:320,38,0,1
BRDA:320,38,1,4
BRDA:323,39,0,4
BRDA:323,39,1,0
BRDA:345,40,0,4
BRDA:345,40,1,4
BRDA:354,41,0,4
BRDA:354,41,1,0
BRDA:355,42,0,4
BRDA:355,42,1,0
BRDA:356,43,0,4
BRDA:356,43,1,0
BRDA:362,44,0,1
BRDA:362,44,1,3
BRDA:380,45,0,0
BRDA:380,45,1,7
BRDA:383,46,0,0
BRDA:383,46,1,7
BRDA:383,47,0,7
BRDA:383,47,1,7
BRDA:391,48,0,2
BRDA:391,48,1,5
BRDA:401,49,0,1
BRDA:401,49,1,4
BRDA:411,50,0,0
BRDA:411,50,1,1
BRDA:430,51,0,0
BRDA:430,51,1,31
BRDA:434,52,0,30
BRDA:434,52,1,1
BRDA:439,53,0,0
BRDA:439,53,1,54
BRDA:449,54,0,4
BRDA:449,54,1,4
BRDA:449,55,0,8
BRDA:449,55,1,8
BRDA:452,56,0,4
BRDA:452,56,1,0
BRDA:455,57,0,0
BRDA:455,57,1,0
BRDA:464,58,0,0
BRDA:464,58,1,3
BRDA:464,59,0,3
BRDA:464,59,1,3
BRF:118
BRH:87
end_of_record
TN:
SF:/Users/nitintulswani/Desktop/mathsteps/lib/util/removeUnnecessaryParens.js
FN:10,removeUnnecessaryParens
FN:28,removeUnnecessaryParensSearch
FN:54,removeUnnecessaryParensInOperatorNode
FN:88,removeUnnecessaryParensInFunctionNode
FN:105,removeUnnecessaryParensInParenthesisNode
FN:157,canCollectOrCombine
FNF:6
FNH:6
FNDA:8525,removeUnnecessaryParens
FNDA:69996,removeUnnecessaryParensSearch
FNDA:25365,removeUnnecessaryParensInOperatorNode
FNDA:477,removeUnnecessaryParensInFunctionNode
FNDA:4437,removeUnnecessaryParensInParenthesisNode
FNDA:773,canCollectOrCombine
DA:3,1
DA:4,1
DA:5,1
DA:10,1
DA:16,8525
DA:17,8470
DA:18,348
DA:21,8525
DA:28,1
DA:29,69996
DA:30,25365
DA:32,44631
DA:33,477
DA:35,44154
DA:36,4437
DA:38,39717
DA:39,38187
DA:41,1530
DA:42,1530
DA:43,1530
DA:44,1530
DA:47,0
DA:54,1
DA:55,25365
DA:56,54840
DA:63,25365
DA:64,7793
DA:65,19063
DA:69,591
DA:76,17572
DA:77,10
DA:79,2
DA:83,25365
DA:88,1
DA:89,477
DA:90,716
DA:91,1
DA:93,716
DA:96,477
DA:105,1
DA:108,4437
DA:111,63
DA:112,53
DA:113,104
DA:116,63
DA:120,4374
DA:123,93
DA:126,4281
DA:127,1
DA:128,1
DA:132,4280
DA:133,4257
DA:135,4257
DA:136,27
DA:142,23
DA:143,9
DA:145,14
DA:146,14
DA:149,0
DA:152,4437
DA:157,1
DA:158,773
DA:163,1
LF:63
LH:61
BRDA:16,1,0,8470
BRDA:16,1,1,55
BRDA:29,2,0,25365
BRDA:29,2,1,44631
BRDA:32,3,0,477
BRDA:32,3,1,44154
BRDA:35,4,0,4437
BRDA:35,4,1,39717
BRDA:38,5,0,38187
BRDA:38,5,1,1530
BRDA:38,6,0,39717
BRDA:38,6,1,14220
BRDA:41,7,0,1530
BRDA:41,7,1,0
BRDA:63,8,0,7793
BRDA:63,8,1,17572
BRDA:65,9,0,591
BRDA:65,9,1,18472
BRDA:65,10,0,19063
BRDA:65,10,1,771
BRDA:76,11,0,10
BRDA:76,11,1,17562
BRDA:77,12,0,2
BRDA:77,12,1,8
BRDA:77,13,0,10
BRDA:77,13,1,2
BRDA:90,14,0,1
BRDA:90,14,1,715
BRDA:108,15,0,63
BRDA:108,15,1,4374
BRDA:111,16,0,53
BRDA:111,16,1,10
BRDA:120,17,0,93
BRDA:120,17,1,4281
BRDA:120,18,0,4374
BRDA:120,18,1,4293
BRDA:120,18,2,4281
BRDA:126,19,0,1
BRDA:126,19,1,4280
BRDA:132,20,0,4257
BRDA:132,20,1,23
BRDA:135,21,0,27
BRDA:135,21,1,4230
BRDA:142,22,0,9
BRDA:142,22,1,14
BRDA:145,23,0,14
BRDA:145,23,1,0
BRDA:158,24,0,773
BRDA:158,24,1,773
BRDA:158,24,2,708
BRF:50
BRH:48
end_of_record
TN:
SF:/Users/nitintulswani/Desktop/mathsteps/lib/simplifyExpression/simplify.js
FN:14,simplify
FN:34,unflatten
FNF:2
FNH:2
FNDA:77,simplify
FNDA:77,unflatten
DA:3,1
DA:5,1
DA:6,1
DA:7,1
DA:8,1
DA:9,1
DA:14,1
DA:15,77
DA:16,0
DA:19,77
DA:20,77
DA:21,77
DA:22,73
DA:26,4
DA:29,77
DA:34,1
DA:35,77
DA:39,1
LF:18
LH:17
BRDA:15,1,0,0
BRDA:15,1,1,77
BRDA:21,2,0,73
BRDA:21,2,1,4
BRF:4
BRH:3
end_of_record
TN:
SF:/Users/nitintulswani/Desktop/mathsteps/lib/solveEquation/index.js
FN:7,solveEquationString
FNF:1
FNH:1
FNDA:60,solveEquationString
DA:3,1
DA:5,1
DA:7,1
DA:8,60
DA:10,60
DA:11,187
DA:12,187
DA:13,187
DA:14,127
DA:16,60
DA:17,60
DA:18,60
DA:20,60
DA:21,0
DA:24,60
DA:25,60
DA:26,60
DA:29,0
DA:31,60
DA:32,60
DA:36,0
DA:39,1
LF:22
LH:19
BRDA:13,1,0,127
BRDA:13,1,1,60
BRDA:20,2,0,0
BRDA:20,2,1,60
BRDA:20,3,0,60
BRDA:20,3,1,60
BRDA:31,4,0,60
BRDA:31,4,1,0
BRDA:31,5,0,60
BRDA:31,5,1,60
BRF:10
BRH:8
end_of_record
TN:
SF:/Users/nitintulswani/Desktop/mathsteps/lib/solveEquation/stepThrough.js
FN:17,(anonymous_1)
FN:18,(anonymous_2)
FN:19,(anonymous_3)
FN:20,(anonymous_4)
FN:21,(anonymous_5)
FN:28,stepThrough
FN:115,solveConstantEquation
FN:162,step
FN:185,addSimplificationSteps
FN:255,logSteps
FNF:10
FNH:10
FNDA:8,(anonymous_1)
FNDA:4,(anonymous_2)
FNDA:3,(anonymous_3)
FNDA:4,(anonymous_4)
FNDA:3,(anonymous_5)
FNDA:60,stepThrough
FNDA:22,solveConstantEquation
FNDA:111,step
FNDA:136,addSimplificationSteps
FNDA:2,logSteps
DA:3,1
DA:4,1
DA:5,1
DA:7,1
DA:8,1
DA:9,1
DA:10,1
DA:12,1
DA:13,1
DA:14,1
DA:16,1
DA:17,8
DA:18,4
DA:19,3
DA:20,4
DA:21,3
DA:28,1
DA:29,60
DA:31,60
DA:33,0
DA:37,60
DA:39,0
DA:42,60
DA:44,60
DA:45,19
DA:47,41
DA:49,41
DA:50,41
DA:52,41
DA:53,41
DA:54,41
DA:57,41
DA:58,114
DA:59,114
DA:60,90
DA:61,90
DA:65,114
DA:66,114
DA:69,114
DA:70,3
DA:73,111
DA:74,111
DA:78,2
DA:80,2
DA:81,2
DA:84,0
DA:88,109
DA:89,74
DA:91,1
DA:95,73
DA:96,0
DA:98,73
DA:101,108
DA:102,108
DA:104,0
DA:106,0
DA:110,35
DA:115,1
DA:116,22
DA:118,22
DA:119,0
DA:122,22
DA:123,22
DA:124,5
DA:125,5
DA:131,22
DA:132,22
DA:134,22
DA:136,0
DA:140,22
DA:141,22
DA:142,22
DA:143,22
DA:144,10
DA:147,12
DA:152,22
DA:153,22
DA:154,0
DA:156,22
DA:157,22
DA:162,1
DA:163,111
DA:174,111
DA:175,414
DA:177,412
DA:178,74
DA:181,35
DA:185,1
DA:186,136
DA:188,136
DA:189,136
DA:190,136
DA:191,166
DA:192,166
DA:194,136
DA:195,28
DA:196,28
DA:197,28
DA:198,2
DA:200,28
DA:202,108
DA:203,54
DA:204,54
DA:206,54
DA:209,54
DA:210,0
DA:212,54
DA:216,136
DA:217,91
DA:223,136
DA:225,136
DA:226,136
DA:227,136
DA:228,118
DA:229,118
DA:231,136
DA:232,40
DA:233,40
DA:234,40
DA:235,0
DA:237,40
DA:239,96
DA:240,30
DA:241,30
DA:243,30
DA:246,30
DA:247,0
DA:249,30
DA:252,136
DA:255,1
DA:257,2
DA:259,2
DA:260,2
DA:262,0
DA:263,0
DA:268,1
LF:136
LH:122
BRDA:31,1,0,0
BRDA:31,1,1,60
BRDA:37,2,0,0
BRDA:37,2,1,60
BRDA:37,3,0,60
BRDA:37,3,1,60
BRDA:44,4,0,19
BRDA:44,4,1,41
BRDA:59,5,0,90
BRDA:59,5,1,24
BRDA:69,6,0,3
BRDA:69,6,1,111
BRDA:78,7,0,2
BRDA:78,7,1,0
BRDA:88,8,0,74
BRDA:88,8,1,35
BRDA:89,9,0,1
BRDA:89,9,1,73
BRDA:95,10,0,0
BRDA:95,10,1,73
BRDA:102,11,0,0
BRDA:102,11,1,108
BRDA:118,12,0,0
BRDA:118,12,1,22
BRDA:123,13,0,5
BRDA:123,13,1,17
BRDA:134,14,0,0
BRDA:134,14,1,22
BRDA:134,15,0,22
BRDA:134,15,1,22
BRDA:143,16,0,10
BRDA:143,16,1,12
BRDA:153,17,0,0
BRDA:153,17,1,22
BRDA:177,18,0,74
BRDA:177,18,1,338
BRDA:194,19,0,28
BRDA:194,19,1,108
BRDA:197,20,0,2
BRDA:197,20,1,26
BRDA:202,21,0,54
BRDA:202,21,1,54
BRDA:209,22,0,0
BRDA:209,22,1,54
BRDA:216,23,0,91
BRDA:216,23,1,45
BRDA:231,24,0,40
BRDA:231,24,1,96
BRDA:234,25,0,0
BRDA:234,25,1,40
BRDA:239,26,0,30
BRDA:239,26,1,66
BRDA:246,27,0,0
BRDA:246,27,1,30
BRDA:260,28,0,0
BRDA:260,28,1,2
BRF:56
BRH:44
end_of_record
TN:
SF:/Users/nitintulswani/Desktop/mathsteps/lib/equation/Equation.js
FN:11,(anonymous_1)
FN:18,(anonymous_2)
FN:26,(anonymous_3)
FN:35,(anonymous_4)
FNF:4
FNH:4
FNDA:2236,(anonymous_1)
FNDA:246,(anonymous_2)
FNDA:1724,(anonymous_3)
FNDA:95,(anonymous_4)
DA:3,1
DA:5,1
DA:6,1
DA:12,2236
DA:13,2236
DA:14,2236
DA:19,246
DA:20,246
DA:21,246
DA:23,246
DA:27,1724
DA:28,1724
DA:29,1724
DA:35,1
DA:36,95
DA:37,95
DA:38,0
DA:41,95
DA:42,95
DA:44,95
DA:47,1
LF:21
LH:20
BRDA:37,1,0,0
BRDA:37,1,1,95
BRF:2
BRH:1
end_of_record
TN:
SF:/Users/nitintulswani/Desktop/mathsteps/lib/equation/Status.js
FN:12,(anonymous_1)
FN:26,(anonymous_2)
FN:33,(anonymous_3)
FN:37,(anonymous_4)
FN:53,(anonymous_5)
FN:69,(anonymous_6)
FNF:6
FNH:6
FNDA:1243,(anonymous_1)
FNDA:629,(anonymous_2)
FNDA:373,(anonymous_3)
FNDA:468,(anonymous_4)
FNDA:222,(anonymous_5)
FNDA:283,(anonymous_6)
DA:3,1
DA:4,1
DA:5,1
DA:13,1243
DA:14,0
DA:16,1243
DA:17,0
DA:20,1243
DA:21,1243
DA:22,1243
DA:23,1243
DA:27,629
DA:33,1
DA:34,373
DA:37,1
DA:38,468
DA:39,468
DA:40,302
DA:42,468
DA:43,468
DA:44,468
DA:45,468
DA:47,468
DA:48,468
DA:49,468
DA:53,1
DA:54,222
DA:55,222
DA:56,104
DA:58,222
DA:59,222
DA:60,222
DA:61,222
DA:63,222
DA:64,222
DA:65,222
DA:69,1
DA:70,283
DA:71,283
DA:72,283
DA:75,1
LF:41
LH:39
BRDA:13,1,0,0
BRDA:13,1,1,1243
BRDA:16,2,0,0
BRDA:16,2,1,1243
BRDA:16,3,0,1243
BRDA:16,3,1,1243
BRDA:43,4,0,468
BRDA:43,4,1,0
BRDA:59,5,0,222
BRDA:59,5,1,0
BRF:10
BRH:6
end_of_record
TN:
SF:/Users/nitintulswani/Desktop/mathsteps/lib/solveEquation/EquationOperations.js
FN:26,(anonymous_1)
FN:54,(anonymous_2)
FN:65,(anonymous_3)
FN:125,(anonymous_4)
FN:204,performTermOperationOnEquation
FN:224,performTermOperationOnExpression
FNF:6
FNH:6
FNDA:111,(anonymous_1)
FNDA:107,(anonymous_2)
FNDA:107,(anonymous_3)
FNDA:89,(anonymous_4)
FNDA:72,performTermOperationOnEquation
FNDA:144,performTermOperationOnExpression
DA:4,1
DA:5,1
DA:7,1
DA:8,1
DA:9,1
DA:10,1
DA:11,1
DA:13,1
DA:21,1
DA:26,1
DA:27,111
DA:29,111
DA:32,111
DA:33,4
DA:34,2
DA:35,2
DA:36,2
DA:40,2
DA:44,2
DA:47,107
DA:54,1
DA:56,107
DA:65,1
DA:66,107
DA:67,107
DA:69,107
DA:70,107
DA:71,89
DA:76,18
DA:78,18
DA:79,8
DA:80,2
DA:81,2
DA:82,2
DA:85,6
DA:86,6
DA:87,6
DA:90,10
DA:91,10
DA:92,10
DA:93,0
DA:94,0
DA:95,0
DA:98,10
DA:99,10
DA:100,10
DA:107,0
DA:110,0
DA:111,0
DA:112,0
DA:113,0
DA:116,0
DA:118,18
DA:125,1
DA:126,89
DA:127,89
DA:129,89
DA:130,89
DA:131,35
DA:136,54
DA:138,54
DA:139,51
DA:140,30
DA:141,10
DA:142,10
DA:143,10
DA:146,20
DA:147,20
DA:148,20
DA:151,21
DA:152,18
DA:153,6
DA:154,6
DA:155,6
DA:159,12
DA:160,12
DA:161,12
DA:164,3
DA:169,3
DA:170,2
DA:171,2
DA:172,2
DA:175,1
DA:176,1
DA:177,1
DA:181,0
DA:183,0
DA:186,0
DA:189,3
DA:190,3
DA:191,3
DA:192,3
DA:195,0
DA:198,54
DA:204,1
DA:205,72
DA:207,72
DA:208,72
DA:209,72
DA:211,72
DA:214,72
DA:215,72
DA:216,12
DA:219,72
DA:220,72
DA:224,1
DA:225,144
DA:228,144
DA:229,144
DA:231,144
DA:234,1
LF:111
LH:98
BRDA:32,1,0,4
BRDA:32,1,1,107
BRDA:33,2,0,2
BRDA:33,2,1,2
BRDA:70,3,0,89
BRDA:70,3,1,18
BRDA:78,4,0,8
BRDA:78,4,1,10
BRDA:79,5,0,2
BRDA:79,5,1,6
BRDA:90,6,0,10
BRDA:90,6,1,0
BRDA:91,7,0,10
BRDA:91,7,1,0
BRDA:92,8,0,0
BRDA:92,8,1,10
BRDA:110,9,0,0
BRDA:110,9,1,0
BRDA:130,10,0,35
BRDA:130,10,1,54
BRDA:138,11,0,51
BRDA:138,11,1,3
BRDA:139,12,0,30
BRDA:139,12,1,21
BRDA:140,13,0,10
BRDA:140,13,1,20
BRDA:151,14,0,18
BRDA:151,14,1,3
BRDA:152,15,0,6
BRDA:152,15,1,12
BRDA:164,16,0,3
BRDA:164,16,1,0
BRDA:169,17,0,2
BRDA:169,17,1,1
BRDA:181,18,0,0
BRDA:181,18,1,0
BRDA:189,19,0,3
BRDA:189,19,1,0
BRDA:215,20,0,12
BRDA:215,20,1,60
BRDA:215,21,0,72
BRDA:215,21,1,12
BRDA:215,21,2,6
BRDA:225,22,0,92
BRDA:225,22,1,52
BRF:45
BRH:36
end_of_record
TN:
SF:/Users/nitintulswani/Desktop/mathsteps/lib/Symbols.js
FN:8,(anonymous_1)
FN:16,(anonymous_2)
FN:26,(anonymous_3)
FN:50,(anonymous_4)
FN:67,isSymbolTerm
FNF:5
FNH:5
FNDA:174,(anonymous_1)
FNDA:348,(anonymous_2)
FNDA:329,(anonymous_3)
FNDA:89,(anonymous_4)
FNDA:644,isSymbolTerm
DA:3,1
DA:5,1
DA:8,1
DA:9,174
DA:10,174
DA:11,174
DA:12,174
DA:16,1
DA:17,1460
DA:18,348
DA:19,348
DA:20,348
DA:26,1
DA:28,329
DA:29,79
DA:33,250
DA:34,81
DA:35,181
DA:36,181
DA:37,66
DA:41,184
DA:50,1
DA:51,89
DA:52,57
DA:54,32
DA:55,32
DA:56,45
DA:57,45
DA:58,30
DA:63,2
DA:67,1
DA:68,644
DA:69,231
DA:70,231
DA:71,217
DA:74,427
DA:77,1
LF:37
LH:37
BRDA:28,1,0,79
BRDA:28,1,1,250
BRDA:33,2,0,81
BRDA:33,2,1,169
BRDA:36,3,0,66
BRDA:36,3,1,115
BRDA:51,4,0,57
BRDA:51,4,1,32
BRDA:54,5,0,32
BRDA:54,5,1,0
BRDA:57,6,0,30
BRDA:57,6,1,15
BRDA:68,7,0,231
BRDA:68,7,1,413
BRDA:70,8,0,217
BRDA:70,8,1,14
BRF:16
BRH:15
end_of_record
